{"/home/uba/Mili.osmosis (1)/Mili/server/app-backup-file-based.js": {"path":"/home/uba/Mili.osmosis (1)/Mili/server/app-backup-file-based.js","statementMap":{"0":{"start":{"line":1,"column":16},"end":{"line":1,"column":34}},"1":{"start":{"line":2,"column":13},"end":{"line":2,"column":28}},"2":{"start":{"line":3,"column":13},"end":{"line":3,"column":28}},"3":{"start":{"line":4,"column":11},"end":{"line":4,"column":24}},"4":{"start":{"line":5,"column":17},"end":{"line":5,"column":36}},"5":{"start":{"line":6,"column":0},"end":{"line":6,"column":27}},"6":{"start":{"line":8,"column":12},"end":{"line":8,"column":21}},"7":{"start":{"line":9,"column":13},"end":{"line":9,"column":37}},"8":{"start":{"line":16,"column":20},"end":{"line":16,"column":86}},"9":{"start":{"line":19,"column":23},"end":{"line":34,"column":1}},"10":{"start":{"line":20,"column":2},"end":{"line":33,"column":3}},"11":{"start":{"line":21,"column":4},"end":{"line":26,"column":7}},"12":{"start":{"line":27,"column":4},"end":{"line":27,"column":52}},"13":{"start":{"line":28,"column":4},"end":{"line":28,"column":68}},"14":{"start":{"line":29,"column":4},"end":{"line":29,"column":16}},"15":{"start":{"line":32,"column":4},"end":{"line":32,"column":17}},"16":{"start":{"line":37,"column":0},"end":{"line":41,"column":3}},"17":{"start":{"line":46,"column":19},"end":{"line":46,"column":53}},"18":{"start":{"line":50,"column":2},"end":{"line":67,"column":3}},"19":{"start":{"line":51,"column":4},"end":{"line":56,"column":5}},"20":{"start":{"line":52,"column":19},"end":{"line":52,"column":54}},"21":{"start":{"line":53,"column":21},"end":{"line":53,"column":37}},"22":{"start":{"line":54,"column":6},"end":{"line":54,"column":78}},"23":{"start":{"line":55,"column":6},"end":{"line":55,"column":20}},"24":{"start":{"line":57,"column":4},"end":{"line":57,"column":65}},"25":{"start":{"line":58,"column":24},"end":{"line":61,"column":5}},"26":{"start":{"line":62,"column":4},"end":{"line":62,"column":71}},"27":{"start":{"line":63,"column":4},"end":{"line":63,"column":23}},"28":{"start":{"line":65,"column":4},"end":{"line":65,"column":59}},"29":{"start":{"line":66,"column":4},"end":{"line":66,"column":40}},"30":{"start":{"line":72,"column":2},"end":{"line":77,"column":3}},"31":{"start":{"line":73,"column":4},"end":{"line":73,"column":64}},"32":{"start":{"line":74,"column":4},"end":{"line":74,"column":42}},"33":{"start":{"line":76,"column":4},"end":{"line":76,"column":58}},"34":{"start":{"line":81,"column":17},"end":{"line":81,"column":28}},"35":{"start":{"line":82,"column":16},"end":{"line":82,"column":24}},"36":{"start":{"line":83,"column":21},"end":{"line":83,"column":29}},"37":{"start":{"line":91,"column":0},"end":{"line":95,"column":4}},"38":{"start":{"line":96,"column":0},"end":{"line":96,"column":24}},"39":{"start":{"line":97,"column":0},"end":{"line":97,"column":48}},"40":{"start":{"line":98,"column":0},"end":{"line":98,"column":56}},"41":{"start":{"line":100,"column":0},"end":{"line":100,"column":70}},"42":{"start":{"line":102,"column":0},"end":{"line":102,"column":74}},"43":{"start":{"line":104,"column":0},"end":{"line":104,"column":68}},"44":{"start":{"line":107,"column":0},"end":{"line":109,"column":3}},"45":{"start":{"line":108,"column":2},"end":{"line":108,"column":64}},"46":{"start":{"line":111,"column":0},"end":{"line":113,"column":3}},"47":{"start":{"line":112,"column":2},"end":{"line":112,"column":73}},"48":{"start":{"line":115,"column":0},"end":{"line":117,"column":3}},"49":{"start":{"line":116,"column":2},"end":{"line":116,"column":73}},"50":{"start":{"line":119,"column":0},"end":{"line":121,"column":3}},"51":{"start":{"line":120,"column":2},"end":{"line":120,"column":74}},"52":{"start":{"line":123,"column":0},"end":{"line":125,"column":3}},"53":{"start":{"line":124,"column":2},"end":{"line":124,"column":74}},"54":{"start":{"line":127,"column":0},"end":{"line":129,"column":3}},"55":{"start":{"line":128,"column":2},"end":{"line":128,"column":70}},"56":{"start":{"line":131,"column":0},"end":{"line":133,"column":3}},"57":{"start":{"line":132,"column":2},"end":{"line":132,"column":70}},"58":{"start":{"line":135,"column":0},"end":{"line":137,"column":3}},"59":{"start":{"line":136,"column":2},"end":{"line":136,"column":70}},"60":{"start":{"line":139,"column":0},"end":{"line":141,"column":3}},"61":{"start":{"line":140,"column":2},"end":{"line":140,"column":70}},"62":{"start":{"line":145,"column":0},"end":{"line":252,"column":3}},"63":{"start":{"line":146,"column":2},"end":{"line":251,"column":3}},"64":{"start":{"line":147,"column":4},"end":{"line":147,"column":94}},"65":{"start":{"line":162,"column":8},"end":{"line":162,"column":16}},"66":{"start":{"line":165,"column":4},"end":{"line":170,"column":5}},"67":{"start":{"line":166,"column":6},"end":{"line":168,"column":9}},"68":{"start":{"line":169,"column":6},"end":{"line":169,"column":127}},"69":{"start":{"line":173,"column":30},"end":{"line":173,"column":47}},"70":{"start":{"line":174,"column":25},"end":{"line":174,"column":37}},"71":{"start":{"line":175,"column":28},"end":{"line":175,"column":43}},"72":{"start":{"line":177,"column":4},"end":{"line":179,"column":7}},"73":{"start":{"line":182,"column":4},"end":{"line":185,"column":5}},"74":{"start":{"line":183,"column":6},"end":{"line":183,"column":70}},"75":{"start":{"line":184,"column":6},"end":{"line":184,"column":91}},"76":{"start":{"line":188,"column":25},"end":{"line":189,"column":81}},"77":{"start":{"line":188,"column":43},"end":{"line":189,"column":80}},"78":{"start":{"line":190,"column":4},"end":{"line":193,"column":5}},"79":{"start":{"line":191,"column":6},"end":{"line":191,"column":140}},"80":{"start":{"line":192,"column":6},"end":{"line":192,"column":115}},"81":{"start":{"line":196,"column":20},"end":{"line":212,"column":5}},"82":{"start":{"line":215,"column":4},"end":{"line":215,"column":24}},"83":{"start":{"line":218,"column":23},"end":{"line":218,"column":79}},"84":{"start":{"line":219,"column":4},"end":{"line":219,"column":26}},"85":{"start":{"line":222,"column":4},"end":{"line":222,"column":69}},"86":{"start":{"line":223,"column":4},"end":{"line":225,"column":9}},"87":{"start":{"line":223,"column":62},"end":{"line":225,"column":5}},"88":{"start":{"line":227,"column":4},"end":{"line":233,"column":7}},"89":{"start":{"line":234,"column":4},"end":{"line":234,"column":119}},"90":{"start":{"line":234,"column":61},"end":{"line":234,"column":115}},"91":{"start":{"line":236,"column":4},"end":{"line":246,"column":7}},"92":{"start":{"line":248,"column":4},"end":{"line":248,"column":50}},"93":{"start":{"line":249,"column":4},"end":{"line":249,"column":47}},"94":{"start":{"line":250,"column":4},"end":{"line":250,"column":100}},"95":{"start":{"line":255,"column":0},"end":{"line":292,"column":3}},"96":{"start":{"line":256,"column":2},"end":{"line":291,"column":3}},"97":{"start":{"line":257,"column":35},"end":{"line":257,"column":43}},"98":{"start":{"line":260,"column":4},"end":{"line":262,"column":5}},"99":{"start":{"line":261,"column":6},"end":{"line":261,"column":72}},"100":{"start":{"line":279,"column":4},"end":{"line":279,"column":55}},"101":{"start":{"line":280,"column":4},"end":{"line":280,"column":38}},"102":{"start":{"line":281,"column":4},"end":{"line":281,"column":38}},"103":{"start":{"line":282,"column":4},"end":{"line":282,"column":36}},"104":{"start":{"line":284,"column":4},"end":{"line":288,"column":7}},"105":{"start":{"line":290,"column":4},"end":{"line":290,"column":79}},"106":{"start":{"line":295,"column":0},"end":{"line":308,"column":3}},"107":{"start":{"line":296,"column":2},"end":{"line":307,"column":3}},"108":{"start":{"line":297,"column":33},"end":{"line":297,"column":41}},"109":{"start":{"line":300,"column":4},"end":{"line":302,"column":5}},"110":{"start":{"line":301,"column":6},"end":{"line":301,"column":74}},"111":{"start":{"line":304,"column":4},"end":{"line":304,"column":81}},"112":{"start":{"line":306,"column":4},"end":{"line":306,"column":66}},"113":{"start":{"line":311,"column":0},"end":{"line":366,"column":3}},"114":{"start":{"line":312,"column":2},"end":{"line":365,"column":3}},"115":{"start":{"line":313,"column":65},"end":{"line":313,"column":73}},"116":{"start":{"line":316,"column":23},"end":{"line":316,"column":64}},"117":{"start":{"line":317,"column":21},"end":{"line":317,"column":38}},"118":{"start":{"line":319,"column":4},"end":{"line":319,"column":101}},"119":{"start":{"line":320,"column":4},"end":{"line":320,"column":61}},"120":{"start":{"line":321,"column":4},"end":{"line":321,"column":110}},"121":{"start":{"line":321,"column":52},"end":{"line":321,"column":106}},"122":{"start":{"line":324,"column":4},"end":{"line":326,"column":5}},"123":{"start":{"line":325,"column":6},"end":{"line":325,"column":91}},"124":{"start":{"line":329,"column":17},"end":{"line":329,"column":63}},"125":{"start":{"line":329,"column":35},"end":{"line":329,"column":62}},"126":{"start":{"line":331,"column":4},"end":{"line":334,"column":5}},"127":{"start":{"line":332,"column":6},"end":{"line":332,"column":68}},"128":{"start":{"line":333,"column":6},"end":{"line":333,"column":102}},"129":{"start":{"line":336,"column":4},"end":{"line":336,"column":91}},"130":{"start":{"line":337,"column":4},"end":{"line":337,"column":65}},"131":{"start":{"line":341,"column":4},"end":{"line":341,"column":56}},"132":{"start":{"line":343,"column":4},"end":{"line":361,"column":7}},"133":{"start":{"line":363,"column":4},"end":{"line":363,"column":43}},"134":{"start":{"line":364,"column":4},"end":{"line":364,"column":75}},"135":{"start":{"line":369,"column":0},"end":{"line":384,"column":3}},"136":{"start":{"line":370,"column":2},"end":{"line":383,"column":3}},"137":{"start":{"line":371,"column":22},"end":{"line":371,"column":30}},"138":{"start":{"line":374,"column":4},"end":{"line":374,"column":47}},"139":{"start":{"line":376,"column":4},"end":{"line":380,"column":7}},"140":{"start":{"line":382,"column":4},"end":{"line":382,"column":65}},"141":{"start":{"line":387,"column":0},"end":{"line":399,"column":3}},"142":{"start":{"line":388,"column":2},"end":{"line":398,"column":3}},"143":{"start":{"line":389,"column":17},"end":{"line":389,"column":74}},"144":{"start":{"line":389,"column":35},"end":{"line":389,"column":73}},"145":{"start":{"line":391,"column":4},"end":{"line":393,"column":5}},"146":{"start":{"line":392,"column":6},"end":{"line":392,"column":63}},"147":{"start":{"line":395,"column":4},"end":{"line":395,"column":26}},"148":{"start":{"line":397,"column":4},"end":{"line":397,"column":75}},"149":{"start":{"line":402,"column":0},"end":{"line":431,"column":3}},"150":{"start":{"line":403,"column":2},"end":{"line":430,"column":3}},"151":{"start":{"line":404,"column":40},"end":{"line":404,"column":48}},"152":{"start":{"line":406,"column":4},"end":{"line":406,"column":62}},"153":{"start":{"line":409,"column":17},"end":{"line":409,"column":63}},"154":{"start":{"line":409,"column":35},"end":{"line":409,"column":62}},"155":{"start":{"line":411,"column":4},"end":{"line":413,"column":5}},"156":{"start":{"line":412,"column":6},"end":{"line":412,"column":79}},"157":{"start":{"line":416,"column":4},"end":{"line":416,"column":32}},"158":{"start":{"line":419,"column":4},"end":{"line":419,"column":37}},"159":{"start":{"line":421,"column":4},"end":{"line":421,"column":71}},"160":{"start":{"line":423,"column":4},"end":{"line":426,"column":7}},"161":{"start":{"line":428,"column":4},"end":{"line":428,"column":52}},"162":{"start":{"line":429,"column":4},"end":{"line":429,"column":87}},"163":{"start":{"line":434,"column":0},"end":{"line":456,"column":3}},"164":{"start":{"line":435,"column":2},"end":{"line":455,"column":3}},"165":{"start":{"line":436,"column":17},"end":{"line":436,"column":74}},"166":{"start":{"line":436,"column":35},"end":{"line":436,"column":73}},"167":{"start":{"line":438,"column":4},"end":{"line":440,"column":5}},"168":{"start":{"line":439,"column":6},"end":{"line":439,"column":63}},"169":{"start":{"line":443,"column":4},"end":{"line":443,"column":34}},"170":{"start":{"line":446,"column":4},"end":{"line":446,"column":37}},"171":{"start":{"line":448,"column":4},"end":{"line":452,"column":7}},"172":{"start":{"line":454,"column":4},"end":{"line":454,"column":71}},"173":{"start":{"line":459,"column":0},"end":{"line":498,"column":3}},"174":{"start":{"line":460,"column":2},"end":{"line":497,"column":3}},"175":{"start":{"line":461,"column":17},"end":{"line":461,"column":74}},"176":{"start":{"line":461,"column":35},"end":{"line":461,"column":73}},"177":{"start":{"line":463,"column":4},"end":{"line":465,"column":5}},"178":{"start":{"line":464,"column":6},"end":{"line":464,"column":63}},"179":{"start":{"line":467,"column":35},"end":{"line":467,"column":43}},"180":{"start":{"line":469,"column":4},"end":{"line":471,"column":5}},"181":{"start":{"line":470,"column":6},"end":{"line":470,"column":93}},"182":{"start":{"line":473,"column":22},"end":{"line":477,"column":5}},"183":{"start":{"line":479,"column":4},"end":{"line":481,"column":5}},"184":{"start":{"line":480,"column":6},"end":{"line":480,"column":27}},"185":{"start":{"line":483,"column":4},"end":{"line":483,"column":36}},"186":{"start":{"line":486,"column":4},"end":{"line":486,"column":37}},"187":{"start":{"line":488,"column":4},"end":{"line":488,"column":70}},"188":{"start":{"line":490,"column":4},"end":{"line":494,"column":7}},"189":{"start":{"line":496,"column":4},"end":{"line":496,"column":70}},"190":{"start":{"line":501,"column":0},"end":{"line":530,"column":3}},"191":{"start":{"line":502,"column":2},"end":{"line":529,"column":3}},"192":{"start":{"line":503,"column":17},"end":{"line":503,"column":74}},"193":{"start":{"line":503,"column":35},"end":{"line":503,"column":73}},"194":{"start":{"line":505,"column":4},"end":{"line":507,"column":5}},"195":{"start":{"line":506,"column":6},"end":{"line":506,"column":63}},"196":{"start":{"line":509,"column":18},"end":{"line":509,"column":57}},"197":{"start":{"line":511,"column":4},"end":{"line":513,"column":5}},"198":{"start":{"line":512,"column":6},"end":{"line":512,"column":72}},"199":{"start":{"line":515,"column":29},"end":{"line":515,"column":61}},"200":{"start":{"line":518,"column":4},"end":{"line":518,"column":37}},"201":{"start":{"line":520,"column":4},"end":{"line":520,"column":72}},"202":{"start":{"line":522,"column":4},"end":{"line":526,"column":7}},"203":{"start":{"line":528,"column":4},"end":{"line":528,"column":73}},"204":{"start":{"line":533,"column":0},"end":{"line":556,"column":3}},"205":{"start":{"line":534,"column":2},"end":{"line":555,"column":3}},"206":{"start":{"line":535,"column":17},"end":{"line":535,"column":74}},"207":{"start":{"line":535,"column":35},"end":{"line":535,"column":73}},"208":{"start":{"line":537,"column":4},"end":{"line":539,"column":5}},"209":{"start":{"line":538,"column":6},"end":{"line":538,"column":63}},"210":{"start":{"line":541,"column":4},"end":{"line":541,"column":34}},"211":{"start":{"line":544,"column":4},"end":{"line":544,"column":37}},"212":{"start":{"line":546,"column":4},"end":{"line":546,"column":69}},"213":{"start":{"line":548,"column":4},"end":{"line":552,"column":7}},"214":{"start":{"line":554,"column":4},"end":{"line":554,"column":70}},"215":{"start":{"line":559,"column":0},"end":{"line":585,"column":3}},"216":{"start":{"line":560,"column":2},"end":{"line":584,"column":3}},"217":{"start":{"line":561,"column":17},"end":{"line":561,"column":74}},"218":{"start":{"line":561,"column":35},"end":{"line":561,"column":73}},"219":{"start":{"line":563,"column":4},"end":{"line":565,"column":5}},"220":{"start":{"line":564,"column":6},"end":{"line":564,"column":63}},"221":{"start":{"line":567,"column":23},"end":{"line":567,"column":31}},"222":{"start":{"line":568,"column":4},"end":{"line":568,"column":34}},"223":{"start":{"line":569,"column":4},"end":{"line":569,"column":39}},"224":{"start":{"line":572,"column":4},"end":{"line":572,"column":37}},"225":{"start":{"line":574,"column":4},"end":{"line":574,"column":88}},"226":{"start":{"line":576,"column":4},"end":{"line":581,"column":7}},"227":{"start":{"line":583,"column":4},"end":{"line":583,"column":69}},"228":{"start":{"line":588,"column":0},"end":{"line":608,"column":3}},"229":{"start":{"line":589,"column":2},"end":{"line":607,"column":3}},"230":{"start":{"line":591,"column":22},"end":{"line":591,"column":33}},"231":{"start":{"line":592,"column":4},"end":{"line":592,"column":28}},"232":{"start":{"line":593,"column":4},"end":{"line":593,"column":38}},"233":{"start":{"line":595,"column":4},"end":{"line":595,"column":47}},"234":{"start":{"line":596,"column":4},"end":{"line":596,"column":55}},"235":{"start":{"line":597,"column":4},"end":{"line":597,"column":59}},"236":{"start":{"line":598,"column":4},"end":{"line":600,"column":9}},"237":{"start":{"line":598,"column":52},"end":{"line":600,"column":5}},"238":{"start":{"line":603,"column":4},"end":{"line":603,"column":20}},"239":{"start":{"line":605,"column":4},"end":{"line":605,"column":52}},"240":{"start":{"line":606,"column":4},"end":{"line":606,"column":61}},"241":{"start":{"line":611,"column":0},"end":{"line":641,"column":3}},"242":{"start":{"line":612,"column":2},"end":{"line":640,"column":3}},"243":{"start":{"line":613,"column":27},"end":{"line":613,"column":37}},"244":{"start":{"line":616,"column":18},"end":{"line":616,"column":69}},"245":{"start":{"line":616,"column":41},"end":{"line":616,"column":68}},"246":{"start":{"line":618,"column":4},"end":{"line":620,"column":5}},"247":{"start":{"line":619,"column":6},"end":{"line":619,"column":63}},"248":{"start":{"line":622,"column":24},"end":{"line":622,"column":49}},"249":{"start":{"line":625,"column":4},"end":{"line":625,"column":37}},"250":{"start":{"line":627,"column":4},"end":{"line":627,"column":59}},"251":{"start":{"line":629,"column":4},"end":{"line":637,"column":7}},"252":{"start":{"line":639,"column":4},"end":{"line":639,"column":68}},"253":{"start":{"line":644,"column":0},"end":{"line":655,"column":3}},"254":{"start":{"line":645,"column":2},"end":{"line":654,"column":3}},"255":{"start":{"line":646,"column":23},"end":{"line":646,"column":31}},"256":{"start":{"line":648,"column":4},"end":{"line":651,"column":7}},"257":{"start":{"line":653,"column":4},"end":{"line":653,"column":63}},"258":{"start":{"line":658,"column":0},"end":{"line":672,"column":3}},"259":{"start":{"line":659,"column":2},"end":{"line":671,"column":3}},"260":{"start":{"line":660,"column":28},"end":{"line":660,"column":36}},"261":{"start":{"line":663,"column":4},"end":{"line":663,"column":59}},"262":{"start":{"line":665,"column":4},"end":{"line":668,"column":7}},"263":{"start":{"line":670,"column":4},"end":{"line":670,"column":60}},"264":{"start":{"line":675,"column":0},"end":{"line":687,"column":3}},"265":{"start":{"line":676,"column":2},"end":{"line":686,"column":3}},"266":{"start":{"line":680,"column":4},"end":{"line":683,"column":7}},"267":{"start":{"line":685,"column":4},"end":{"line":685,"column":63}},"268":{"start":{"line":690,"column":0},"end":{"line":701,"column":3}},"269":{"start":{"line":691,"column":2},"end":{"line":700,"column":3}},"270":{"start":{"line":694,"column":4},"end":{"line":697,"column":7}},"271":{"start":{"line":699,"column":4},"end":{"line":699,"column":75}},"272":{"start":{"line":704,"column":0},"end":{"line":707,"column":3}},"273":{"start":{"line":705,"column":2},"end":{"line":705,"column":27}},"274":{"start":{"line":706,"column":2},"end":{"line":706,"column":59}},"275":{"start":{"line":710,"column":0},"end":{"line":712,"column":3}},"276":{"start":{"line":711,"column":2},"end":{"line":711,"column":53}},"277":{"start":{"line":714,"column":0},"end":{"line":733,"column":3}},"278":{"start":{"line":715,"column":2},"end":{"line":715,"column":18}},"279":{"start":{"line":716,"column":2},"end":{"line":716,"column":80}},"280":{"start":{"line":717,"column":2},"end":{"line":717,"column":80}},"281":{"start":{"line":718,"column":2},"end":{"line":718,"column":80}},"282":{"start":{"line":719,"column":2},"end":{"line":719,"column":79}},"283":{"start":{"line":720,"column":2},"end":{"line":720,"column":80}},"284":{"start":{"line":721,"column":2},"end":{"line":721,"column":80}},"285":{"start":{"line":722,"column":2},"end":{"line":722,"column":18}},"286":{"start":{"line":723,"column":2},"end":{"line":723,"column":34}},"287":{"start":{"line":724,"column":2},"end":{"line":724,"column":61}},"288":{"start":{"line":725,"column":2},"end":{"line":725,"column":54}},"289":{"start":{"line":726,"column":2},"end":{"line":726,"column":18}},"290":{"start":{"line":727,"column":2},"end":{"line":727,"column":33}},"291":{"start":{"line":728,"column":2},"end":{"line":728,"column":48}},"292":{"start":{"line":729,"column":2},"end":{"line":729,"column":48}},"293":{"start":{"line":730,"column":2},"end":{"line":730,"column":18}},"294":{"start":{"line":731,"column":2},"end":{"line":731,"column":64}},"295":{"start":{"line":732,"column":2},"end":{"line":732,"column":18}}},"fnMap":{"0":{"name":"(anonymous_0)","decl":{"start":{"line":19,"column":23},"end":{"line":19,"column":24}},"loc":{"start":{"line":19,"column":35},"end":{"line":34,"column":1}},"line":19},"1":{"name":"(anonymous_1)","decl":{"start":{"line":37,"column":22},"end":{"line":37,"column":23}},"loc":{"start":{"line":37,"column":36},"end":{"line":39,"column":1}},"line":37},"2":{"name":"(anonymous_2)","decl":{"start":{"line":39,"column":9},"end":{"line":39,"column":10}},"loc":{"start":{"line":39,"column":15},"end":{"line":41,"column":1}},"line":39},"3":{"name":"loadUsers","decl":{"start":{"line":49,"column":9},"end":{"line":49,"column":18}},"loc":{"start":{"line":49,"column":21},"end":{"line":68,"column":1}},"line":49},"4":{"name":"saveUsers","decl":{"start":{"line":71,"column":9},"end":{"line":71,"column":18}},"loc":{"start":{"line":71,"column":25},"end":{"line":78,"column":1}},"line":71},"5":{"name":"(anonymous_5)","decl":{"start":{"line":107,"column":13},"end":{"line":107,"column":14}},"loc":{"start":{"line":107,"column":27},"end":{"line":109,"column":1}},"line":107},"6":{"name":"(anonymous_6)","decl":{"start":{"line":111,"column":27},"end":{"line":111,"column":28}},"loc":{"start":{"line":111,"column":41},"end":{"line":113,"column":1}},"line":111},"7":{"name":"(anonymous_7)","decl":{"start":{"line":115,"column":32},"end":{"line":115,"column":33}},"loc":{"start":{"line":115,"column":46},"end":{"line":117,"column":1}},"line":115},"8":{"name":"(anonymous_8)","decl":{"start":{"line":119,"column":28},"end":{"line":119,"column":29}},"loc":{"start":{"line":119,"column":42},"end":{"line":121,"column":1}},"line":119},"9":{"name":"(anonymous_9)","decl":{"start":{"line":123,"column":33},"end":{"line":123,"column":34}},"loc":{"start":{"line":123,"column":47},"end":{"line":125,"column":1}},"line":123},"10":{"name":"(anonymous_10)","decl":{"start":{"line":127,"column":24},"end":{"line":127,"column":25}},"loc":{"start":{"line":127,"column":38},"end":{"line":129,"column":1}},"line":127},"11":{"name":"(anonymous_11)","decl":{"start":{"line":131,"column":29},"end":{"line":131,"column":30}},"loc":{"start":{"line":131,"column":43},"end":{"line":133,"column":1}},"line":131},"12":{"name":"(anonymous_12)","decl":{"start":{"line":135,"column":24},"end":{"line":135,"column":25}},"loc":{"start":{"line":135,"column":38},"end":{"line":137,"column":1}},"line":135},"13":{"name":"(anonymous_13)","decl":{"start":{"line":139,"column":29},"end":{"line":139,"column":30}},"loc":{"start":{"line":139,"column":43},"end":{"line":141,"column":1}},"line":139},"14":{"name":"(anonymous_14)","decl":{"start":{"line":145,"column":31},"end":{"line":145,"column":32}},"loc":{"start":{"line":145,"column":45},"end":{"line":252,"column":1}},"line":145},"15":{"name":"(anonymous_15)","decl":{"start":{"line":188,"column":36},"end":{"line":188,"column":37}},"loc":{"start":{"line":188,"column":43},"end":{"line":189,"column":80}},"line":188},"16":{"name":"(anonymous_16)","decl":{"start":{"line":223,"column":54},"end":{"line":223,"column":55}},"loc":{"start":{"line":223,"column":62},"end":{"line":225,"column":5}},"line":223},"17":{"name":"(anonymous_17)","decl":{"start":{"line":234,"column":53},"end":{"line":234,"column":54}},"loc":{"start":{"line":234,"column":61},"end":{"line":234,"column":115}},"line":234},"18":{"name":"(anonymous_18)","decl":{"start":{"line":255,"column":45},"end":{"line":255,"column":46}},"loc":{"start":{"line":255,"column":59},"end":{"line":292,"column":1}},"line":255},"19":{"name":"(anonymous_19)","decl":{"start":{"line":295,"column":29},"end":{"line":295,"column":30}},"loc":{"start":{"line":295,"column":43},"end":{"line":308,"column":1}},"line":295},"20":{"name":"(anonymous_20)","decl":{"start":{"line":311,"column":28},"end":{"line":311,"column":29}},"loc":{"start":{"line":311,"column":42},"end":{"line":366,"column":1}},"line":311},"21":{"name":"(anonymous_21)","decl":{"start":{"line":321,"column":44},"end":{"line":321,"column":45}},"loc":{"start":{"line":321,"column":52},"end":{"line":321,"column":106}},"line":321},"22":{"name":"(anonymous_22)","decl":{"start":{"line":329,"column":28},"end":{"line":329,"column":29}},"loc":{"start":{"line":329,"column":35},"end":{"line":329,"column":62}},"line":329},"23":{"name":"(anonymous_23)","decl":{"start":{"line":369,"column":34},"end":{"line":369,"column":35}},"loc":{"start":{"line":369,"column":48},"end":{"line":384,"column":1}},"line":369},"24":{"name":"(anonymous_24)","decl":{"start":{"line":387,"column":33},"end":{"line":387,"column":34}},"loc":{"start":{"line":387,"column":47},"end":{"line":399,"column":1}},"line":387},"25":{"name":"(anonymous_25)","decl":{"start":{"line":389,"column":28},"end":{"line":389,"column":29}},"loc":{"start":{"line":389,"column":35},"end":{"line":389,"column":73}},"line":389},"26":{"name":"(anonymous_26)","decl":{"start":{"line":402,"column":49},"end":{"line":402,"column":50}},"loc":{"start":{"line":402,"column":63},"end":{"line":431,"column":1}},"line":402},"27":{"name":"(anonymous_27)","decl":{"start":{"line":409,"column":28},"end":{"line":409,"column":29}},"loc":{"start":{"line":409,"column":35},"end":{"line":409,"column":62}},"line":409},"28":{"name":"(anonymous_28)","decl":{"start":{"line":434,"column":33},"end":{"line":434,"column":34}},"loc":{"start":{"line":434,"column":47},"end":{"line":456,"column":1}},"line":434},"29":{"name":"(anonymous_29)","decl":{"start":{"line":436,"column":28},"end":{"line":436,"column":29}},"loc":{"start":{"line":436,"column":35},"end":{"line":436,"column":73}},"line":436},"30":{"name":"(anonymous_30)","decl":{"start":{"line":459,"column":44},"end":{"line":459,"column":45}},"loc":{"start":{"line":459,"column":58},"end":{"line":498,"column":1}},"line":459},"31":{"name":"(anonymous_31)","decl":{"start":{"line":461,"column":28},"end":{"line":461,"column":29}},"loc":{"start":{"line":461,"column":35},"end":{"line":461,"column":73}},"line":461},"32":{"name":"(anonymous_32)","decl":{"start":{"line":501,"column":62},"end":{"line":501,"column":63}},"loc":{"start":{"line":501,"column":76},"end":{"line":530,"column":1}},"line":501},"33":{"name":"(anonymous_33)","decl":{"start":{"line":503,"column":28},"end":{"line":503,"column":29}},"loc":{"start":{"line":503,"column":35},"end":{"line":503,"column":73}},"line":503},"34":{"name":"(anonymous_34)","decl":{"start":{"line":533,"column":48},"end":{"line":533,"column":49}},"loc":{"start":{"line":533,"column":62},"end":{"line":556,"column":1}},"line":533},"35":{"name":"(anonymous_35)","decl":{"start":{"line":535,"column":28},"end":{"line":535,"column":29}},"loc":{"start":{"line":535,"column":35},"end":{"line":535,"column":73}},"line":535},"36":{"name":"(anonymous_36)","decl":{"start":{"line":559,"column":47},"end":{"line":559,"column":48}},"loc":{"start":{"line":559,"column":61},"end":{"line":585,"column":1}},"line":559},"37":{"name":"(anonymous_37)","decl":{"start":{"line":561,"column":28},"end":{"line":561,"column":29}},"loc":{"start":{"line":561,"column":35},"end":{"line":561,"column":73}},"line":561},"38":{"name":"(anonymous_38)","decl":{"start":{"line":588,"column":28},"end":{"line":588,"column":29}},"loc":{"start":{"line":588,"column":42},"end":{"line":608,"column":1}},"line":588},"39":{"name":"(anonymous_39)","decl":{"start":{"line":598,"column":44},"end":{"line":598,"column":45}},"loc":{"start":{"line":598,"column":52},"end":{"line":600,"column":5}},"line":598},"40":{"name":"(anonymous_40)","decl":{"start":{"line":611,"column":42},"end":{"line":611,"column":43}},"loc":{"start":{"line":611,"column":56},"end":{"line":641,"column":1}},"line":611},"41":{"name":"(anonymous_41)","decl":{"start":{"line":616,"column":34},"end":{"line":616,"column":35}},"loc":{"start":{"line":616,"column":41},"end":{"line":616,"column":68}},"line":616},"42":{"name":"(anonymous_42)","decl":{"start":{"line":644,"column":42},"end":{"line":644,"column":43}},"loc":{"start":{"line":644,"column":56},"end":{"line":655,"column":1}},"line":644},"43":{"name":"(anonymous_43)","decl":{"start":{"line":658,"column":29},"end":{"line":658,"column":30}},"loc":{"start":{"line":658,"column":43},"end":{"line":672,"column":1}},"line":658},"44":{"name":"(anonymous_44)","decl":{"start":{"line":675,"column":34},"end":{"line":675,"column":35}},"loc":{"start":{"line":675,"column":48},"end":{"line":687,"column":1}},"line":675},"45":{"name":"(anonymous_45)","decl":{"start":{"line":690,"column":37},"end":{"line":690,"column":38}},"loc":{"start":{"line":690,"column":51},"end":{"line":701,"column":1}},"line":690},"46":{"name":"(anonymous_46)","decl":{"start":{"line":704,"column":8},"end":{"line":704,"column":9}},"loc":{"start":{"line":704,"column":34},"end":{"line":707,"column":1}},"line":704},"47":{"name":"(anonymous_47)","decl":{"start":{"line":710,"column":8},"end":{"line":710,"column":9}},"loc":{"start":{"line":710,"column":22},"end":{"line":712,"column":1}},"line":710},"48":{"name":"(anonymous_48)","decl":{"start":{"line":714,"column":28},"end":{"line":714,"column":29}},"loc":{"start":{"line":714,"column":34},"end":{"line":733,"column":1}},"line":714}},"branchMap":{"0":{"loc":{"start":{"line":9,"column":13},"end":{"line":9,"column":37}},"type":"binary-expr","locations":[{"start":{"line":9,"column":13},"end":{"line":9,"column":29}},{"start":{"line":9,"column":33},"end":{"line":9,"column":37}}],"line":9},"1":{"loc":{"start":{"line":16,"column":20},"end":{"line":16,"column":86}},"type":"binary-expr","locations":[{"start":{"line":16,"column":20},"end":{"line":16,"column":43}},{"start":{"line":16,"column":47},"end":{"line":16,"column":86}}],"line":16},"2":{"loc":{"start":{"line":51,"column":4},"end":{"line":56,"column":5}},"type":"if","locations":[{"start":{"line":51,"column":4},"end":{"line":56,"column":5}},{"start":{},"end":{}}],"line":51},"3":{"loc":{"start":{"line":165,"column":4},"end":{"line":170,"column":5}},"type":"if","locations":[{"start":{"line":165,"column":4},"end":{"line":170,"column":5}},{"start":{},"end":{}}],"line":165},"4":{"loc":{"start":{"line":165,"column":8},"end":{"line":165,"column":55}},"type":"binary-expr","locations":[{"start":{"line":165,"column":8},"end":{"line":165,"column":17}},{"start":{"line":165,"column":21},"end":{"line":165,"column":32}},{"start":{"line":165,"column":36},"end":{"line":165,"column":42}},{"start":{"line":165,"column":46},"end":{"line":165,"column":55}}],"line":165},"5":{"loc":{"start":{"line":182,"column":4},"end":{"line":185,"column":5}},"type":"if","locations":[{"start":{"line":182,"column":4},"end":{"line":185,"column":5}},{"start":{},"end":{}}],"line":182},"6":{"loc":{"start":{"line":188,"column":43},"end":{"line":189,"column":80}},"type":"binary-expr","locations":[{"start":{"line":188,"column":43},"end":{"line":188,"column":77}},{"start":{"line":189,"column":16},"end":{"line":189,"column":23}},{"start":{"line":189,"column":27},"end":{"line":189,"column":79}}],"line":188},"7":{"loc":{"start":{"line":190,"column":4},"end":{"line":193,"column":5}},"type":"if","locations":[{"start":{"line":190,"column":4},"end":{"line":193,"column":5}},{"start":{},"end":{}}],"line":190},"8":{"loc":{"start":{"line":201,"column":14},"end":{"line":201,"column":26}},"type":"binary-expr","locations":[{"start":{"line":201,"column":14},"end":{"line":201,"column":20}},{"start":{"line":201,"column":24},"end":{"line":201,"column":26}}],"line":201},"9":{"loc":{"start":{"line":202,"column":11},"end":{"line":202,"column":20}},"type":"binary-expr","locations":[{"start":{"line":202,"column":11},"end":{"line":202,"column":14}},{"start":{"line":202,"column":18},"end":{"line":202,"column":20}}],"line":202},"10":{"loc":{"start":{"line":203,"column":12},"end":{"line":203,"column":30}},"type":"binary-expr","locations":[{"start":{"line":203,"column":12},"end":{"line":203,"column":16}},{"start":{"line":203,"column":20},"end":{"line":203,"column":30}}],"line":203},"11":{"loc":{"start":{"line":205,"column":23},"end":{"line":205,"column":72}},"type":"binary-expr","locations":[{"start":{"line":205,"column":23},"end":{"line":205,"column":38}},{"start":{"line":205,"column":42},"end":{"line":205,"column":72}}],"line":205},"12":{"loc":{"start":{"line":206,"column":14},"end":{"line":206,"column":32}},"type":"binary-expr","locations":[{"start":{"line":206,"column":14},"end":{"line":206,"column":20}},{"start":{"line":206,"column":24},"end":{"line":206,"column":32}}],"line":206},"13":{"loc":{"start":{"line":207,"column":19},"end":{"line":207,"column":43}},"type":"binary-expr","locations":[{"start":{"line":207,"column":19},"end":{"line":207,"column":30}},{"start":{"line":207,"column":34},"end":{"line":207,"column":43}}],"line":207},"14":{"loc":{"start":{"line":208,"column":22},"end":{"line":208,"column":71}},"type":"binary-expr","locations":[{"start":{"line":208,"column":22},"end":{"line":208,"column":36}},{"start":{"line":208,"column":40},"end":{"line":208,"column":71}}],"line":208},"15":{"loc":{"start":{"line":209,"column":18},"end":{"line":209,"column":34}},"type":"binary-expr","locations":[{"start":{"line":209,"column":18},"end":{"line":209,"column":28}},{"start":{"line":209,"column":32},"end":{"line":209,"column":34}}],"line":209},"16":{"loc":{"start":{"line":260,"column":4},"end":{"line":262,"column":5}},"type":"if","locations":[{"start":{"line":260,"column":4},"end":{"line":262,"column":5}},{"start":{},"end":{}}],"line":260},"17":{"loc":{"start":{"line":260,"column":8},"end":{"line":260,"column":33}},"type":"binary-expr","locations":[{"start":{"line":260,"column":8},"end":{"line":260,"column":14}},{"start":{"line":260,"column":18},"end":{"line":260,"column":24}},{"start":{"line":260,"column":28},"end":{"line":260,"column":33}}],"line":260},"18":{"loc":{"start":{"line":300,"column":4},"end":{"line":302,"column":5}},"type":"if","locations":[{"start":{"line":300,"column":4},"end":{"line":302,"column":5}},{"start":{},"end":{}}],"line":300},"19":{"loc":{"start":{"line":300,"column":8},"end":{"line":300,"column":58}},"type":"binary-expr","locations":[{"start":{"line":300,"column":8},"end":{"line":300,"column":25}},{"start":{"line":300,"column":29},"end":{"line":300,"column":58}}],"line":300},"20":{"loc":{"start":{"line":316,"column":23},"end":{"line":316,"column":64}},"type":"cond-expr","locations":[{"start":{"line":316,"column":39},"end":{"line":316,"column":59}},{"start":{"line":316,"column":62},"end":{"line":316,"column":64}}],"line":316},"21":{"loc":{"start":{"line":317,"column":21},"end":{"line":317,"column":38}},"type":"binary-expr","locations":[{"start":{"line":317,"column":21},"end":{"line":317,"column":32}},{"start":{"line":317,"column":36},"end":{"line":317,"column":38}}],"line":317},"22":{"loc":{"start":{"line":319,"column":67},"end":{"line":319,"column":97}},"type":"cond-expr","locations":[{"start":{"line":319,"column":78},"end":{"line":319,"column":93}},{"start":{"line":319,"column":96},"end":{"line":319,"column":97}}],"line":319},"23":{"loc":{"start":{"line":324,"column":4},"end":{"line":326,"column":5}},"type":"if","locations":[{"start":{"line":324,"column":4},"end":{"line":326,"column":5}},{"start":{},"end":{}}],"line":324},"24":{"loc":{"start":{"line":324,"column":8},"end":{"line":324,"column":55}},"type":"binary-expr","locations":[{"start":{"line":324,"column":8},"end":{"line":324,"column":19}},{"start":{"line":324,"column":23},"end":{"line":324,"column":55}}],"line":324},"25":{"loc":{"start":{"line":331,"column":4},"end":{"line":334,"column":5}},"type":"if","locations":[{"start":{"line":331,"column":4},"end":{"line":334,"column":5}},{"start":{},"end":{}}],"line":331},"26":{"loc":{"start":{"line":337,"column":40},"end":{"line":337,"column":63}},"type":"cond-expr","locations":[{"start":{"line":337,"column":51},"end":{"line":337,"column":56}},{"start":{"line":337,"column":59},"end":{"line":337,"column":63}}],"line":337},"27":{"loc":{"start":{"line":359,"column":20},"end":{"line":359,"column":41}},"type":"binary-expr","locations":[{"start":{"line":359,"column":20},"end":{"line":359,"column":35}},{"start":{"line":359,"column":39},"end":{"line":359,"column":41}}],"line":359},"28":{"loc":{"start":{"line":391,"column":4},"end":{"line":393,"column":5}},"type":"if","locations":[{"start":{"line":391,"column":4},"end":{"line":393,"column":5}},{"start":{},"end":{}}],"line":391},"29":{"loc":{"start":{"line":411,"column":4},"end":{"line":413,"column":5}},"type":"if","locations":[{"start":{"line":411,"column":4},"end":{"line":413,"column":5}},{"start":{},"end":{}}],"line":411},"30":{"loc":{"start":{"line":438,"column":4},"end":{"line":440,"column":5}},"type":"if","locations":[{"start":{"line":438,"column":4},"end":{"line":440,"column":5}},{"start":{},"end":{}}],"line":438},"31":{"loc":{"start":{"line":463,"column":4},"end":{"line":465,"column":5}},"type":"if","locations":[{"start":{"line":463,"column":4},"end":{"line":465,"column":5}},{"start":{},"end":{}}],"line":463},"32":{"loc":{"start":{"line":469,"column":4},"end":{"line":471,"column":5}},"type":"if","locations":[{"start":{"line":469,"column":4},"end":{"line":471,"column":5}},{"start":{},"end":{}}],"line":469},"33":{"loc":{"start":{"line":469,"column":8},"end":{"line":469,"column":30}},"type":"binary-expr","locations":[{"start":{"line":469,"column":8},"end":{"line":469,"column":13}},{"start":{"line":469,"column":17},"end":{"line":469,"column":30}}],"line":469},"34":{"loc":{"start":{"line":479,"column":4},"end":{"line":481,"column":5}},"type":"if","locations":[{"start":{"line":479,"column":4},"end":{"line":481,"column":5}},{"start":{},"end":{}}],"line":479},"35":{"loc":{"start":{"line":505,"column":4},"end":{"line":507,"column":5}},"type":"if","locations":[{"start":{"line":505,"column":4},"end":{"line":507,"column":5}},{"start":{},"end":{}}],"line":505},"36":{"loc":{"start":{"line":511,"column":4},"end":{"line":513,"column":5}},"type":"if","locations":[{"start":{"line":511,"column":4},"end":{"line":513,"column":5}},{"start":{},"end":{}}],"line":511},"37":{"loc":{"start":{"line":511,"column":8},"end":{"line":511,"column":52}},"type":"binary-expr","locations":[{"start":{"line":511,"column":8},"end":{"line":511,"column":17}},{"start":{"line":511,"column":21},"end":{"line":511,"column":52}}],"line":511},"38":{"loc":{"start":{"line":537,"column":4},"end":{"line":539,"column":5}},"type":"if","locations":[{"start":{"line":537,"column":4},"end":{"line":539,"column":5}},{"start":{},"end":{}}],"line":537},"39":{"loc":{"start":{"line":563,"column":4},"end":{"line":565,"column":5}},"type":"if","locations":[{"start":{"line":563,"column":4},"end":{"line":565,"column":5}},{"start":{},"end":{}}],"line":563},"40":{"loc":{"start":{"line":618,"column":4},"end":{"line":620,"column":5}},"type":"if","locations":[{"start":{"line":618,"column":4},"end":{"line":620,"column":5}},{"start":{},"end":{}}],"line":618}},"s":{"0":0,"1":0,"2":0,"3":0,"4":0,"5":0,"6":0,"7":0,"8":0,"9":0,"10":0,"11":0,"12":0,"13":0,"14":0,"15":0,"16":0,"17":0,"18":0,"19":0,"20":0,"21":0,"22":0,"23":0,"24":0,"25":0,"26":0,"27":0,"28":0,"29":0,"30":0,"31":0,"32":0,"33":0,"34":0,"35":0,"36":0,"37":0,"38":0,"39":0,"40":0,"41":0,"42":0,"43":0,"44":0,"45":0,"46":0,"47":0,"48":0,"49":0,"50":0,"51":0,"52":0,"53":0,"54":0,"55":0,"56":0,"57":0,"58":0,"59":0,"60":0,"61":0,"62":0,"63":0,"64":0,"65":0,"66":0,"67":0,"68":0,"69":0,"70":0,"71":0,"72":0,"73":0,"74":0,"75":0,"76":0,"77":0,"78":0,"79":0,"80":0,"81":0,"82":0,"83":0,"84":0,"85":0,"86":0,"87":0,"88":0,"89":0,"90":0,"91":0,"92":0,"93":0,"94":0,"95":0,"96":0,"97":0,"98":0,"99":0,"100":0,"101":0,"102":0,"103":0,"104":0,"105":0,"106":0,"107":0,"108":0,"109":0,"110":0,"111":0,"112":0,"113":0,"114":0,"115":0,"116":0,"117":0,"118":0,"119":0,"120":0,"121":0,"122":0,"123":0,"124":0,"125":0,"126":0,"127":0,"128":0,"129":0,"130":0,"131":0,"132":0,"133":0,"134":0,"135":0,"136":0,"137":0,"138":0,"139":0,"140":0,"141":0,"142":0,"143":0,"144":0,"145":0,"146":0,"147":0,"148":0,"149":0,"150":0,"151":0,"152":0,"153":0,"154":0,"155":0,"156":0,"157":0,"158":0,"159":0,"160":0,"161":0,"162":0,"163":0,"164":0,"165":0,"166":0,"167":0,"168":0,"169":0,"170":0,"171":0,"172":0,"173":0,"174":0,"175":0,"176":0,"177":0,"178":0,"179":0,"180":0,"181":0,"182":0,"183":0,"184":0,"185":0,"186":0,"187":0,"188":0,"189":0,"190":0,"191":0,"192":0,"193":0,"194":0,"195":0,"196":0,"197":0,"198":0,"199":0,"200":0,"201":0,"202":0,"203":0,"204":0,"205":0,"206":0,"207":0,"208":0,"209":0,"210":0,"211":0,"212":0,"213":0,"214":0,"215":0,"216":0,"217":0,"218":0,"219":0,"220":0,"221":0,"222":0,"223":0,"224":0,"225":0,"226":0,"227":0,"228":0,"229":0,"230":0,"231":0,"232":0,"233":0,"234":0,"235":0,"236":0,"237":0,"238":0,"239":0,"240":0,"241":0,"242":0,"243":0,"244":0,"245":0,"246":0,"247":0,"248":0,"249":0,"250":0,"251":0,"252":0,"253":0,"254":0,"255":0,"256":0,"257":0,"258":0,"259":0,"260":0,"261":0,"262":0,"263":0,"264":0,"265":0,"266":0,"267":0,"268":0,"269":0,"270":0,"271":0,"272":0,"273":0,"274":0,"275":0,"276":0,"277":0,"278":0,"279":0,"280":0,"281":0,"282":0,"283":0,"284":0,"285":0,"286":0,"287":0,"288":0,"289":0,"290":0,"291":0,"292":0,"293":0,"294":0,"295":0},"f":{"0":0,"1":0,"2":0,"3":0,"4":0,"5":0,"6":0,"7":0,"8":0,"9":0,"10":0,"11":0,"12":0,"13":0,"14":0,"15":0,"16":0,"17":0,"18":0,"19":0,"20":0,"21":0,"22":0,"23":0,"24":0,"25":0,"26":0,"27":0,"28":0,"29":0,"30":0,"31":0,"32":0,"33":0,"34":0,"35":0,"36":0,"37":0,"38":0,"39":0,"40":0,"41":0,"42":0,"43":0,"44":0,"45":0,"46":0,"47":0,"48":0},"b":{"0":[0,0],"1":[0,0],"2":[0,0],"3":[0,0],"4":[0,0,0,0],"5":[0,0],"6":[0,0,0],"7":[0,0],"8":[0,0],"9":[0,0],"10":[0,0],"11":[0,0],"12":[0,0],"13":[0,0],"14":[0,0],"15":[0,0],"16":[0,0],"17":[0,0,0],"18":[0,0],"19":[0,0],"20":[0,0],"21":[0,0],"22":[0,0],"23":[0,0],"24":[0,0],"25":[0,0],"26":[0,0],"27":[0,0],"28":[0,0],"29":[0,0],"30":[0,0],"31":[0,0],"32":[0,0],"33":[0,0],"34":[0,0],"35":[0,0],"36":[0,0],"37":[0,0],"38":[0,0],"39":[0,0],"40":[0,0]}}
,"/home/uba/Mili.osmosis (1)/Mili/server/app-mongodb.js": {"path":"/home/uba/Mili.osmosis (1)/Mili/server/app-mongodb.js","statementMap":{"0":{"start":{"line":1,"column":16},"end":{"line":1,"column":34}},"1":{"start":{"line":2,"column":13},"end":{"line":2,"column":28}},"2":{"start":{"line":3,"column":13},"end":{"line":3,"column":28}},"3":{"start":{"line":4,"column":15},"end":{"line":4,"column":34}},"4":{"start":{"line":5,"column":12},"end":{"line":5,"column":35}},"5":{"start":{"line":6,"column":17},"end":{"line":6,"column":36}},"6":{"start":{"line":7,"column":0},"end":{"line":7,"column":27}},"7":{"start":{"line":10,"column":13},"end":{"line":10,"column":37}},"8":{"start":{"line":11,"column":14},"end":{"line":11,"column":39}},"9":{"start":{"line":12,"column":18},"end":{"line":12,"column":47}},"10":{"start":{"line":14,"column":12},"end":{"line":14,"column":21}},"11":{"start":{"line":15,"column":13},"end":{"line":15,"column":37}},"12":{"start":{"line":16,"column":19},"end":{"line":16,"column":74}},"13":{"start":{"line":17,"column":20},"end":{"line":17,"column":86}},"14":{"start":{"line":23,"column":21},"end":{"line":23,"column":26}},"15":{"start":{"line":24,"column":20},"end":{"line":24,"column":21}},"16":{"start":{"line":27,"column":23},"end":{"line":55,"column":1}},"17":{"start":{"line":28,"column":2},"end":{"line":54,"column":3}},"18":{"start":{"line":29,"column":4},"end":{"line":34,"column":7}},"19":{"start":{"line":35,"column":4},"end":{"line":35,"column":26}},"20":{"start":{"line":36,"column":4},"end":{"line":36,"column":52}},"21":{"start":{"line":37,"column":4},"end":{"line":37,"column":71}},"22":{"start":{"line":40,"column":21},"end":{"line":40,"column":62}},"23":{"start":{"line":41,"column":4},"end":{"line":43,"column":5}},"24":{"start":{"line":42,"column":6},"end":{"line":42,"column":42}},"25":{"start":{"line":46,"column":4},"end":{"line":46,"column":31}},"26":{"start":{"line":48,"column":4},"end":{"line":48,"column":16}},"27":{"start":{"line":50,"column":4},"end":{"line":50,"column":27}},"28":{"start":{"line":51,"column":4},"end":{"line":51,"column":65}},"29":{"start":{"line":52,"column":4},"end":{"line":52,"column":66}},"30":{"start":{"line":53,"column":4},"end":{"line":53,"column":17}},"31":{"start":{"line":59,"column":2},"end":{"line":79,"column":3}},"32":{"start":{"line":60,"column":23},"end":{"line":60,"column":43}},"33":{"start":{"line":61,"column":26},"end":{"line":61,"column":68}},"34":{"start":{"line":63,"column":4},"end":{"line":76,"column":5}},"35":{"start":{"line":64,"column":29},"end":{"line":64,"column":65}},"36":{"start":{"line":65,"column":20},"end":{"line":71,"column":8}},"37":{"start":{"line":72,"column":6},"end":{"line":72,"column":25}},"38":{"start":{"line":73,"column":6},"end":{"line":73,"column":53}},"39":{"start":{"line":74,"column":6},"end":{"line":74,"column":50}},"40":{"start":{"line":75,"column":6},"end":{"line":75,"column":46}},"41":{"start":{"line":78,"column":4},"end":{"line":78,"column":72}},"42":{"start":{"line":83,"column":0},"end":{"line":83,"column":17}},"43":{"start":{"line":86,"column":0},"end":{"line":89,"column":3}},"44":{"start":{"line":87,"column":2},"end":{"line":87,"column":25}},"45":{"start":{"line":88,"column":2},"end":{"line":88,"column":52}},"46":{"start":{"line":91,"column":0},"end":{"line":94,"column":3}},"47":{"start":{"line":92,"column":2},"end":{"line":92,"column":25}},"48":{"start":{"line":93,"column":2},"end":{"line":93,"column":42}},"49":{"start":{"line":96,"column":0},"end":{"line":99,"column":3}},"50":{"start":{"line":97,"column":2},"end":{"line":97,"column":24}},"51":{"start":{"line":98,"column":2},"end":{"line":98,"column":39}},"52":{"start":{"line":105,"column":0},"end":{"line":109,"column":4}},"53":{"start":{"line":111,"column":0},"end":{"line":111,"column":24}},"54":{"start":{"line":112,"column":0},"end":{"line":112,"column":48}},"55":{"start":{"line":113,"column":0},"end":{"line":113,"column":56}},"56":{"start":{"line":114,"column":0},"end":{"line":114,"column":70}},"57":{"start":{"line":115,"column":0},"end":{"line":115,"column":74}},"58":{"start":{"line":116,"column":0},"end":{"line":116,"column":68}},"59":{"start":{"line":119,"column":26},"end":{"line":134,"column":1}},"60":{"start":{"line":120,"column":21},"end":{"line":120,"column":49}},"61":{"start":{"line":121,"column":16},"end":{"line":121,"column":54}},"62":{"start":{"line":123,"column":2},"end":{"line":125,"column":3}},"63":{"start":{"line":124,"column":4},"end":{"line":124,"column":68}},"64":{"start":{"line":127,"column":2},"end":{"line":133,"column":5}},"65":{"start":{"line":128,"column":4},"end":{"line":130,"column":5}},"66":{"start":{"line":129,"column":6},"end":{"line":129,"column":73}},"67":{"start":{"line":131,"column":4},"end":{"line":131,"column":20}},"68":{"start":{"line":132,"column":4},"end":{"line":132,"column":11}},"69":{"start":{"line":137,"column":26},"end":{"line":152,"column":1}},"70":{"start":{"line":138,"column":21},"end":{"line":138,"column":49}},"71":{"start":{"line":139,"column":16},"end":{"line":139,"column":54}},"72":{"start":{"line":141,"column":2},"end":{"line":143,"column":3}},"73":{"start":{"line":142,"column":4},"end":{"line":142,"column":74}},"74":{"start":{"line":145,"column":2},"end":{"line":151,"column":5}},"75":{"start":{"line":146,"column":4},"end":{"line":148,"column":5}},"76":{"start":{"line":147,"column":6},"end":{"line":147,"column":70}},"77":{"start":{"line":149,"column":4},"end":{"line":149,"column":22}},"78":{"start":{"line":150,"column":4},"end":{"line":150,"column":11}},"79":{"start":{"line":158,"column":0},"end":{"line":160,"column":3}},"80":{"start":{"line":159,"column":2},"end":{"line":159,"column":64}},"81":{"start":{"line":162,"column":0},"end":{"line":164,"column":3}},"82":{"start":{"line":163,"column":2},"end":{"line":163,"column":73}},"83":{"start":{"line":166,"column":0},"end":{"line":168,"column":3}},"84":{"start":{"line":167,"column":2},"end":{"line":167,"column":73}},"85":{"start":{"line":170,"column":0},"end":{"line":172,"column":3}},"86":{"start":{"line":171,"column":2},"end":{"line":171,"column":74}},"87":{"start":{"line":174,"column":0},"end":{"line":176,"column":3}},"88":{"start":{"line":175,"column":2},"end":{"line":175,"column":74}},"89":{"start":{"line":178,"column":0},"end":{"line":180,"column":3}},"90":{"start":{"line":179,"column":2},"end":{"line":179,"column":70}},"91":{"start":{"line":182,"column":0},"end":{"line":184,"column":3}},"92":{"start":{"line":183,"column":2},"end":{"line":183,"column":70}},"93":{"start":{"line":186,"column":0},"end":{"line":188,"column":3}},"94":{"start":{"line":187,"column":2},"end":{"line":187,"column":70}},"95":{"start":{"line":190,"column":0},"end":{"line":192,"column":3}},"96":{"start":{"line":191,"column":2},"end":{"line":191,"column":70}},"97":{"start":{"line":195,"column":0},"end":{"line":201,"column":3}},"98":{"start":{"line":196,"column":2},"end":{"line":200,"column":5}},"99":{"start":{"line":208,"column":0},"end":{"line":312,"column":3}},"100":{"start":{"line":209,"column":2},"end":{"line":311,"column":3}},"101":{"start":{"line":210,"column":4},"end":{"line":215,"column":5}},"102":{"start":{"line":211,"column":6},"end":{"line":214,"column":9}},"103":{"start":{"line":226,"column":8},"end":{"line":226,"column":16}},"104":{"start":{"line":228,"column":4},"end":{"line":228,"column":77}},"105":{"start":{"line":231,"column":4},"end":{"line":236,"column":5}},"106":{"start":{"line":232,"column":6},"end":{"line":235,"column":9}},"107":{"start":{"line":239,"column":4},"end":{"line":244,"column":5}},"108":{"start":{"line":240,"column":6},"end":{"line":243,"column":9}},"109":{"start":{"line":247,"column":4},"end":{"line":252,"column":5}},"110":{"start":{"line":248,"column":6},"end":{"line":251,"column":9}},"111":{"start":{"line":255,"column":25},"end":{"line":260,"column":6}},"112":{"start":{"line":262,"column":4},"end":{"line":267,"column":5}},"113":{"start":{"line":263,"column":6},"end":{"line":266,"column":9}},"114":{"start":{"line":270,"column":27},"end":{"line":270,"column":58}},"115":{"start":{"line":273,"column":20},"end":{"line":284,"column":6}},"116":{"start":{"line":286,"column":4},"end":{"line":286,"column":25}},"117":{"start":{"line":288,"column":4},"end":{"line":292,"column":7}},"118":{"start":{"line":294,"column":4},"end":{"line":304,"column":7}},"119":{"start":{"line":306,"column":4},"end":{"line":306,"column":50}},"120":{"start":{"line":307,"column":4},"end":{"line":310,"column":7}},"121":{"start":{"line":315,"column":0},"end":{"line":402,"column":3}},"122":{"start":{"line":316,"column":2},"end":{"line":401,"column":3}},"123":{"start":{"line":317,"column":4},"end":{"line":322,"column":5}},"124":{"start":{"line":318,"column":6},"end":{"line":321,"column":9}},"125":{"start":{"line":324,"column":37},"end":{"line":324,"column":45}},"126":{"start":{"line":326,"column":4},"end":{"line":326,"column":53}},"127":{"start":{"line":329,"column":4},"end":{"line":334,"column":5}},"128":{"start":{"line":330,"column":6},"end":{"line":333,"column":9}},"129":{"start":{"line":337,"column":4},"end":{"line":342,"column":5}},"130":{"start":{"line":338,"column":6},"end":{"line":341,"column":9}},"131":{"start":{"line":345,"column":17},"end":{"line":345,"column":70}},"132":{"start":{"line":347,"column":4},"end":{"line":352,"column":5}},"133":{"start":{"line":348,"column":6},"end":{"line":351,"column":9}},"134":{"start":{"line":355,"column":26},"end":{"line":355,"column":71}},"135":{"start":{"line":357,"column":4},"end":{"line":362,"column":5}},"136":{"start":{"line":358,"column":6},"end":{"line":361,"column":9}},"137":{"start":{"line":365,"column":18},"end":{"line":374,"column":5}},"138":{"start":{"line":376,"column":4},"end":{"line":376,"column":56}},"139":{"start":{"line":378,"column":4},"end":{"line":394,"column":7}},"140":{"start":{"line":396,"column":4},"end":{"line":396,"column":43}},"141":{"start":{"line":397,"column":4},"end":{"line":400,"column":7}},"142":{"start":{"line":405,"column":0},"end":{"line":491,"column":3}},"143":{"start":{"line":406,"column":2},"end":{"line":490,"column":3}},"144":{"start":{"line":407,"column":4},"end":{"line":412,"column":5}},"145":{"start":{"line":408,"column":6},"end":{"line":411,"column":9}},"146":{"start":{"line":414,"column":32},"end":{"line":414,"column":40}},"147":{"start":{"line":416,"column":4},"end":{"line":416,"column":54}},"148":{"start":{"line":419,"column":4},"end":{"line":424,"column":5}},"149":{"start":{"line":420,"column":6},"end":{"line":423,"column":9}},"150":{"start":{"line":427,"column":18},"end":{"line":427,"column":76}},"151":{"start":{"line":429,"column":4},"end":{"line":434,"column":5}},"152":{"start":{"line":430,"column":6},"end":{"line":433,"column":9}},"153":{"start":{"line":437,"column":26},"end":{"line":437,"column":72}},"154":{"start":{"line":439,"column":4},"end":{"line":444,"column":5}},"155":{"start":{"line":440,"column":6},"end":{"line":443,"column":9}},"156":{"start":{"line":447,"column":4},"end":{"line":452,"column":5}},"157":{"start":{"line":448,"column":6},"end":{"line":451,"column":9}},"158":{"start":{"line":455,"column":4},"end":{"line":455,"column":33}},"159":{"start":{"line":456,"column":4},"end":{"line":456,"column":23}},"160":{"start":{"line":459,"column":18},"end":{"line":468,"column":5}},"161":{"start":{"line":470,"column":4},"end":{"line":470,"column":52}},"162":{"start":{"line":472,"column":4},"end":{"line":483,"column":7}},"163":{"start":{"line":485,"column":4},"end":{"line":485,"column":49}},"164":{"start":{"line":486,"column":4},"end":{"line":489,"column":7}},"165":{"start":{"line":494,"column":0},"end":{"line":503,"column":3}},"166":{"start":{"line":495,"column":33},"end":{"line":495,"column":41}},"167":{"start":{"line":497,"column":2},"end":{"line":497,"column":63}},"168":{"start":{"line":499,"column":2},"end":{"line":502,"column":5}},"169":{"start":{"line":506,"column":0},"end":{"line":514,"column":3}},"170":{"start":{"line":507,"column":31},"end":{"line":507,"column":39}},"171":{"start":{"line":509,"column":2},"end":{"line":511,"column":3}},"172":{"start":{"line":510,"column":4},"end":{"line":510,"column":72}},"173":{"start":{"line":513,"column":2},"end":{"line":513,"column":79}},"174":{"start":{"line":521,"column":0},"end":{"line":537,"column":3}},"175":{"start":{"line":522,"column":2},"end":{"line":536,"column":3}},"176":{"start":{"line":523,"column":4},"end":{"line":525,"column":5}},"177":{"start":{"line":524,"column":6},"end":{"line":524,"column":69}},"178":{"start":{"line":527,"column":17},"end":{"line":527,"column":74}},"179":{"start":{"line":529,"column":4},"end":{"line":531,"column":5}},"180":{"start":{"line":530,"column":6},"end":{"line":530,"column":63}},"181":{"start":{"line":533,"column":4},"end":{"line":533,"column":26}},"182":{"start":{"line":535,"column":4},"end":{"line":535,"column":75}},"183":{"start":{"line":540,"column":0},"end":{"line":564,"column":3}},"184":{"start":{"line":541,"column":2},"end":{"line":563,"column":3}},"185":{"start":{"line":542,"column":4},"end":{"line":544,"column":5}},"186":{"start":{"line":543,"column":6},"end":{"line":543,"column":69}},"187":{"start":{"line":546,"column":17},"end":{"line":550,"column":5}},"188":{"start":{"line":552,"column":4},"end":{"line":554,"column":5}},"189":{"start":{"line":553,"column":6},"end":{"line":553,"column":63}},"190":{"start":{"line":556,"column":4},"end":{"line":560,"column":7}},"191":{"start":{"line":562,"column":4},"end":{"line":562,"column":71}},"192":{"start":{"line":567,"column":0},"end":{"line":600,"column":3}},"193":{"start":{"line":568,"column":2},"end":{"line":599,"column":3}},"194":{"start":{"line":569,"column":4},"end":{"line":571,"column":5}},"195":{"start":{"line":570,"column":6},"end":{"line":570,"column":69}},"196":{"start":{"line":573,"column":28},"end":{"line":573,"column":36}},"197":{"start":{"line":575,"column":4},"end":{"line":577,"column":5}},"198":{"start":{"line":576,"column":6},"end":{"line":576,"column":73}},"199":{"start":{"line":579,"column":27},"end":{"line":579,"column":61}},"200":{"start":{"line":581,"column":17},"end":{"line":585,"column":5}},"201":{"start":{"line":587,"column":4},"end":{"line":589,"column":5}},"202":{"start":{"line":588,"column":6},"end":{"line":588,"column":63}},"203":{"start":{"line":591,"column":4},"end":{"line":591,"column":64}},"204":{"start":{"line":593,"column":4},"end":{"line":596,"column":7}},"205":{"start":{"line":598,"column":4},"end":{"line":598,"column":71}},"206":{"start":{"line":603,"column":0},"end":{"line":637,"column":3}},"207":{"start":{"line":604,"column":2},"end":{"line":636,"column":3}},"208":{"start":{"line":605,"column":4},"end":{"line":607,"column":5}},"209":{"start":{"line":606,"column":6},"end":{"line":606,"column":69}},"210":{"start":{"line":609,"column":43},"end":{"line":609,"column":51}},"211":{"start":{"line":611,"column":17},"end":{"line":611,"column":74}},"212":{"start":{"line":613,"column":4},"end":{"line":615,"column":5}},"213":{"start":{"line":614,"column":6},"end":{"line":614,"column":63}},"214":{"start":{"line":617,"column":22},"end":{"line":622,"column":5}},"215":{"start":{"line":624,"column":4},"end":{"line":624,"column":36}},"216":{"start":{"line":625,"column":4},"end":{"line":625,"column":22}},"217":{"start":{"line":627,"column":4},"end":{"line":627,"column":65}},"218":{"start":{"line":629,"column":4},"end":{"line":633,"column":7}},"219":{"start":{"line":635,"column":4},"end":{"line":635,"column":70}},"220":{"start":{"line":640,"column":0},"end":{"line":669,"column":3}},"221":{"start":{"line":641,"column":2},"end":{"line":668,"column":3}},"222":{"start":{"line":642,"column":4},"end":{"line":644,"column":5}},"223":{"start":{"line":643,"column":6},"end":{"line":643,"column":69}},"224":{"start":{"line":646,"column":17},"end":{"line":646,"column":74}},"225":{"start":{"line":648,"column":4},"end":{"line":650,"column":5}},"226":{"start":{"line":649,"column":6},"end":{"line":649,"column":63}},"227":{"start":{"line":652,"column":18},"end":{"line":652,"column":57}},"228":{"start":{"line":654,"column":4},"end":{"line":656,"column":5}},"229":{"start":{"line":655,"column":6},"end":{"line":655,"column":72}},"230":{"start":{"line":658,"column":29},"end":{"line":658,"column":64}},"231":{"start":{"line":659,"column":4},"end":{"line":659,"column":22}},"232":{"start":{"line":661,"column":4},"end":{"line":665,"column":7}},"233":{"start":{"line":667,"column":4},"end":{"line":667,"column":73}},"234":{"start":{"line":676,"column":0},"end":{"line":691,"column":3}},"235":{"start":{"line":677,"column":2},"end":{"line":690,"column":3}},"236":{"start":{"line":678,"column":4},"end":{"line":680,"column":5}},"237":{"start":{"line":679,"column":6},"end":{"line":679,"column":69}},"238":{"start":{"line":682,"column":18},"end":{"line":682,"column":79}},"239":{"start":{"line":684,"column":4},"end":{"line":684,"column":57}},"240":{"start":{"line":686,"column":4},"end":{"line":686,"column":27}},"241":{"start":{"line":688,"column":4},"end":{"line":688,"column":52}},"242":{"start":{"line":689,"column":4},"end":{"line":689,"column":68}},"243":{"start":{"line":694,"column":0},"end":{"line":710,"column":3}},"244":{"start":{"line":695,"column":2},"end":{"line":709,"column":3}},"245":{"start":{"line":696,"column":4},"end":{"line":698,"column":5}},"246":{"start":{"line":697,"column":6},"end":{"line":697,"column":69}},"247":{"start":{"line":700,"column":17},"end":{"line":700,"column":74}},"248":{"start":{"line":702,"column":4},"end":{"line":704,"column":5}},"249":{"start":{"line":703,"column":6},"end":{"line":703,"column":63}},"250":{"start":{"line":706,"column":4},"end":{"line":706,"column":26}},"251":{"start":{"line":708,"column":4},"end":{"line":708,"column":67}},"252":{"start":{"line":713,"column":0},"end":{"line":739,"column":3}},"253":{"start":{"line":714,"column":2},"end":{"line":738,"column":3}},"254":{"start":{"line":715,"column":4},"end":{"line":717,"column":5}},"255":{"start":{"line":716,"column":6},"end":{"line":716,"column":69}},"256":{"start":{"line":719,"column":17},"end":{"line":723,"column":5}},"257":{"start":{"line":725,"column":4},"end":{"line":727,"column":5}},"258":{"start":{"line":726,"column":6},"end":{"line":726,"column":63}},"259":{"start":{"line":729,"column":4},"end":{"line":729,"column":64}},"260":{"start":{"line":731,"column":4},"end":{"line":735,"column":7}},"261":{"start":{"line":737,"column":4},"end":{"line":737,"column":68}},"262":{"start":{"line":742,"column":0},"end":{"line":768,"column":3}},"263":{"start":{"line":743,"column":2},"end":{"line":767,"column":3}},"264":{"start":{"line":744,"column":4},"end":{"line":746,"column":5}},"265":{"start":{"line":745,"column":6},"end":{"line":745,"column":69}},"266":{"start":{"line":748,"column":17},"end":{"line":748,"column":83}},"267":{"start":{"line":750,"column":4},"end":{"line":752,"column":5}},"268":{"start":{"line":751,"column":6},"end":{"line":751,"column":63}},"269":{"start":{"line":754,"column":4},"end":{"line":754,"column":64}},"270":{"start":{"line":756,"column":4},"end":{"line":764,"column":7}},"271":{"start":{"line":766,"column":4},"end":{"line":766,"column":68}},"272":{"start":{"line":771,"column":0},"end":{"line":797,"column":3}},"273":{"start":{"line":772,"column":2},"end":{"line":796,"column":3}},"274":{"start":{"line":773,"column":4},"end":{"line":775,"column":5}},"275":{"start":{"line":774,"column":6},"end":{"line":774,"column":69}},"276":{"start":{"line":777,"column":23},"end":{"line":777,"column":31}},"277":{"start":{"line":779,"column":17},"end":{"line":783,"column":5}},"278":{"start":{"line":785,"column":4},"end":{"line":787,"column":5}},"279":{"start":{"line":786,"column":6},"end":{"line":786,"column":63}},"280":{"start":{"line":789,"column":4},"end":{"line":793,"column":7}},"281":{"start":{"line":795,"column":4},"end":{"line":795,"column":70}},"282":{"start":{"line":800,"column":0},"end":{"line":822,"column":3}},"283":{"start":{"line":801,"column":2},"end":{"line":821,"column":3}},"284":{"start":{"line":802,"column":4},"end":{"line":804,"column":5}},"285":{"start":{"line":803,"column":6},"end":{"line":803,"column":69}},"286":{"start":{"line":806,"column":17},"end":{"line":806,"column":74}},"287":{"start":{"line":808,"column":4},"end":{"line":810,"column":5}},"288":{"start":{"line":809,"column":6},"end":{"line":809,"column":63}},"289":{"start":{"line":813,"column":4},"end":{"line":813,"column":64}},"290":{"start":{"line":815,"column":4},"end":{"line":818,"column":7}},"291":{"start":{"line":820,"column":4},"end":{"line":820,"column":70}},"292":{"start":{"line":825,"column":0},"end":{"line":848,"column":3}},"293":{"start":{"line":826,"column":2},"end":{"line":847,"column":3}},"294":{"start":{"line":827,"column":4},"end":{"line":829,"column":5}},"295":{"start":{"line":828,"column":6},"end":{"line":828,"column":69}},"296":{"start":{"line":831,"column":23},"end":{"line":831,"column":31}},"297":{"start":{"line":832,"column":17},"end":{"line":832,"column":74}},"298":{"start":{"line":834,"column":4},"end":{"line":836,"column":5}},"299":{"start":{"line":835,"column":6},"end":{"line":835,"column":63}},"300":{"start":{"line":838,"column":4},"end":{"line":838,"column":83}},"301":{"start":{"line":840,"column":4},"end":{"line":844,"column":7}},"302":{"start":{"line":846,"column":4},"end":{"line":846,"column":69}},"303":{"start":{"line":851,"column":0},"end":{"line":860,"column":3}},"304":{"start":{"line":852,"column":32},"end":{"line":852,"column":40}},"305":{"start":{"line":854,"column":2},"end":{"line":854,"column":55}},"306":{"start":{"line":856,"column":2},"end":{"line":859,"column":5}},"307":{"start":{"line":863,"column":0},"end":{"line":880,"column":3}},"308":{"start":{"line":864,"column":2},"end":{"line":879,"column":3}},"309":{"start":{"line":865,"column":4},"end":{"line":867,"column":5}},"310":{"start":{"line":866,"column":6},"end":{"line":866,"column":69}},"311":{"start":{"line":869,"column":22},"end":{"line":869,"column":45}},"312":{"start":{"line":870,"column":4},"end":{"line":870,"column":27}},"313":{"start":{"line":872,"column":4},"end":{"line":876,"column":7}},"314":{"start":{"line":878,"column":4},"end":{"line":878,"column":70}},"315":{"start":{"line":883,"column":0},"end":{"line":907,"column":3}},"316":{"start":{"line":884,"column":2},"end":{"line":906,"column":3}},"317":{"start":{"line":885,"column":4},"end":{"line":887,"column":5}},"318":{"start":{"line":886,"column":6},"end":{"line":886,"column":69}},"319":{"start":{"line":889,"column":17},"end":{"line":893,"column":5}},"320":{"start":{"line":895,"column":4},"end":{"line":897,"column":5}},"321":{"start":{"line":896,"column":6},"end":{"line":896,"column":63}},"322":{"start":{"line":899,"column":4},"end":{"line":903,"column":7}},"323":{"start":{"line":905,"column":4},"end":{"line":905,"column":82}},"324":{"start":{"line":913,"column":0},"end":{"line":916,"column":3}},"325":{"start":{"line":914,"column":2},"end":{"line":914,"column":27}},"326":{"start":{"line":915,"column":2},"end":{"line":915,"column":59}},"327":{"start":{"line":918,"column":0},"end":{"line":920,"column":3}},"328":{"start":{"line":919,"column":2},"end":{"line":919,"column":53}},"329":{"start":{"line":926,"column":0},"end":{"line":950,"column":3}},"330":{"start":{"line":927,"column":2},"end":{"line":927,"column":18}},"331":{"start":{"line":928,"column":2},"end":{"line":928,"column":80}},"332":{"start":{"line":929,"column":2},"end":{"line":929,"column":80}},"333":{"start":{"line":930,"column":2},"end":{"line":930,"column":80}},"334":{"start":{"line":931,"column":2},"end":{"line":931,"column":79}},"335":{"start":{"line":932,"column":2},"end":{"line":932,"column":80}},"336":{"start":{"line":933,"column":2},"end":{"line":933,"column":80}},"337":{"start":{"line":934,"column":2},"end":{"line":934,"column":18}},"338":{"start":{"line":935,"column":2},"end":{"line":935,"column":34}},"339":{"start":{"line":936,"column":2},"end":{"line":936,"column":99}},"340":{"start":{"line":937,"column":2},"end":{"line":937,"column":57}},"341":{"start":{"line":938,"column":2},"end":{"line":938,"column":40}},"342":{"start":{"line":939,"column":2},"end":{"line":939,"column":18}},"343":{"start":{"line":940,"column":2},"end":{"line":940,"column":33}},"344":{"start":{"line":941,"column":2},"end":{"line":941,"column":48}},"345":{"start":{"line":942,"column":2},"end":{"line":942,"column":48}},"346":{"start":{"line":943,"column":2},"end":{"line":943,"column":18}},"347":{"start":{"line":944,"column":2},"end":{"line":944,"column":39}},"348":{"start":{"line":945,"column":2},"end":{"line":945,"column":46}},"349":{"start":{"line":946,"column":2},"end":{"line":946,"column":42}},"350":{"start":{"line":947,"column":2},"end":{"line":947,"column":18}},"351":{"start":{"line":948,"column":2},"end":{"line":948,"column":103}},"352":{"start":{"line":949,"column":2},"end":{"line":949,"column":18}},"353":{"start":{"line":952,"column":0},"end":{"line":952,"column":21}}},"fnMap":{"0":{"name":"(anonymous_0)","decl":{"start":{"line":27,"column":23},"end":{"line":27,"column":24}},"loc":{"start":{"line":27,"column":35},"end":{"line":55,"column":1}},"line":27},"1":{"name":"createDefaultAdmin","decl":{"start":{"line":58,"column":15},"end":{"line":58,"column":33}},"loc":{"start":{"line":58,"column":36},"end":{"line":80,"column":1}},"line":58},"2":{"name":"(anonymous_2)","decl":{"start":{"line":86,"column":32},"end":{"line":86,"column":33}},"loc":{"start":{"line":86,"column":41},"end":{"line":89,"column":1}},"line":86},"3":{"name":"(anonymous_3)","decl":{"start":{"line":91,"column":39},"end":{"line":91,"column":40}},"loc":{"start":{"line":91,"column":45},"end":{"line":94,"column":1}},"line":91},"4":{"name":"(anonymous_4)","decl":{"start":{"line":96,"column":38},"end":{"line":96,"column":39}},"loc":{"start":{"line":96,"column":44},"end":{"line":99,"column":1}},"line":96},"5":{"name":"(anonymous_5)","decl":{"start":{"line":119,"column":26},"end":{"line":119,"column":27}},"loc":{"start":{"line":119,"column":46},"end":{"line":134,"column":1}},"line":119},"6":{"name":"(anonymous_6)","decl":{"start":{"line":127,"column":32},"end":{"line":127,"column":33}},"loc":{"start":{"line":127,"column":47},"end":{"line":133,"column":3}},"line":127},"7":{"name":"(anonymous_7)","decl":{"start":{"line":137,"column":26},"end":{"line":137,"column":27}},"loc":{"start":{"line":137,"column":46},"end":{"line":152,"column":1}},"line":137},"8":{"name":"(anonymous_8)","decl":{"start":{"line":145,"column":32},"end":{"line":145,"column":33}},"loc":{"start":{"line":145,"column":48},"end":{"line":151,"column":3}},"line":145},"9":{"name":"(anonymous_9)","decl":{"start":{"line":158,"column":13},"end":{"line":158,"column":14}},"loc":{"start":{"line":158,"column":27},"end":{"line":160,"column":1}},"line":158},"10":{"name":"(anonymous_10)","decl":{"start":{"line":162,"column":27},"end":{"line":162,"column":28}},"loc":{"start":{"line":162,"column":41},"end":{"line":164,"column":1}},"line":162},"11":{"name":"(anonymous_11)","decl":{"start":{"line":166,"column":32},"end":{"line":166,"column":33}},"loc":{"start":{"line":166,"column":46},"end":{"line":168,"column":1}},"line":166},"12":{"name":"(anonymous_12)","decl":{"start":{"line":170,"column":28},"end":{"line":170,"column":29}},"loc":{"start":{"line":170,"column":42},"end":{"line":172,"column":1}},"line":170},"13":{"name":"(anonymous_13)","decl":{"start":{"line":174,"column":33},"end":{"line":174,"column":34}},"loc":{"start":{"line":174,"column":47},"end":{"line":176,"column":1}},"line":174},"14":{"name":"(anonymous_14)","decl":{"start":{"line":178,"column":24},"end":{"line":178,"column":25}},"loc":{"start":{"line":178,"column":38},"end":{"line":180,"column":1}},"line":178},"15":{"name":"(anonymous_15)","decl":{"start":{"line":182,"column":29},"end":{"line":182,"column":30}},"loc":{"start":{"line":182,"column":43},"end":{"line":184,"column":1}},"line":182},"16":{"name":"(anonymous_16)","decl":{"start":{"line":186,"column":24},"end":{"line":186,"column":25}},"loc":{"start":{"line":186,"column":38},"end":{"line":188,"column":1}},"line":186},"17":{"name":"(anonymous_17)","decl":{"start":{"line":190,"column":29},"end":{"line":190,"column":30}},"loc":{"start":{"line":190,"column":43},"end":{"line":192,"column":1}},"line":190},"18":{"name":"(anonymous_18)","decl":{"start":{"line":195,"column":19},"end":{"line":195,"column":20}},"loc":{"start":{"line":195,"column":33},"end":{"line":201,"column":1}},"line":195},"19":{"name":"(anonymous_19)","decl":{"start":{"line":208,"column":31},"end":{"line":208,"column":32}},"loc":{"start":{"line":208,"column":51},"end":{"line":312,"column":1}},"line":208},"20":{"name":"(anonymous_20)","decl":{"start":{"line":315,"column":28},"end":{"line":315,"column":29}},"loc":{"start":{"line":315,"column":48},"end":{"line":402,"column":1}},"line":315},"21":{"name":"(anonymous_21)","decl":{"start":{"line":405,"column":34},"end":{"line":405,"column":35}},"loc":{"start":{"line":405,"column":54},"end":{"line":491,"column":1}},"line":405},"22":{"name":"(anonymous_22)","decl":{"start":{"line":494,"column":45},"end":{"line":494,"column":46}},"loc":{"start":{"line":494,"column":59},"end":{"line":503,"column":1}},"line":494},"23":{"name":"(anonymous_23)","decl":{"start":{"line":506,"column":29},"end":{"line":506,"column":30}},"loc":{"start":{"line":506,"column":43},"end":{"line":514,"column":1}},"line":506},"24":{"name":"(anonymous_24)","decl":{"start":{"line":521,"column":33},"end":{"line":521,"column":34}},"loc":{"start":{"line":521,"column":53},"end":{"line":537,"column":1}},"line":521},"25":{"name":"(anonymous_25)","decl":{"start":{"line":540,"column":33},"end":{"line":540,"column":34}},"loc":{"start":{"line":540,"column":53},"end":{"line":564,"column":1}},"line":540},"26":{"name":"(anonymous_26)","decl":{"start":{"line":567,"column":49},"end":{"line":567,"column":50}},"loc":{"start":{"line":567,"column":69},"end":{"line":600,"column":1}},"line":567},"27":{"name":"(anonymous_27)","decl":{"start":{"line":603,"column":44},"end":{"line":603,"column":45}},"loc":{"start":{"line":603,"column":64},"end":{"line":637,"column":1}},"line":603},"28":{"name":"(anonymous_28)","decl":{"start":{"line":640,"column":62},"end":{"line":640,"column":63}},"loc":{"start":{"line":640,"column":82},"end":{"line":669,"column":1}},"line":640},"29":{"name":"(anonymous_29)","decl":{"start":{"line":676,"column":28},"end":{"line":676,"column":29}},"loc":{"start":{"line":676,"column":48},"end":{"line":691,"column":1}},"line":676},"30":{"name":"(anonymous_30)","decl":{"start":{"line":694,"column":39},"end":{"line":694,"column":40}},"loc":{"start":{"line":694,"column":59},"end":{"line":710,"column":1}},"line":694},"31":{"name":"(anonymous_31)","decl":{"start":{"line":713,"column":39},"end":{"line":713,"column":40}},"loc":{"start":{"line":713,"column":59},"end":{"line":739,"column":1}},"line":713},"32":{"name":"(anonymous_32)","decl":{"start":{"line":742,"column":42},"end":{"line":742,"column":43}},"loc":{"start":{"line":742,"column":62},"end":{"line":768,"column":1}},"line":742},"33":{"name":"(anonymous_33)","decl":{"start":{"line":771,"column":46},"end":{"line":771,"column":47}},"loc":{"start":{"line":771,"column":66},"end":{"line":797,"column":1}},"line":771},"34":{"name":"(anonymous_34)","decl":{"start":{"line":800,"column":48},"end":{"line":800,"column":49}},"loc":{"start":{"line":800,"column":68},"end":{"line":822,"column":1}},"line":800},"35":{"name":"(anonymous_35)","decl":{"start":{"line":825,"column":47},"end":{"line":825,"column":48}},"loc":{"start":{"line":825,"column":67},"end":{"line":848,"column":1}},"line":825},"36":{"name":"(anonymous_36)","decl":{"start":{"line":851,"column":29},"end":{"line":851,"column":30}},"loc":{"start":{"line":851,"column":43},"end":{"line":860,"column":1}},"line":851},"37":{"name":"(anonymous_37)","decl":{"start":{"line":863,"column":34},"end":{"line":863,"column":35}},"loc":{"start":{"line":863,"column":54},"end":{"line":880,"column":1}},"line":863},"38":{"name":"(anonymous_38)","decl":{"start":{"line":883,"column":41},"end":{"line":883,"column":42}},"loc":{"start":{"line":883,"column":61},"end":{"line":907,"column":1}},"line":883},"39":{"name":"(anonymous_39)","decl":{"start":{"line":913,"column":8},"end":{"line":913,"column":9}},"loc":{"start":{"line":913,"column":34},"end":{"line":916,"column":1}},"line":913},"40":{"name":"(anonymous_40)","decl":{"start":{"line":918,"column":8},"end":{"line":918,"column":9}},"loc":{"start":{"line":918,"column":22},"end":{"line":920,"column":1}},"line":918},"41":{"name":"(anonymous_41)","decl":{"start":{"line":926,"column":28},"end":{"line":926,"column":29}},"loc":{"start":{"line":926,"column":34},"end":{"line":950,"column":1}},"line":926}},"branchMap":{"0":{"loc":{"start":{"line":15,"column":13},"end":{"line":15,"column":37}},"type":"binary-expr","locations":[{"start":{"line":15,"column":13},"end":{"line":15,"column":29}},{"start":{"line":15,"column":33},"end":{"line":15,"column":37}}],"line":15},"1":{"loc":{"start":{"line":16,"column":19},"end":{"line":16,"column":74}},"type":"binary-expr","locations":[{"start":{"line":16,"column":19},"end":{"line":16,"column":41}},{"start":{"line":16,"column":45},"end":{"line":16,"column":74}}],"line":16},"2":{"loc":{"start":{"line":17,"column":20},"end":{"line":17,"column":86}},"type":"binary-expr","locations":[{"start":{"line":17,"column":20},"end":{"line":17,"column":43}},{"start":{"line":17,"column":47},"end":{"line":17,"column":86}}],"line":17},"3":{"loc":{"start":{"line":41,"column":4},"end":{"line":43,"column":5}},"type":"if","locations":[{"start":{"line":41,"column":4},"end":{"line":43,"column":5}},{"start":{},"end":{}}],"line":41},"4":{"loc":{"start":{"line":63,"column":4},"end":{"line":76,"column":5}},"type":"if","locations":[{"start":{"line":63,"column":4},"end":{"line":76,"column":5}},{"start":{},"end":{}}],"line":63},"5":{"loc":{"start":{"line":121,"column":16},"end":{"line":121,"column":54}},"type":"binary-expr","locations":[{"start":{"line":121,"column":16},"end":{"line":121,"column":26}},{"start":{"line":121,"column":30},"end":{"line":121,"column":54}}],"line":121},"6":{"loc":{"start":{"line":123,"column":2},"end":{"line":125,"column":3}},"type":"if","locations":[{"start":{"line":123,"column":2},"end":{"line":125,"column":3}},{"start":{},"end":{}}],"line":123},"7":{"loc":{"start":{"line":128,"column":4},"end":{"line":130,"column":5}},"type":"if","locations":[{"start":{"line":128,"column":4},"end":{"line":130,"column":5}},{"start":{},"end":{}}],"line":128},"8":{"loc":{"start":{"line":139,"column":16},"end":{"line":139,"column":54}},"type":"binary-expr","locations":[{"start":{"line":139,"column":16},"end":{"line":139,"column":26}},{"start":{"line":139,"column":30},"end":{"line":139,"column":54}}],"line":139},"9":{"loc":{"start":{"line":141,"column":2},"end":{"line":143,"column":3}},"type":"if","locations":[{"start":{"line":141,"column":2},"end":{"line":143,"column":3}},{"start":{},"end":{}}],"line":141},"10":{"loc":{"start":{"line":146,"column":4},"end":{"line":148,"column":5}},"type":"if","locations":[{"start":{"line":146,"column":4},"end":{"line":148,"column":5}},{"start":{},"end":{}}],"line":146},"11":{"loc":{"start":{"line":146,"column":8},"end":{"line":146,"column":37}},"type":"binary-expr","locations":[{"start":{"line":146,"column":8},"end":{"line":146,"column":11}},{"start":{"line":146,"column":15},"end":{"line":146,"column":37}}],"line":146},"12":{"loc":{"start":{"line":198,"column":13},"end":{"line":198,"column":58}},"type":"cond-expr","locations":[{"start":{"line":198,"column":30},"end":{"line":198,"column":41}},{"start":{"line":198,"column":44},"end":{"line":198,"column":58}}],"line":198},"13":{"loc":{"start":{"line":210,"column":4},"end":{"line":215,"column":5}},"type":"if","locations":[{"start":{"line":210,"column":4},"end":{"line":215,"column":5}},{"start":{},"end":{}}],"line":210},"14":{"loc":{"start":{"line":231,"column":4},"end":{"line":236,"column":5}},"type":"if","locations":[{"start":{"line":231,"column":4},"end":{"line":236,"column":5}},{"start":{},"end":{}}],"line":231},"15":{"loc":{"start":{"line":231,"column":8},"end":{"line":231,"column":55}},"type":"binary-expr","locations":[{"start":{"line":231,"column":8},"end":{"line":231,"column":17}},{"start":{"line":231,"column":21},"end":{"line":231,"column":32}},{"start":{"line":231,"column":36},"end":{"line":231,"column":42}},{"start":{"line":231,"column":46},"end":{"line":231,"column":55}}],"line":231},"16":{"loc":{"start":{"line":239,"column":4},"end":{"line":244,"column":5}},"type":"if","locations":[{"start":{"line":239,"column":4},"end":{"line":244,"column":5}},{"start":{},"end":{}}],"line":239},"17":{"loc":{"start":{"line":247,"column":4},"end":{"line":252,"column":5}},"type":"if","locations":[{"start":{"line":247,"column":4},"end":{"line":252,"column":5}},{"start":{},"end":{}}],"line":247},"18":{"loc":{"start":{"line":262,"column":4},"end":{"line":267,"column":5}},"type":"if","locations":[{"start":{"line":262,"column":4},"end":{"line":267,"column":5}},{"start":{},"end":{}}],"line":262},"19":{"loc":{"start":{"line":278,"column":14},"end":{"line":278,"column":26}},"type":"binary-expr","locations":[{"start":{"line":278,"column":14},"end":{"line":278
[...]
":5}},"39":{"start":{"line":118,"column":6},"end":{"line":118,"column":16}},"40":{"start":{"line":121,"column":27},"end":{"line":131,"column":7}},"41":{"start":{"line":121,"column":46},"end":{"line":131,"column":5}},"42":{"start":{"line":133,"column":4},"end":{"line":133,"column":76}},"43":{"start":{"line":134,"column":4},"end":{"line":134,"column":26}},"44":{"start":{"line":139,"column":4},"end":{"line":154,"column":5}},"45":{"start":{"line":140,"column":18},"end":{"line":140,"column":82}},"46":{"start":{"line":141,"column":23},"end":{"line":141,"column":47}},"47":{"start":{"line":143,"column":6},"end":{"line":150,"column":7}},"48":{"start":{"line":144,"column":8},"end":{"line":144,"column":32}},"49":{"start":{"line":145,"column":8},"end":{"line":145,"column":53}},"50":{"start":{"line":146,"column":8},"end":{"line":146,"column":20}},"51":{"start":{"line":148,"column":8},"end":{"line":148,"column":54}},"52":{"start":{"line":149,"column":8},"end":{"line":149,"column":21}},"53":{"start":{"line":152,"column":6},"end":{"line":152,"column":71}},"54":{"start":{"line":153,"column":6},"end":{"line":153,"column":19}},"55":{"start":{"line":159,"column":16},"end":{"line":159,"column":80}},"56":{"start":{"line":160,"column":21},"end":{"line":160,"column":45}},"57":{"start":{"line":162,"column":4},"end":{"line":172,"column":5}},"58":{"start":{"line":163,"column":20},"end":{"line":163,"column":41}},"59":{"start":{"line":164,"column":6},"end":{"line":171,"column":8}},"60":{"start":{"line":174,"column":4},"end":{"line":174,"column":16}},"61":{"start":{"line":179,"column":23},"end":{"line":179,"column":33}},"62":{"start":{"line":180,"column":4},"end":{"line":180,"column":55}},"63":{"start":{"line":182,"column":17},"end":{"line":185,"column":5}},"64":{"start":{"line":187,"column":23},"end":{"line":187,"column":24}},"65":{"start":{"line":189,"column":4},"end":{"line":208,"column":5}},"66":{"start":{"line":190,"column":6},"end":{"line":207,"column":7}},"67":{"start":{"line":191,"column":22},"end":{"line":191,"column":46}},"68":{"start":{"line":193,"column":8},"end":{"line":206,"column":9}},"69":{"start":{"line":194,"column":27},"end":{"line":194,"column":52}},"70":{"start":{"line":195,"column":24},"end":{"line":195,"column":45}},"71":{"start":{"line":197,"column":10},"end":{"line":205,"column":11}},"72":{"start":{"line":198,"column":12},"end":{"line":204,"column":13}},"73":{"start":{"line":199,"column":14},"end":{"line":199,"column":38}},"74":{"start":{"line":200,"column":14},"end":{"line":200,"column":29}},"75":{"start":{"line":201,"column":14},"end":{"line":201,"column":62}},"76":{"start":{"line":203,"column":14},"end":{"line":203,"column":73}},"77":{"start":{"line":210,"column":4},"end":{"line":210,"column":70}},"78":{"start":{"line":211,"column":4},"end":{"line":211,"column":24}},"79":{"start":{"line":216,"column":18},"end":{"line":219,"column":5}},"80":{"start":{"line":221,"column":17},"end":{"line":224,"column":5}},"81":{"start":{"line":226,"column":4},"end":{"line":237,"column":7}},"82":{"start":{"line":227,"column":6},"end":{"line":236,"column":7}},"83":{"start":{"line":228,"column":22},"end":{"line":228,"column":46}},"84":{"start":{"line":229,"column":8},"end":{"line":229,"column":44}},"85":{"start":{"line":231,"column":8},"end":{"line":235,"column":11}},"86":{"start":{"line":232,"column":27},"end":{"line":232,"column":52}},"87":{"start":{"line":233,"column":28},"end":{"line":233,"column":49}},"88":{"start":{"line":234,"column":10},"end":{"line":234,"column":53}},"89":{"start":{"line":239,"column":4},"end":{"line":239,"column":17}},"90":{"start":{"line":243,"column":0},"end":{"line":243,"column":41}}},"fnMap":{"0":{"name":"(anonymous_0)","decl":{"start":{"line":7,"column":2},"end":{"line":7,"column":3}},"loc":{"start":{"line":7,"column":16},"end":{"line":68,"column":3}},"line":7},"1":{"name":"(anonymous_1)","decl":{"start":{"line":17,"column":19},"end":{"line":17,"column":20}},"loc":{"start":{"line":17,"column":38},"end":{"line":21,"column":7}},"line":17},"2":{"name":"(anonymous_2)","decl":{"start":{"line":22,"column":16},"end":{"line":22,"column":17}},"loc":{"start":{"line":22,"column":35},"end":{"line":25,"column":7}},"line":22},"3":{"name":"(anonymous_3)","decl":{"start":{"line":29,"column":22},"end":{"line":29,"column":23}},"loc":{"start":{"line":29,"column":41},"end":{"line":57,"column":5}},"line":29},"4":{"name":"(anonymous_4)","decl":{"start":{"line":70,"column":2},"end":{"line":70,"column":3}},"loc":{"start":{"line":70,"column":22},"end":{"line":79,"column":3}},"line":70},"5":{"name":"(anonymous_5)","decl":{"start":{"line":73,"column":17},"end":{"line":73,"column":18}},"loc":{"start":{"line":73,"column":24},"end":{"line":78,"column":5}},"line":73},"6":{"name":"(anonymous_6)","decl":{"start":{"line":82,"column":2},"end":{"line":82,"column":3}},"loc":{"start":{"line":82,"column":26},"end":{"line":84,"column":3}},"line":82},"7":{"name":"(anonymous_7)","decl":{"start":{"line":87,"column":2},"end":{"line":87,"column":3}},"loc":{"start":{"line":87,"column":42},"end":{"line":89,"column":3}},"line":87},"8":{"name":"(anonymous_8)","decl":{"start":{"line":92,"column":2},"end":{"line":92,"column":3}},"loc":{"start":{"line":92,"column":48},"end":{"line":113,"column":3}},"line":92},"9":{"name":"(anonymous_9)","decl":{"start":{"line":116,"column":2},"end":{"line":116,"column":3}},"loc":{"start":{"line":116,"column":44},"end":{"line":135,"column":3}},"line":116},"10":{"name":"(anonymous_10)","decl":{"start":{"line":121,"column":37},"end":{"line":121,"column":38}},"loc":{"start":{"line":121,"column":46},"end":{"line":131,"column":5}},"line":121},"11":{"name":"(anonymous_11)","decl":{"start":{"line":138,"column":2},"end":{"line":138,"column":3}},"loc":{"start":{"line":138,"column":48},"end":{"line":155,"column":3}},"line":138},"12":{"name":"(anonymous_12)","decl":{"start":{"line":158,"column":2},"end":{"line":158,"column":3}},"loc":{"start":{"line":158,"column":43},"end":{"line":175,"column":3}},"line":158},"13":{"name":"(anonymous_13)","decl":{"start":{"line":178,"column":2},"end":{"line":178,"column":3}},"loc":{"start":{"line":178,"column":38},"end":{"line":212,"column":3}},"line":178},"14":{"name":"(anonymous_14)","decl":{"start":{"line":215,"column":2},"end":{"line":215,"column":3}},"loc":{"start":{"line":215,"column":19},"end":{"line":240,"column":3}},"line":215},"15":{"name":"(anonymous_15)","decl":{"start":{"line":226,"column":17},"end":{"line":226,"column":18}},"loc":{"start":{"line":226,"column":24},"end":{"line":237,"column":5}},"line":226},"16":{"name":"(anonymous_16)","decl":{"start":{"line":231,"column":22},"end":{"line":231,"column":23}},"loc":{"start":{"line":231,"column":30},"end":{"line":235,"column":9}},"line":231}},"branchMap":{"0":{"loc":{"start":{"line":18,"column":27},"end":{"line":18,"column":60}},"type":"binary-expr","locations":[{"start":{"line":18,"column":27},"end":{"line":18,"column":46}},{"start":{"line":18,"column":50},"end":{"line":18,"column":60}}],"line":18},"1":{"loc":{"start":{"line":19,"column":20},"end":{"line":19,"column":90}},"type":"cond-expr","locations":[{"start":{"line":19,"column":51},"end":{"line":19,"column":70}},{"start":{"line":19,"column":73},"end":{"line":19,"column":90}}],"line":19},"2":{"loc":{"start":{"line":30,"column":25},"end":{"line":30,"column":58}},"type":"binary-expr","locations":[{"start":{"line":30,"column":25},"end":{"line":30,"column":44}},{"start":{"line":30,"column":48},"end":{"line":30,"column":58}}],"line":30},"3":{"loc":{"start":{"line":32,"column":6},"end":{"line":56,"column":7}},"type":"if","locations":[{"start":{"line":32,"column":6},"end":{"line":56,"column":7}},{"start":{"line":39,"column":13},"end":{"line":56,"column":7}}],"line":32},"4":{"loc":{"start":{"line":34,"column":8},"end":{"line":38,"column":9}},"type":"if","locations":[{"start":{"line":34,"column":8},"end":{"line":38,"column":9}},{"start":{"line":36,"column":15},"end":{"line":38,"column":9}}],"line":34},"5":{"loc":{"start":{"line":51,"column":8},"end":{"line":55,"column":9}},"type":"if","locations":[{"start":{"line":51,"column":8},"end":{"line":55,"column":9}},{"start":{"line":53,"column":15},"end":{"line":55,"column":9}}],"line":51},"6":{"loc":{"start":{"line":74,"column":6},"end":{"line":77,"column":7}},"type":"if","locations":[{"start":{"line":74,"column":6},"end":{"line":77,"column":7}},{"start":{},"end":{}}],"line":74},"7":{"loc":{"start":{"line":87,"column":28},"end":{"line":87,"column":40}},"type":"default-arg","locations":[{"start":{"line":87,"column":39},"end":{"line":87,"column":40}}],"line":87},"8":{"loc":{"start":{"line":93,"column":4},"end":{"line":95,"column":5}},"type":"if","locations":[{"start":{"line":93,"column":4},"end":{"line":95,"column":5}},{"start":{},"end":{}}],"line":93},"9":{"loc":{"start":{"line":117,"column":4},"end":{"line":119,"column":5}},"type":"if","locations":[{"start":{"line":117,"column":4},"end":{"line":119,"column":5}},{"start":{},"end":{}}],"line":117},"10":{"loc":{"start":{"line":117,"column":8},"end":{"line":117,"column":36}},"type":"binary-expr","locations":[{"start":{"line":117,"column":8},"end":{"line":117,"column":14}},{"start":{"line":117,"column":18},"end":{"line":117,"column":36}}],"line":117},"11":{"loc":{"start":{"line":138,"column":29},"end":{"line":138,"column":46}},"type":"default-arg","locations":[{"start":{"line":138,"column":36},"end":{"line":138,"column":46}}],"line":138},"12":{"loc":{"start":{"line":140,"column":18},"end":{"line":140,"column":82}},"type":"cond-expr","locations":[{"start":{"line":140,"column":43},"end":{"line":140,"column":62}},{"start":{"line":140,"column":65},"end":{"line":140,"column":82}}],"line":140},"13":{"loc":{"start":{"line":143,"column":6},"end":{"line":150,"column":7}},"type":"if","locations":[{"start":{"line":143,"column":6},"end":{"line":150,"column":7}},{"start":{"line":147,"column":13},"end":{"line":150,"column":7}}],"line":143},"14":{"loc":{"start":{"line":158,"column":24},"end":{"line":158,"column":41}},"type":"default-arg","locations":[{"start":{"line":158,"column":31},"end":{"line":158,"column":41}}],"line":158},"15":{"loc":{"start":{"line":159,"column":16},"end":{"line":159,"column":80}},"type":"cond-expr","locations":[{"start":{"line":159,"column":41},"end":{"line":159,"column":60}},{"start":{"line":159,"column":63},"end":{"line":159,"column":80}}],"line":159},"16":{"loc":{"start":{"line":162,"column":4},"end":{"line":172,"column":5}},"type":"if","locations":[{"start":{"line":162,"column":4},"end":{"line":172,"column":5}},{"start":{},"end":{}}],"line":162},"17":{"loc":{"start":{"line":170,"column":25},"end":{"line":170,"column":78}},"type":"cond-expr","locations":[{"start":{"line":170,"column":50},"end":{"line":170,"column":64}},{"start":{"line":170,"column":67},"end":{"line":170,"column":78}}],"line":170},"18":{"loc":{"start":{"line":178,"column":24},"end":{"line":178,"column":36}},"type":"default-arg","locations":[{"start":{"line":178,"column":34},"end":{"line":178,"column":36}}],"line":178},"19":{"loc":{"start":{"line":190,"column":6},"end":{"line":207,"column":7}},"type":"if","locations":[{"start":{"line":190,"column":6},"end":{"line":207,"column":7}},{"start":{},"end":{}}],"line":190},"20":{"loc":{"start":{"line":197,"column":10},"end":{"line":205,"column":11}},"type":"if","locations":[{"start":{"line":197,"column":10},"end":{"line":205,"column":11}},{"start":{},"end":{}}],"line":197},"21":{"loc":{"start":{"line":227,"column":6},"end":{"line":236,"column":7}},"type":"if","locations":[{"start":{"line":227,"column":6},"end":{"line":236,"column":7}},{"start":{},"end":{}}],"line":227}},"s":{"0":0,"1":0,"2":0,"3":0,"4":0,"5":0,"6":0,"7":0,"8":0,"9":0,"10":0,"11":0,"12":0,"13":0,"14":0,"15":0,"16":0,"17":0,"18":0,"19":0,"20":0,"21":0,"22":0,"23":0,"24":0,"25":0,"26":0,"27":0,"28":0,"29":0,"30":0,"31":0,"32":0,"33":0,"34":0,"35":0,"36":0,"37":0,"38":0,"39":0,"40":0,"41":0,"42":0,"43":0,"44":0,"45":0,"46":0,"47":0,"48":0,"49":0,"50":0,"51":0,"52":0,"53":0,"54":0,"55":0,"56":0,"57":0,"58":0,"59":0,"60":0,"61":0,"62":0,"63":0,"64":0,"65":0,"66":0,"67":0,"68":0,"69":0,"70":0,"71":0,"72":0,"73":0,"74":0,"75":0,"76":0,"77":0,"78":0,"79":0,"80":0,"81":0,"82":0,"83":0,"84":0,"85":0,"86":0,"87":0,"88":0,"89":0,"90":0},"f":{"0":0,"1":0,"2":0,"3":0,"4":0,"5":0,"6":0,"7":0,"8":0,"9":0,"10":0,"11":0,"12":0,"13":0,"14":0,"15":0,"16":0},"b":{"0":[0,0],"1":[0,0],"2":[0,0],"3":[0,0],"4":[0,0],"5":[0,0],"6":[0,0],"7":[0],"8":[0,0],"9":[0,0],"10":[0,0],"11":[0],"12":[0,0],"13":[0,0],"14":[0],"15":[0,0],"16":[0,0],"17":[0,0],"18":[0],"19":[0,0],"20":[0,0],"21":[0,0]}}
,"/home/uba/Mili.osmosis (1)/Mili/server/services/smsService.js": {"path":"/home/uba/Mili.osmosis (1)/Mili/server/services/smsService.js","statementMap":{"0":{"start":{"line":1,"column":0},"end":{"line":1,"column":27}},"1":{"start":{"line":5,"column":4},"end":{"line":5,"column":23}},"2":{"start":{"line":6,"column":4},"end":{"line":6,"column":68}},"3":{"start":{"line":7,"column":4},"end":{"line":7,"column":55}},"4":{"start":{"line":8,"column":4},"end":{"line":8,"column":16}},"5":{"start":{"line":12,"column":4},"end":{"line":15,"column":5}},"6":{"start":{"line":13,"column":6},"end":{"line":13,"column":60}},"7":{"start":{"line":14,"column":6},"end":{"line":14,"column":13}},"8":{"start":{"line":17,"column":23},"end":{"line":17,"column":53}},"9":{"start":{"line":18,"column":22},"end":{"line":18,"column":51}},"10":{"start":{"line":20,"column":4},"end":{"line":23,"column":5}},"11":{"start":{"line":21,"column":6},"end":{"line":21,"column":76}},"12":{"start":{"line":22,"column":6},"end":{"line":22,"column":13}},"13":{"start":{"line":25,"column":4},"end":{"line":34,"column":5}},"14":{"start":{"line":27,"column":21},"end":{"line":27,"column":38}},"15":{"start":{"line":28,"column":6},"end":{"line":28,"column":50}},"16":{"start":{"line":29,"column":6},"end":{"line":29,"column":59}},"17":{"start":{"line":31,"column":6},"end":{"line":31,"column":73}},"18":{"start":{"line":32,"column":6},"end":{"line":32,"column":70}},"19":{"start":{"line":33,"column":6},"end":{"line":33,"column":25}},"20":{"start":{"line":38,"column":20},"end":{"line":38,"column":145}},"21":{"start":{"line":40,"column":4},"end":{"line":40,"column":41}},"22":{"start":{"line":44,"column":20},"end":{"line":44,"column":184}},"23":{"start":{"line":46,"column":4},"end":{"line":46,"column":41}},"24":{"start":{"line":50,"column":20},"end":{"line":50,"column":160}},"25":{"start":{"line":52,"column":4},"end":{"line":52,"column":41}},"26":{"start":{"line":57,"column":4},"end":{"line":63,"column":5}},"27":{"start":{"line":58,"column":6},"end":{"line":58,"column":53}},"28":{"start":{"line":59,"column":6},"end":{"line":59,"column":31}},"29":{"start":{"line":60,"column":6},"end":{"line":60,"column":38}},"30":{"start":{"line":61,"column":6},"end":{"line":61,"column":59}},"31":{"start":{"line":62,"column":6},"end":{"line":62,"column":50}},"32":{"start":{"line":65,"column":4},"end":{"line":84,"column":5}},"33":{"start":{"line":66,"column":22},"end":{"line":70,"column":8}},"34":{"start":{"line":72,"column":6},"end":{"line":72,"column":59}},"35":{"start":{"line":73,"column":6},"end":{"line":73,"column":67}},"36":{"start":{"line":75,"column":6},"end":{"line":75,"column":55}},"37":{"start":{"line":78,"column":6},"end":{"line":78,"column":54}},"38":{"start":{"line":79,"column":6},"end":{"line":79,"column":31}},"39":{"start":{"line":80,"column":6},"end":{"line":80,"column":38}},"40":{"start":{"line":81,"column":6},"end":{"line":81,"column":59}},"41":{"start":{"line":83,"column":6},"end":{"line":83,"column":82}},"42":{"start":{"line":89,"column":19},"end":{"line":89,"column":43}},"43":{"start":{"line":92,"column":4},"end":{"line":94,"column":5}},"44":{"start":{"line":93,"column":6},"end":{"line":93,"column":27}},"45":{"start":{"line":97,"column":4},"end":{"line":99,"column":5}},"46":{"start":{"line":98,"column":6},"end":{"line":98,"column":26}},"47":{"start":{"line":101,"column":4},"end":{"line":101,"column":17}},"48":{"start":{"line":105,"column":19},"end":{"line":105,"column":43}},"49":{"start":{"line":106,"column":4},"end":{"line":106,"column":54}},"50":{"start":{"line":110,"column":0},"end":{"line":110,"column":34}}},"fnMap":{"0":{"name":"(anonymous_0)","decl":{"start":{"line":4,"column":2},"end":{"line":4,"column":3}},"loc":{"start":{"line":4,"column":16},"end":{"line":9,"column":3}},"line":4},"1":{"name":"(anonymous_1)","decl":{"start":{"line":11,"column":2},"end":{"line":11,"column":3}},"loc":{"start":{"line":11,"column":9},"end":{"line":35,"column":3}},"line":11},"2":{"name":"(anonymous_2)","decl":{"start":{"line":37,"column":2},"end":{"line":37,"column":3}},"loc":{"start":{"line":37,"column":55},"end":{"line":41,"column":3}},"line":37},"3":{"name":"(anonymous_3)","decl":{"start":{"line":43,"column":2},"end":{"line":43,"column":3}},"loc":{"start":{"line":43,"column":52},"end":{"line":47,"column":3}},"line":43},"4":{"name":"(anonymous_4)","decl":{"start":{"line":49,"column":2},"end":{"line":49,"column":3}},"loc":{"start":{"line":49,"column":57},"end":{"line":53,"column":3}},"line":49},"5":{"name":"(anonymous_5)","decl":{"start":{"line":55,"column":2},"end":{"line":55,"column":3}},"loc":{"start":{"line":55,"column":26},"end":{"line":85,"column":3}},"line":55},"6":{"name":"(anonymous_6)","decl":{"start":{"line":87,"column":2},"end":{"line":87,"column":3}},"loc":{"start":{"line":87,"column":27},"end":{"line":102,"column":3}},"line":87},"7":{"name":"(anonymous_7)","decl":{"start":{"line":104,"column":2},"end":{"line":104,"column":3}},"loc":{"start":{"line":104,"column":29},"end":{"line":107,"column":3}},"line":104}},"branchMap":{"0":{"loc":{"start":{"line":12,"column":4},"end":{"line":15,"column":5}},"type":"if","locations":[{"start":{"line":12,"column":4},"end":{"line":15,"column":5}},{"start":{},"end":{}}],"line":12},"1":{"loc":{"start":{"line":20,"column":4},"end":{"line":23,"column":5}},"type":"if","locations":[{"start":{"line":20,"column":4},"end":{"line":23,"column":5}},{"start":{},"end":{}}],"line":20},"2":{"loc":{"start":{"line":20,"column":8},"end":{"line":20,"column":54}},"type":"binary-expr","locations":[{"start":{"line":20,"column":8},"end":{"line":20,"column":19}},{"start":{"line":20,"column":23},"end":{"line":20,"column":33}},{"start":{"line":20,"column":37},"end":{"line":20,"column":54}}],"line":20},"3":{"loc":{"start":{"line":57,"column":4},"end":{"line":63,"column":5}},"type":"if","locations":[{"start":{"line":57,"column":4},"end":{"line":63,"column":5}},{"start":{},"end":{}}],"line":57},"4":{"loc":{"start":{"line":57,"column":8},"end":{"line":57,"column":81}},"type":"binary-expr","locations":[{"start":{"line":57,"column":8},"end":{"line":57,"column":20}},{"start":{"line":57,"column":24},"end":{"line":57,"column":39}},{"start":{"line":57,"column":43},"end":{"line":57,"column":81}}],"line":57},"5":{"loc":{"start":{"line":92,"column":4},"end":{"line":94,"column":5}},"type":"if","locations":[{"start":{"line":92,"column":4},"end":{"line":94,"column":5}},{"start":{},"end":{}}],"line":92},"6":{"loc":{"start":{"line":97,"column":4},"end":{"line":99,"column":5}},"type":"if","locations":[{"start":{"line":97,"column":4},"end":{"line":99,"column":5}},{"start":{},"end":{}}],"line":97},"7":{"loc":{"start":{"line":106,"column":11},"end":{"line":106,"column":53}},"type":"binary-expr","locations":[{"start":{"line":106,"column":11},"end":{"line":106,"column":30}},{"start":{"line":106,"column":34},"end":{"line":106,"column":53}}],"line":106}},"s":{"0":0,"1":0,"2":0,"3":0,"4":0,"5":0,"6":0,"7":0,"8":0,"9":0,"10":0,"11":0,"12":0,"13":0,"14":0,"15":0,"16":0,"17":0,"18":0,"19":0,"20":0,"21":0,"22":0,"23":0,"24":0,"25":0,"26":0,"27":0,"28":0,"29":0,"30":0,"31":0,"32":0,"33":0,"34":0,"35":0,"36":0,"37":0,"38":0,"39":0,"40":0,"41":0,"42":0,"43":0,"44":0,"45":0,"46":0,"47":0,"48":0,"49":0,"50":0},"f":{"0":0,"1":0,"2":0,"3":0,"4":0,"5":0,"6":0,"7":0},"b":{"0":[0,0],"1":[0,0],"2":[0,0,0],"3":[0,0],"4":[0,0,0],"5":[0,0],"6":[0,0],"7":[0,0]}}
}
