TN:
SF:server/app-backup-file-based.js
FN:19,(anonymous_0)
FN:37,(anonymous_1)
FN:39,(anonymous_2)
FN:49,loadUsers
FN:71,saveUsers
FN:107,(anonymous_5)
FN:111,(anonymous_6)
FN:115,(anonymous_7)
FN:119,(anonymous_8)
FN:123,(anonymous_9)
FN:127,(anonymous_10)
FN:131,(anonymous_11)
FN:135,(anonymous_12)
FN:139,(anonymous_13)
FN:145,(anonymous_14)
FN:188,(anonymous_15)
FN:223,(anonymous_16)
FN:234,(anonymous_17)
FN:255,(anonymous_18)
FN:295,(anonymous_19)
FN:311,(anonymous_20)
FN:321,(anonymous_21)
FN:329,(anonymous_22)
FN:369,(anonymous_23)
FN:387,(anonymous_24)
FN:389,(anonymous_25)
FN:402,(anonymous_26)
FN:409,(anonymous_27)
FN:434,(anonymous_28)
FN:436,(anonymous_29)
FN:459,(anonymous_30)
FN:461,(anonymous_31)
FN:501,(anonymous_32)
FN:503,(anonymous_33)
FN:533,(anonymous_34)
FN:535,(anonymous_35)
FN:559,(anonymous_36)
FN:561,(anonymous_37)
FN:588,(anonymous_38)
FN:598,(anonymous_39)
FN:611,(anonymous_40)
FN:616,(anonymous_41)
FN:644,(anonymous_42)
FN:658,(anonymous_43)
FN:675,(anonymous_44)
FN:690,(anonymous_45)
FN:704,(anonymous_46)
FN:710,(anonymous_47)
FN:714,(anonymous_48)
FNF:49
FNH:0
FNDA:0,(anonymous_0)
FNDA:0,(anonymous_1)
FNDA:0,(anonymous_2)
FNDA:0,loadUsers
FNDA:0,saveUsers
FNDA:0,(anonymous_5)
FNDA:0,(anonymous_6)
FNDA:0,(anonymous_7)
FNDA:0,(anonymous_8)
FNDA:0,(anonymous_9)
FNDA:0,(anonymous_10)
FNDA:0,(anonymous_11)
FNDA:0,(anonymous_12)
FNDA:0,(anonymous_13)
FNDA:0,(anonymous_14)
FNDA:0,(anonymous_15)
FNDA:0,(anonymous_16)
FNDA:0,(anonymous_17)
FNDA:0,(anonymous_18)
FNDA:0,(anonymous_19)
FNDA:0,(anonymous_20)
FNDA:0,(anonymous_21)
FNDA:0,(anonymous_22)
FNDA:0,(anonymous_23)
FNDA:0,(anonymous_24)
FNDA:0,(anonymous_25)
FNDA:0,(anonymous_26)
FNDA:0,(anonymous_27)
FNDA:0,(anonymous_28)
FNDA:0,(anonymous_29)
FNDA:0,(anonymous_30)
FNDA:0,(anonymous_31)
FNDA:0,(anonymous_32)
FNDA:0,(anonymous_33)
FNDA:0,(anonymous_34)
FNDA:0,(anonymous_35)
FNDA:0,(anonymous_36)
FNDA:0,(anonymous_37)
FNDA:0,(anonymous_38)
FNDA:0,(anonymous_39)
FNDA:0,(anonymous_40)
FNDA:0,(anonymous_41)
FNDA:0,(anonymous_42)
FNDA:0,(anonymous_43)
FNDA:0,(anonymous_44)
FNDA:0,(anonymous_45)
FNDA:0,(anonymous_46)
FNDA:0,(anonymous_47)
FNDA:0,(anonymous_48)
DA:1,0
DA:2,0
DA:3,0
DA:4,0
DA:5,0
DA:6,0
DA:8,0
DA:9,0
DA:16,0
DA:19,0
DA:20,0
DA:21,0
DA:27,0
DA:28,0
DA:29,0
DA:32,0
DA:37,0
DA:46,0
DA:50,0
DA:51,0
DA:52,0
DA:53,0
DA:54,0
DA:55,0
DA:57,0
DA:58,0
DA:62,0
DA:63,0
DA:65,0
DA:66,0
DA:72,0
DA:73,0
DA:74,0
DA:76,0
DA:81,0
DA:82,0
DA:83,0
DA:91,0
DA:96,0
DA:97,0
DA:98,0
DA:100,0
DA:102,0
DA:104,0
DA:107,0
DA:108,0
DA:111,0
DA:112,0
DA:115,0
DA:116,0
DA:119,0
DA:120,0
DA:123,0
DA:124,0
DA:127,0
DA:128,0
DA:131,0
DA:132,0
DA:135,0
DA:136,0
DA:139,0
DA:140,0
DA:145,0
DA:146,0
DA:147,0
DA:162,0
DA:165,0
DA:166,0
DA:169,0
DA:173,0
DA:174,0
DA:175,0
DA:177,0
DA:182,0
DA:183,0
DA:184,0
DA:188,0
DA:190,0
DA:191,0
DA:192,0
DA:196,0
DA:215,0
DA:218,0
DA:219,0
DA:222,0
DA:223,0
DA:227,0
DA:234,0
DA:236,0
DA:248,0
DA:249,0
DA:250,0
DA:255,0
DA:256,0
DA:257,0
DA:260,0
DA:261,0
DA:279,0
DA:280,0
DA:281,0
DA:282,0
DA:284,0
DA:290,0
DA:295,0
DA:296,0
DA:297,0
DA:300,0
DA:301,0
DA:304,0
DA:306,0
DA:311,0
DA:312,0
DA:313,0
DA:316,0
DA:317,0
DA:319,0
DA:320,0
DA:321,0
DA:324,0
DA:325,0
DA:329,0
DA:331,0
DA:332,0
DA:333,0
DA:336,0
DA:337,0
DA:341,0
DA:343,0
DA:363,0
DA:364,0
DA:369,0
DA:370,0
DA:371,0
DA:374,0
DA:376,0
DA:382,0
DA:387,0
DA:388,0
DA:389,0
DA:391,0
DA:392,0
DA:395,0
DA:397,0
DA:402,0
DA:403,0
DA:404,0
DA:406,0
DA:409,0
DA:411,0
DA:412,0
DA:416,0
DA:419,0
DA:421,0
DA:423,0
DA:428,0
DA:429,0
DA:434,0
DA:435,0
DA:436,0
DA:438,0
DA:439,0
DA:443,0
DA:446,0
DA:448,0
DA:454,0
DA:459,0
DA:460,0
DA:461,0
DA:463,0
DA:464,0
DA:467,0
DA:469,0
DA:470,0
DA:473,0
DA:479,0
DA:480,0
DA:483,0
DA:486,0
DA:488,0
DA:490,0
DA:496,0
DA:501,0
DA:502,0
DA:503,0
DA:505,0
DA:506,0
DA:509,0
DA:511,0
DA:512,0
DA:515,0
DA:518,0
DA:520,0
DA:522,0
DA:528,0
DA:533,0
DA:534,0
DA:535,0
DA:537,0
DA:538,0
DA:541,0
DA:544,0
DA:546,0
DA:548,0
DA:554,0
DA:559,0
DA:560,0
DA:561,0
DA:563,0
DA:564,0
DA:567,0
DA:568,0
DA:569,0
DA:572,0
DA:574,0
DA:576,0
DA:583,0
DA:588,0
DA:589,0
DA:591,0
DA:592,0
DA:593,0
DA:595,0
DA:596,0
DA:597,0
DA:598,0
DA:603,0
DA:605,0
DA:606,0
DA:611,0
DA:612,0
DA:613,0
DA:616,0
DA:618,0
DA:619,0
DA:622,0
DA:625,0
DA:627,0
DA:629,0
DA:639,0
DA:644,0
DA:645,0
DA:646,0
DA:648,0
DA:653,0
DA:658,0
DA:659,0
DA:660,0
DA:663,0
DA:665,0
DA:670,0
DA:675,0
DA:676,0
DA:680,0
DA:685,0
DA:690,0
DA:691,0
DA:694,0
DA:699,0
DA:704,0
DA:705,0
DA:706,0
DA:710,0
DA:711,0
DA:714,0
DA:715,0
DA:716,0
DA:717,0
DA:718,0
DA:719,0
DA:720,0
DA:721,0
DA:722,0
DA:723,0
DA:724,0
DA:725,0
DA:726,0
DA:727,0
DA:728,0
DA:729,0
DA:730,0
DA:731,0
DA:732,0
LF:282
LH:0
BRDA:9,0,0,0
BRDA:9,0,1,0
BRDA:16,1,0,0
BRDA:16,1,1,0
BRDA:51,2,0,0
BRDA:51,2,1,0
BRDA:165,3,0,0
BRDA:165,3,1,0
BRDA:165,4,0,0
BRDA:165,4,1,0
BRDA:165,4,2,0
BRDA:165,4,3,0
BRDA:182,5,0,0
BRDA:182,5,1,0
BRDA:188,6,0,0
BRDA:188,6,1,0
BRDA:188,6,2,0
BRDA:190,7,0,0
BRDA:190,7,1,0
BRDA:201,8,0,0
BRDA:201,8,1,0
BRDA:202,9,0,0
BRDA:202,9,1,0
BRDA:203,10,0,0
BRDA:203,10,1,0
BRDA:205,11,0,0
BRDA:205,11,1,0
BRDA:206,12,0,0
BRDA:206,12,1,0
BRDA:207,13,0,0
BRDA:207,13,1,0
BRDA:208,14,0,0
BRDA:208,14,1,0
BRDA:209,15,0,0
BRDA:209,15,1,0
BRDA:260,16,0,0
BRDA:260,16,1,0
BRDA:260,17,0,0
BRDA:260,17,1,0
BRDA:260,17,2,0
BRDA:300,18,0,0
BRDA:300,18,1,0
BRDA:300,19,0,0
BRDA:300,19,1,0
BRDA:316,20,0,0
BRDA:316,20,1,0
BRDA:317,21,0,0
BRDA:317,21,1,0
BRDA:319,22,0,0
BRDA:319,22,1,0
BRDA:324,23,0,0
BRDA:324,23,1,0
BRDA:324,24,0,0
BRDA:324,24,1,0
BRDA:331,25,0,0
BRDA:331,25,1,0
BRDA:337,26,0,0
BRDA:337,26,1,0
BRDA:359,27,0,0
BRDA:359,27,1,0
BRDA:391,28,0,0
BRDA:391,28,1,0
BRDA:411,29,0,0
BRDA:411,29,1,0
BRDA:438,30,0,0
BRDA:438,30,1,0
BRDA:463,31,0,0
BRDA:463,31,1,0
BRDA:469,32,0,0
BRDA:469,32,1,0
BRDA:469,33,0,0
BRDA:469,33,1,0
BRDA:479,34,0,0
BRDA:479,34,1,0
BRDA:505,35,0,0
BRDA:505,35,1,0
BRDA:511,36,0,0
BRDA:511,36,1,0
BRDA:511,37,0,0
BRDA:511,37,1,0
BRDA:537,38,0,0
BRDA:537,38,1,0
BRDA:563,39,0,0
BRDA:563,39,1,0
BRDA:618,40,0,0
BRDA:618,40,1,0
BRF:86
BRH:0
end_of_record
TN:
SF:server/app-mongodb.js
FN:27,(anonymous_0)
FN:58,createDefaultAdmin
FN:86,(anonymous_2)
FN:91,(anonymous_3)
FN:96,(anonymous_4)
FN:119,(anonymous_5)
FN:127,(anonymous_6)
FN:137,(anonymous_7)
FN:145,(anonymous_8)
FN:158,(anonymous_9)
FN:162,(anonymous_10)
FN:166,(anonymous_11)
FN:170,(anonymous_12)
FN:174,(anonymous_13)
FN:178,(anonymous_14)
FN:182,(anonymous_15)
FN:186,(anonymous_16)
FN:190,(anonymous_17)
FN:195,(anonymous_18)
FN:208,(anonymous_19)
FN:315,(anonymous_20)
FN:405,(anonymous_21)
FN:494,(anonymous_22)
FN:506,(anonymous_23)
FN:521,(anonymous_24)
FN:540,(anonymous_25)
FN:567,(anonymous_26)
FN:603,(anonymous_27)
FN:644,(anonymous_28)
FN:692,(anonymous_29)
FN:735,(anonymous_30)
FN:771,(anonymous_31)
FN:789,(anonymous_32)
FN:808,(anonymous_33)
FN:837,(anonymous_34)
FN:866,(anonymous_35)
FN:895,(anonymous_36)
FN:920,(anonymous_37)
FN:946,(anonymous_38)
FN:958,(anonymous_39)
FN:978,(anonymous_40)
FN:1008,(anonymous_41)
FN:1013,(anonymous_42)
FN:1021,(anonymous_43)
FNF:44
FNH:0
FNDA:0,(anonymous_0)
FNDA:0,createDefaultAdmin
FNDA:0,(anonymous_2)
FNDA:0,(anonymous_3)
FNDA:0,(anonymous_4)
FNDA:0,(anonymous_5)
FNDA:0,(anonymous_6)
FNDA:0,(anonymous_7)
FNDA:0,(anonymous_8)
FNDA:0,(anonymous_9)
FNDA:0,(anonymous_10)
FNDA:0,(anonymous_11)
FNDA:0,(anonymous_12)
FNDA:0,(anonymous_13)
FNDA:0,(anonymous_14)
FNDA:0,(anonymous_15)
FNDA:0,(anonymous_16)
FNDA:0,(anonymous_17)
FNDA:0,(anonymous_18)
FNDA:0,(anonymous_19)
FNDA:0,(anonymous_20)
FNDA:0,(anonymous_21)
FNDA:0,(anonymous_22)
FNDA:0,(anonymous_23)
FNDA:0,(anonymous_24)
FNDA:0,(anonymous_25)
FNDA:0,(anonymous_26)
FNDA:0,(anonymous_27)
FNDA:0,(anonymous_28)
FNDA:0,(anonymous_29)
FNDA:0,(anonymous_30)
FNDA:0,(anonymous_31)
FNDA:0,(anonymous_32)
FNDA:0,(anonymous_33)
FNDA:0,(anonymous_34)
FNDA:0,(anonymous_35)
FNDA:0,(anonymous_36)
FNDA:0,(anonymous_37)
FNDA:0,(anonymous_38)
FNDA:0,(anonymous_39)
FNDA:0,(anonymous_40)
FNDA:0,(anonymous_41)
FNDA:0,(anonymous_42)
FNDA:0,(anonymous_43)
DA:1,0
DA:2,0
DA:3,0
DA:4,0
DA:5,0
DA:6,0
DA:7,0
DA:10,0
DA:11,0
DA:12,0
DA:14,0
DA:15,0
DA:16,0
DA:17,0
DA:23,0
DA:24,0
DA:27,0
DA:28,0
DA:29,0
DA:35,0
DA:36,0
DA:37,0
DA:40,0
DA:41,0
DA:42,0
DA:46,0
DA:48,0
DA:50,0
DA:51,0
DA:52,0
DA:53,0
DA:59,0
DA:60,0
DA:61,0
DA:63,0
DA:64,0
DA:65,0
DA:72,0
DA:73,0
DA:74,0
DA:75,0
DA:78,0
DA:83,0
DA:86,0
DA:87,0
DA:88,0
DA:91,0
DA:92,0
DA:93,0
DA:96,0
DA:97,0
DA:98,0
DA:105,0
DA:111,0
DA:112,0
DA:113,0
DA:114,0
DA:115,0
DA:116,0
DA:119,0
DA:120,0
DA:121,0
DA:123,0
DA:124,0
DA:127,0
DA:128,0
DA:129,0
DA:131,0
DA:132,0
DA:137,0
DA:138,0
DA:139,0
DA:141,0
DA:142,0
DA:145,0
DA:146,0
DA:147,0
DA:149,0
DA:150,0
DA:158,0
DA:159,0
DA:162,0
DA:163,0
DA:166,0
DA:167,0
DA:170,0
DA:171,0
DA:174,0
DA:175,0
DA:178,0
DA:179,0
DA:182,0
DA:183,0
DA:186,0
DA:187,0
DA:190,0
DA:191,0
DA:195,0
DA:196,0
DA:208,0
DA:209,0
DA:210,0
DA:211,0
DA:226,0
DA:228,0
DA:231,0
DA:232,0
DA:239,0
DA:240,0
DA:247,0
DA:248,0
DA:255,0
DA:262,0
DA:263,0
DA:270,0
DA:273,0
DA:286,0
DA:288,0
DA:294,0
DA:306,0
DA:307,0
DA:315,0
DA:316,0
DA:317,0
DA:318,0
DA:324,0
DA:326,0
DA:329,0
DA:330,0
DA:337,0
DA:338,0
DA:345,0
DA:347,0
DA:348,0
DA:355,0
DA:357,0
DA:358,0
DA:365,0
DA:376,0
DA:378,0
DA:396,0
DA:397,0
DA:405,0
DA:406,0
DA:407,0
DA:408,0
DA:414,0
DA:416,0
DA:419,0
DA:420,0
DA:427,0
DA:429,0
DA:430,0
DA:437,0
DA:439,0
DA:440,0
DA:447,0
DA:448,0
DA:455,0
DA:456,0
DA:459,0
DA:470,0
DA:472,0
DA:485,0
DA:486,0
DA:494,0
DA:495,0
DA:497,0
DA:499,0
DA:506,0
DA:507,0
DA:509,0
DA:510,0
DA:513,0
DA:521,0
DA:522,0
DA:523,0
DA:524,0
DA:527,0
DA:529,0
DA:530,0
DA:533,0
DA:535,0
DA:540,0
DA:541,0
DA:542,0
DA:543,0
DA:546,0
DA:552,0
DA:553,0
DA:556,0
DA:562,0
DA:567,0
DA:568,0
DA:569,0
DA:570,0
DA:573,0
DA:575,0
DA:576,0
DA:579,0
DA:581,0
DA:587,0
DA:588,0
DA:591,0
DA:593,0
DA:598,0
DA:603,0
DA:604,0
DA:605,0
DA:606,0
DA:609,0
DA:610,0
DA:612,0
DA:614,0
DA:615,0
DA:618,0
DA:628,0
DA:629,0
DA:631,0
DA:633,0
DA:639,0
DA:644,0
DA:645,0
DA:646,0
DA:647,0
DA:650,0
DA:652,0
DA:653,0
DA:656,0
DA:658,0
DA:659,0
DA:662,0
DA:663,0
DA:665,0
DA:666,0
DA:667,0
DA:668,0
DA:669,0
DA:670,0
DA:671,0
DA:674,0
DA:675,0
DA:676,0
DA:678,0
DA:679,0
DA:681,0
DA:687,0
DA:692,0
DA:693,0
DA:694,0
DA:695,0
DA:698,0
DA:700,0
DA:701,0
DA:704,0
DA:706,0
DA:707,0
DA:710,0
DA:711,0
DA:712,0
DA:715,0
DA:716,0
DA:717,0
DA:718,0
DA:719,0
DA:722,0
DA:724,0
DA:730,0
DA:735,0
DA:736,0
DA:737,0
DA:738,0
DA:741,0
DA:743,0
DA:744,0
DA:747,0
DA:749,0
DA:750,0
DA:753,0
DA:754,0
DA:756,0
DA:762,0
DA:771,0
DA:772,0
DA:773,0
DA:774,0
DA:777,0
DA:779,0
DA:781,0
DA:783,0
DA:784,0
DA:789,0
DA:790,0
DA:791,0
DA:792,0
DA:795,0
DA:797,0
DA:798,0
DA:801,0
DA:803,0
DA:808,0
DA:809,0
DA:810,0
DA:811,0
DA:814,0
DA:820,0
DA:821,0
DA:824,0
DA:826,0
DA:832,0
DA:837,0
DA:838,0
DA:839,0
DA:840,0
DA:843,0
DA:845,0
DA:846,0
DA:849,0
DA:851,0
DA:861,0
DA:866,0
DA:867,0
DA:868,0
DA:869,0
DA:872,0
DA:874,0
DA:880,0
DA:881,0
DA:884,0
DA:890,0
DA:895,0
DA:896,0
DA:897,0
DA:898,0
DA:901,0
DA:903,0
DA:904,0
DA:908,0
DA:910,0
DA:915,0
DA:920,0
DA:921,0
DA:922,0
DA:923,0
DA:926,0
DA:927,0
DA:929,0
DA:930,0
DA:933,0
DA:935,0
DA:941,0
DA:946,0
DA:947,0
DA:949,0
DA:951,0
DA:958,0
DA:959,0
DA:960,0
DA:961,0
DA:964,0
DA:965,0
DA:967,0
DA:973,0
DA:978,0
DA:979,0
DA:980,0
DA:981,0
DA:984,0
DA:990,0
DA:991,0
DA:994,0
DA:1000,0
DA:1008,0
DA:1009,0
DA:1010,0
DA:1013,0
DA:1014,0
DA:1021,0
DA:1022,0
DA:1023,0
DA:1024,0
DA:1025,0
DA:1026,0
DA:1027,0
DA:1028,0
DA:1029,0
DA:1030,0
DA:1031,0
DA:1032,0
DA:1033,0
DA:1034,0
DA:1035,0
DA:1036,0
DA:1037,0
DA:1038,0
DA:1039,0
DA:1040,0
DA:1041,0
DA:1042,0
DA:1043,0
DA:1044,0
DA:1047,0
LF:402
LH:0
BRDA:15,0,0,0
BRDA:15,0,1,0
BRDA:16,1,0,0
BRDA:16,1,1,0
BRDA:17,2,0,0
BRDA:17,2,1,0
BRDA:41,3,0,0
BRDA:41,3,1,0
BRDA:63,4,0,0
BRDA:63,4,1,0
BRDA:121,5,0,0
BRDA:121,5,1,0
BRDA:123,6,0,0
BRDA:123,6,1,0
BRDA:128,7,0,0
BRDA:128,7,1,0
BRDA:139,8,0,0
BRDA:139,8,1,0
BRDA:141,9,0,0
BRDA:141,9,1,0
BRDA:146,10,0,0
BRDA:146,10,1,0
BRDA:146,11,0,0
BRDA:146,11,1,0
BRDA:198,12,0,0
BRDA:198,12,1,0
BRDA:210,13,0,0
BRDA:210,13,1,0
BRDA:231,14,0,0
BRDA:231,14,1,0
BRDA:231,15,0,0
BRDA:231,15,1,0
BRDA:231,15,2,0
BRDA:231,15,3,0
BRDA:239,16,0,0
BRDA:239,16,1,0
BRDA:247,17,0,0
BRDA:247,17,1,0
BRDA:262,18,0,0
BRDA:262,18,1,0
BRDA:278,19,0,0
BRDA:278,19,1,0
BRDA:279,20,0,0
BRDA:279,20,1,0
BRDA:280,21,0,0
BRDA:280,21,1,0
BRDA:282,22,0,0
BRDA:282,22,1,0
BRDA:317,23,0,0
BRDA:317,23,1,0
BRDA:329,24,0,0
BRDA:329,24,1,0
BRDA:329,25,0,0
BRDA:329,25,1,0
BRDA:337,26,0,0
BRDA:337,26,1,0
BRDA:347,27,0,0
BRDA:347,27,1,0
BRDA:357,28,0,0
BRDA:357,28,1,0
BRDA:392,29,0,0
BRDA:392,29,1,0
BRDA:407,30,0,0
BRDA:407,30,1,0
BRDA:419,31,0,0
BRDA:419,31,1,0
BRDA:419,32,0,0
BRDA:419,32,1,0
BRDA:429,33,0,0
BRDA:429,33,1,0
BRDA:439,34,0,0
BRDA:439,34,1,0
BRDA:447,35,0,0
BRDA:447,35,1,0
BRDA:509,36,0,0
BRDA:509,36,1,0
BRDA:509,37,0,0
BRDA:509,37,1,0
BRDA:523,38,0,0
BRDA:523,38,1,0
BRDA:529,39,0,0
BRDA:529,39,1,0
BRDA:542,40,0,0
BRDA:542,40,1,0
BRDA:552,41,0,0
BRDA:552,41,1,0
BRDA:569,42,0,0
BRDA:569,42,1,0
BRDA:575,43,0,0
BRDA:575,43,1,0
BRDA:587,44,0,0
BRDA:587,44,1,0
BRDA:605,45,0,0
BRDA:605,45,1,0
BRDA:610,46,0,0
BRDA:610,46,1,0
BRDA:614,47,0,0
BRDA:614,47,1,0
BRDA:619,48,0,0
BRDA:619,48,1,0
BRDA:620,49,0,0
BRDA:620,49,1,0
BRDA:622,50,0,0
BRDA:622,50,1,0
BRDA:624,51,0,0
BRDA:624,51,1,0
BRDA:625,52,0,0
BRDA:625,52,1,0
BRDA:646,53,0,0
BRDA:646,53,1,0
BRDA:652,54,0,0
BRDA:652,54,1,0
BRDA:658,55,0,0
BRDA:658,55,1,0
BRDA:658,56,0,0
BRDA:658,56,1,0
BRDA:665,57,0,0
BRDA:665,57,1,0
BRDA:666,58,0,0
BRDA:666,58,1,0
BRDA:667,59,0,0
BRDA:667,59,1,0
BRDA:670,60,0,0
BRDA:670,60,1,0
BRDA:674,61,0,0
BRDA:674,61,1,0
BRDA:675,62,0,0
BRDA:675,62,1,0
BRDA:675,63,0,0
BRDA:675,63,1,0
BRDA:676,64,0,0
BRDA:676,64,1,0
BRDA:676,65,0,0
BRDA:676,65,1,0
BRDA:694,66,0,0
BRDA:694,66,1,0
BRDA:700,67,0,0
BRDA:700,67,1,0
BRDA:706,68,0,0
BRDA:706,68,1,0
BRDA:706,69,0,0
BRDA:706,69,1,0
BRDA:711,70,0,0
BRDA:711,70,1,0
BRDA:718,71,0,0
BRDA:718,71,1,0
BRDA:737,72,0,0
BRDA:737,72,1,0
BRDA:743,73,0,0
BRDA:743,73,1,0
BRDA:749,74,0,0
BRDA:749,74,1,0
BRDA:749,75,0,0
BRDA:749,75,1,0
BRDA:773,76,0,0
BRDA:773,76,1,0
BRDA:791,77,0,0
BRDA:791,77,1,0
BRDA:797,78,0,0
BRDA:797,78,1,0
BRDA:810,79,0,0
BRDA:810,79,1,0
BRDA:820,80,0,0
BRDA:820,80,1,0
BRDA:839,81,0,0
BRDA:839,81,1,0
BRDA:845,82,0,0
BRDA:845,82,1,0
BRDA:868,83,0,0
BRDA:868,83,1,0
BRDA:880,84,0,0
BRDA:880,84,1,0
BRDA:897,85,0,0
BRDA:897,85,1,0
BRDA:903,86,0,0
BRDA:903,86,1,0
BRDA:922,87,0,0
BRDA:922,87,1,0
BRDA:929,88,0,0
BRDA:929,88,1,0
BRDA:960,89,0,0
BRDA:960,89,1,0
BRDA:980,90,0,0
BRDA:980,90,1,0
BRDA:990,91,0,0
BRDA:990,91,1,0
BRDA:1031,92,0,0
BRDA:1031,92,1,0
BRDA:1043,93,0,0
BRDA:1043,93,1,0
BRF:190
BRH:0
end_of_record
TN:
SF:server/app.js
FN:53,(anonymous_0)
FN:122,createDefaultAdmin
FN:146,(anonymous_2)
FN:148,(anonymous_3)
FN:154,(anonymous_4)
FN:159,(anonymous_5)
FN:164,(anonymous_6)
FN:206,(anonymous_7)
FN:214,(anonymous_8)
FN:224,(anonymous_9)
FN:232,(anonymous_10)
FN:245,checkRateLimit
FN:275,resetRateLimit
FN:279,createNotificationSafe
FN:290,notifyActiveAdmins
FN:295,(anonymous_15)
FN:314,notifyUserByMilitaryId
FN:348,(anonymous_17)
FN:352,(anonymous_18)
FN:356,(anonymous_19)
FN:360,(anonymous_20)
FN:364,(anonymous_21)
FN:368,(anonymous_22)
FN:372,(anonymous_23)
FN:376,(anonymous_24)
FN:380,(anonymous_25)
FN:393,(anonymous_26)
FN:433,(anonymous_27)
FN:462,(anonymous_28)
FN:479,(anonymous_29)
FN:517,(anonymous_30)
FN:530,(anonymous_31)
FN:664,(anonymous_32)
FN:792,(anonymous_33)
FN:901,(anonymous_34)
FN:967,(anonymous_35)
FN:978,(anonymous_36)
FN:1007,(anonymous_37)
FN:1040,(anonymous_38)
FN:1059,(anonymous_39)
FN:1096,(anonymous_40)
FN:1128,(anonymous_41)
FN:1188,(anonymous_42)
FN:1270,(anonymous_43)
FN:1345,(anonymous_44)
FN:1389,(anonymous_45)
FN:1423,(anonymous_46)
FN:1459,(anonymous_47)
FN:1512,(anonymous_48)
FN:1591,(anonymous_49)
FN:1636,(anonymous_50)
FN:1682,(anonymous_51)
FN:1718,(anonymous_52)
FN:1791,(anonymous_53)
FN:1882,(anonymous_54)
FN:1956,(anonymous_55)
FN:1992,(anonymous_56)
FN:2010,(anonymous_57)
FN:2029,(anonymous_58)
FN:2071,(anonymous_59)
FN:2100,(anonymous_60)
FN:2169,(anonymous_61)
FN:2199,(anonymous_62)
FN:2242,(anonymous_63)
FN:2282,(anonymous_64)
FN:2327,(anonymous_65)
FN:2339,(anonymous_66)
FN:2359,(anonymous_67)
FN:2403,(anonymous_68)
FN:2432,(anonymous_69)
FN:2448,(anonymous_70)
FN:2492,(anonymous_71)
FN:2521,(anonymous_72)
FN:2553,(anonymous_73)
FN:2572,(anonymous_74)
FN:2582,(anonymous_75)
FN:2602,(anonymous_76)
FN:2616,(anonymous_77)
FN:2624,(anonymous_78)
FN:2643,(anonymous_79)
FN:2694,(anonymous_80)
FN:2741,(anonymous_81)
FN:2788,(anonymous_82)
FN:2820,(anonymous_83)
FN:2875,(anonymous_84)
FN:2893,(anonymous_85)
FN:2913,(anonymous_86)
FN:2959,(anonymous_87)
FN:2964,(anonymous_88)
FN:2972,startServer
FN:2973,(anonymous_90)
FNF:91
FNH:0
FNDA:0,(anonymous_0)
FNDA:0,createDefaultAdmin
FNDA:0,(anonymous_2)
FNDA:0,(anonymous_3)
FNDA:0,(anonymous_4)
FNDA:0,(anonymous_5)
FNDA:0,(anonymous_6)
FNDA:0,(anonymous_7)
FNDA:0,(anonymous_8)
FNDA:0,(anonymous_9)
FNDA:0,(anonymous_10)
FNDA:0,checkRateLimit
FNDA:0,resetRateLimit
FNDA:0,createNotificationSafe
FNDA:0,notifyActiveAdmins
FNDA:0,(anonymous_15)
FNDA:0,notifyUserByMilitaryId
FNDA:0,(anonymous_17)
FNDA:0,(anonymous_18)
FNDA:0,(anonymous_19)
FNDA:0,(anonymous_20)
FNDA:0,(anonymous_21)
FNDA:0,(anonymous_22)
FNDA:0,(anonymous_23)
FNDA:0,(anonymous_24)
FNDA:0,(anonymous_25)
FNDA:0,(anonymous_26)
FNDA:0,(anonymous_27)
FNDA:0,(anonymous_28)
FNDA:0,(anonymous_29)
FNDA:0,(anonymous_30)
FNDA:0,(anonymous_31)
FNDA:0,(anonymous_32)
FNDA:0,(anonymous_33)
FNDA:0,(anonymous_34)
FNDA:0,(anonymous_35)
FNDA:0,(anonymous_36)
FNDA:0,(anonymous_37)
FNDA:0,(anonymous_38)
FNDA:0,(anonymous_39)
FNDA:0,(anonymous_40)
FNDA:0,(anonymous_41)
FNDA:0,(anonymous_42)
FNDA:0,(anonymous_43)
FNDA:0,(anonymous_44)
FNDA:0,(anonymous_45)
FNDA:0,(anonymous_46)
FNDA:0,(anonymous_47)
FNDA:0,(anonymous_48)
FNDA:0,(anonymous_49)
FNDA:0,(anonymous_50)
FNDA:0,(anonymous_51)
FNDA:0,(anonymous_52)
FNDA:0,(anonymous_53)
FNDA:0,(anonymous_54)
FNDA:0,(anonymous_55)
FNDA:0,(anonymous_56)
FNDA:0,(anonymous_57)
FNDA:0,(anonymous_58)
FNDA:0,(anonymous_59)
FNDA:0,(anonymous_60)
FNDA:0,(anonymous_61)
FNDA:0,(anonymous_62)
FNDA:0,(anonymous_63)
FNDA:0,(anonymous_64)
FNDA:0,(anonymous_65)
FNDA:0,(anonymous_66)
FNDA:0,(anonymous_67)
FNDA:0,(anonymous_68)
FNDA:0,(anonymous_69)
FNDA:0,(anonymous_70)
FNDA:0,(anonymous_71)
FNDA:0,(anonymous_72)
FNDA:0,(anonymous_73)
FNDA:0,(anonymous_74)
FNDA:0,(anonymous_75)
FNDA:0,(anonymous_76)
FNDA:0,(anonymous_77)
FNDA:0,(anonymous_78)
FNDA:0,(anonymous_79)
FNDA:0,(anonymous_80)
FNDA:0,(anonymous_81)
FNDA:0,(anonymous_82)
FNDA:0,(anonymous_83)
FNDA:0,(anonymous_84)
FNDA:0,(anonymous_85)
FNDA:0,(anonymous_86)
FNDA:0,(anonymous_87)
FNDA:0,(anonymous_88)
FNDA:0,startServer
FNDA:0,(anonymous_90)
DA:1,0
DA:2,0
DA:3,0
DA:4,0
DA:5,0
DA:6,0
DA:7,0
DA:8,0
DA:9,0
DA:12,0
DA:13,0
DA:14,0
DA:15,0
DA:16,0
DA:19,0
DA:20,0
DA:23,0
DA:24,0
DA:25,0
DA:27,0
DA:28,0
DA:29,0
DA:32,0
DA:33,0
DA:34,0
DA:35,0
DA:41,0
DA:42,0
DA:45,0
DA:48,0
DA:49,0
DA:50,0
DA:53,0
DA:55,0
DA:56,0
DA:57,0
DA:58,0
DA:64,0
DA:65,0
DA:66,0
DA:67,0
DA:68,0
DA:71,0
DA:72,0
DA:73,0
DA:77,0
DA:78,0
DA:80,0
DA:81,0
DA:86,0
DA:87,0
DA:88,0
DA:94,0
DA:95,0
DA:96,0
DA:97,0
DA:98,0
DA:101,0
DA:102,0
DA:103,0
DA:107,0
DA:108,0
DA:110,0
DA:111,0
DA:112,0
DA:113,0
DA:116,0
DA:117,0
DA:123,0
DA:124,0
DA:125,0
DA:127,0
DA:128,0
DA:135,0
DA:136,0
DA:137,0
DA:138,0
DA:141,0
DA:146,0
DA:147,0
DA:149,0
DA:150,0
DA:154,0
DA:155,0
DA:156,0
DA:159,0
DA:160,0
DA:161,0
DA:164,0
DA:165,0
DA:166,0
DA:174,0
DA:175,0
DA:176,0
DA:177,0
DA:178,0
DA:179,0
DA:182,0
DA:183,0
DA:186,0
DA:188,0
DA:195,0
DA:196,0
DA:197,0
DA:198,0
DA:199,0
DA:200,0
DA:203,0
DA:206,0
DA:207,0
DA:208,0
DA:210,0
DA:211,0
DA:214,0
DA:215,0
DA:216,0
DA:218,0
DA:219,0
DA:224,0
DA:225,0
DA:226,0
DA:228,0
DA:229,0
DA:232,0
DA:233,0
DA:234,0
DA:236,0
DA:240,0
DA:246,0
DA:247,0
DA:249,0
DA:250,0
DA:251,0
DA:255,0
DA:256,0
DA:257,0
DA:261,0
DA:262,0
DA:263,0
DA:271,0
DA:272,0
DA:276,0
DA:280,0
DA:281,0
DA:282,0
DA:283,0
DA:285,0
DA:286,0
DA:291,0
DA:292,0
DA:293,0
DA:295,0
DA:306,0
DA:307,0
DA:309,0
DA:310,0
DA:321,0
DA:322,0
DA:323,0
DA:325,0
DA:339,0
DA:340,0
DA:348,0
DA:349,0
DA:352,0
DA:353,0
DA:356,0
DA:357,0
DA:360,0
DA:361,0
DA:364,0
DA:365,0
DA:368,0
DA:369,0
DA:372,0
DA:373,0
DA:376,0
DA:377,0
DA:380,0
DA:381,0
DA:389,0
DA:394,0
DA:395,0
DA:397,0
DA:398,0
DA:404,0
DA:407,0
DA:413,0
DA:419,0
DA:420,0
DA:429,0
DA:434,0
DA:435,0
DA:437,0
DA:438,0
DA:444,0
DA:446,0
DA:452,0
DA:453,0
DA:462,0
DA:463,0
DA:464,0
DA:465,0
DA:470,0
DA:471,0
DA:479,0
DA:480,0
DA:481,0
DA:482,0
DA:483,0
DA:486,0
DA:487,0
DA:488,0
DA:494,0
DA:496,0
DA:497,0
DA:502,0
DA:508,0
DA:509,0
DA:517,0
DA:518,0
DA:530,0
DA:531,0
DA:532,0
DA:533,0
DA:548,0
DA:550,0
DA:553,0
DA:554,0
DA:561,0
DA:562,0
DA:569,0
DA:570,0
DA:577,0
DA:584,0
DA:585,0
DA:592,0
DA:606,0
DA:608,0
DA:619,0
DA:626,0
DA:627,0
DA:629,0
DA:633,0
DA:634,0
DA:635,0
DA:637,0
DA:641,0
DA:655,0
DA:656,0
DA:664,0
DA:665,0
DA:666,0
DA:667,0
DA:673,0
DA:675,0
DA:678,0
DA:679,0
DA:680,0
DA:687,0
DA:688,0
DA:695,0
DA:696,0
DA:703,0
DA:705,0
DA:706,0
DA:713,0
DA:715,0
DA:716,0
DA:724,0
DA:725,0
DA:726,0
DA:739,0
DA:742,0
DA:753,0
DA:756,0
DA:765,0
DA:783,0
DA:784,0
DA:792,0
DA:793,0
DA:794,0
DA:795,0
DA:801,0
DA:803,0
DA:806,0
DA:807,0
DA:808,0
DA:815,0
DA:816,0
DA:823,0
DA:825,0
DA:826,0
DA:827,0
DA:834,0
DA:837,0
DA:839,0
DA:841,0
DA:842,0
DA:843,0
DA:851,0
DA:854,0
DA:855,0
DA:862,0
DA:863,0
DA:866,0
DA:877,0
DA:879,0
DA:892,0
DA:893,0
DA:901,0
DA:902,0
DA:903,0
DA:905,0
DA:906,0
DA:913,0
DA:916,0
DA:922,0
DA:924,0
DA:925,0
DA:928,0
DA:929,0
DA:930,0
DA:931,0
DA:933,0
DA:938,0
DA:939,0
DA:940,0
DA:941,0
DA:943,0
DA:947,0
DA:948,0
DA:949,0
DA:950,0
DA:952,0
DA:958,0
DA:959,0
DA:967,0
DA:968,0
DA:970,0
DA:971,0
DA:974,0
DA:978,0
DA:979,0
DA:980,0
DA:982,0
DA:983,0
DA:986,0
DA:987,0
DA:989,0
DA:990,0
DA:993,0
DA:1002,0
DA:1007,0
DA:1008,0
DA:1009,0
DA:1011,0
DA:1012,0
DA:1015,0
DA:1016,0
DA:1018,0
DA:1019,0
DA:1022,0
DA:1031,0
DA:1040,0
DA:1041,0
DA:1042,0
DA:1043,0
DA:1046,0
DA:1048,0
DA:1049,0
DA:1052,0
DA:1054,0
DA:1059,0
DA:1060,0
DA:1061,0
DA:1062,0
DA:1065,0
DA:1071,0
DA:1072,0
DA:1075,0
DA:1085,0
DA:1091,0
DA:1096,0
DA:1097,0
DA:1098,0
DA:1099,0
DA:1102,0
DA:1105,0
DA:1107,0
DA:1108,0
DA:1114,0
DA:1116,0
DA:1117,0
DA:1120,0
DA:1121,0
DA:1122,0
DA:1123,0
DA:1124,0
DA:1126,0
DA:1127,0
DA:1128,0
DA:1129,0
DA:1130,0
DA:1131,0
DA:1132,0
DA:1133,0
DA:1138,0
DA:1140,0
DA:1154,0
DA:1165,0
DA:1167,0
DA:1174,0
DA:1175,0
DA:1183,0
DA:1189,0
DA:1190,0
DA:1191,0
DA:1194,0
DA:1195,0
DA:1197,0
DA:1198,0
DA:1201,0
DA:1202,0
DA:1208,0
DA:1209,0
DA:1211,0
DA:1223,0
DA:1224,0
DA:1227,0
DA:1241,0
DA:1252,0
DA:1254,0
DA:1260,0
DA:1261,0
DA:1270,0
DA:1271,0
DA:1272,0
DA:1273,0
DA:1276,0
DA:1278,0
DA:1279,0
DA:1286,0
DA:1298,0
DA:1299,0
DA:1302,0
DA:1313,0
DA:1318,0
DA:1320,0
DA:1332,0
DA:1333,0
DA:1345,0
DA:1346,0
DA:1347,0
DA:1348,0
DA:1351,0
DA:1354,0
DA:1355,0
DA:1356,0
DA:1360,0
DA:1366,0
DA:1372,0
DA:1374,0
DA:1380,0
DA:1381,0
DA:1389,0
DA:1390,0
DA:1391,0
DA:1392,0
DA:1395,0
DA:1397,0
DA:1403,0
DA:1404,0
DA:1407,0
DA:1409,0
DA:1414,0
DA:1415,0
DA:1423,0
DA:1424,0
DA:1425,0
DA:1426,0
DA:1429,0
DA:1432,0
DA:1433,0
DA:1434,0
DA:1438,0
DA:1443,0
DA:1445,0
DA:1450,0
DA:1451,0
DA:1459,0
DA:1460,0
DA:1461,0
DA:1462,0
DA:1465,0
DA:1467,0
DA:1468,0
DA:1475,0
DA:1476,0
DA:1477,0
DA:1481,0
DA:1493,0
DA:1495,0
DA:1497,0
DA:1503,0
DA:1504,0
DA:1512,0
DA:1513,0
DA:1514,0
DA:1515,0
DA:1518,0
DA:1520,0
DA:1521,0
DA:1525,0
DA:1526,0
DA:1527,0
DA:1531,0
DA:1532,0
DA:1535,0
DA:1542,0
DA:1544,0
DA:1545,0
DA:1549,0
DA:1550,0
DA:1551,0
DA:1552,0
DA:1554,0
DA:1557,0
DA:1558,0
DA:1559,0
DA:1560,0
DA:1561,0
DA:1562,0
DA:1563,0
DA:1566,0
DA:1571,0
DA:1578,0
DA:1579,0
DA:1583,0
DA:1585,0
DA:1586,0
DA:1591,0
DA:1592,0
DA:1593,0
DA:1595,0
DA:1596,0
DA:1599,0
DA:1601,0
DA:1602,0
DA:1606,0
DA:1607,0
DA:1608,0
DA:1612,0
DA:1613,0
DA:1614,0
DA:1618,0
DA:1619,0
DA:1620,0
DA:1626,0
DA:1631,0
DA:1636,0
DA:1637,0
DA:1638,0
DA:1639,0
DA:1642,0
DA:1644,0
DA:1645,0
DA:1648,0
DA:1650,0
DA:1651,0
DA:1655,0
DA:1656,0
DA:1662,0
DA:1663,0
DA:1667,0
DA:1669,0
DA:1671,0
DA:1676,0
DA:1677,0
DA:1682,0
DA:1683,0
DA:1684,0
DA:1685,0
DA:1688,0
DA:1690,0
DA:1691,0
DA:1694,0
DA:1696,0
DA:1702,0
DA:1703,0
DA:1706,0
DA:1708,0
DA:1713,0
DA:1718,0
DA:1719,0
DA:1720,0
DA:1721,0
DA:1724,0
DA:1725,0
DA:1727,0
DA:1729,0
DA:1730,0
DA:1733,0
DA:1743,0
DA:1744,0
DA:1747,0
DA:1762,0
DA:1763,0
DA:1766,0
DA:1778,0
DA:1780,0
DA:1786,0
DA:1791,0
DA:1792,0
DA:1793,0
DA:1794,0
DA:1797,0
DA:1799,0
DA:1800,0
DA:1803,0
DA:1805,0
DA:1806,0
DA:1809,0
DA:1810,0
DA:1811,0
DA:1813,0
DA:1814,0
DA:1815,0
DA:1816,0
DA:1817,0
DA:1818,0
DA:1819,0
DA:1822,0
DA:1823,0
DA:1824,0
DA:1826,0
DA:1827,0
DA:1829,0
DA:1830,0
DA:1831,0
DA:1845,0
DA:1856,0
DA:1871,0
DA:1877,0
DA:1882,0
DA:1883,0
DA:1884,0
DA:1885,0
DA:1888,0
DA:1890,0
DA:1891,0
DA:1894,0
DA:1896,0
DA:1897,0
DA:1900,0
DA:1901,0
DA:1902,0
DA:1905,0
DA:1906,0
DA:1907,0
DA:1908,0
DA:1909,0
DA:1910,0
DA:1913,0
DA:1915,0
DA:1916,0
DA:1917,0
DA:1919,0
DA:1933,0
DA:1945,0
DA:1951,0
DA:1956,0
DA:1957,0
DA:1958,0
DA:1959,0
DA:1962,0
DA:1964,0
DA:1965,0
DA:1968,0
DA:1970,0
DA:1971,0
DA:1974,0
DA:1975,0
DA:1977,0
DA:1983,0
DA:1992,0
DA:1993,0
DA:1994,0
DA:1995,0
DA:1998,0
DA:2000,0
DA:2002,0
DA:2004,0
DA:2005,0
DA:2010,0
DA:2011,0
DA:2012,0
DA:2013,0
DA:2016,0
DA:2018,0
DA:2019,0
DA:2022,0
DA:2024,0
DA:2029,0
DA:2030,0
DA:2031,0
DA:2032,0
DA:2035,0
DA:2041,0
DA:2042,0
DA:2045,0
DA:2058,0
DA:2060,0
DA:2066,0
DA:2071,0
DA:2072,0
DA:2073,0
DA:2074,0
DA:2077,0
DA:2079,0
DA:2080,0
DA:2083,0
DA:2085,0
DA:2095,0
DA:2100,0
DA:2101,0
DA:2102,0
DA:2103,0
DA:2106,0
DA:2107,0
DA:2108,0
DA:2113,0
DA:2114,0
DA:2115,0
DA:2117,0
DA:2120,0
DA:2132,0
DA:2133,0
DA:2136,0
DA:2149,0
DA:2151,0
DA:2163,0
DA:2164,0
DA:2169,0
DA:2170,0
DA:2171,0
DA:2172,0
DA:2175,0
DA:2177,0
DA:2178,0
DA:2181,0
DA:2183,0
DA:2193,0
DA:2194,0
DA:2199,0
DA:2200,0
DA:2201,0
DA:2202,0
DA:2205,0
DA:2207,0
DA:2213,0
DA:2214,0
DA:2217,0
DA:2231,0
DA:2237,0
DA:2242,0
DA:2243,0
DA:2244,0
DA:2245,0
DA:2248,0
DA:2250,0
DA:2251,0
DA:2254,0
DA:2255,0
DA:2257,0
DA:2270,0
DA:2272,0
DA:2277,0
DA:2282,0
DA:2283,0
DA:2284,0
DA:2285,0
DA:2288,0
DA:2289,0
DA:2291,0
DA:2292,0
DA:2295,0
DA:2296,0
DA:2298,0
DA:2314,0
DA:2316,0
DA:2322,0
DA:2327,0
DA:2328,0
DA:2330,0
DA:2332,0
DA:2339,0
DA:2340,0
DA:2341,0
DA:2342,0
DA:2345,0
DA:2346,0
DA:2348,0
DA:2354,0
DA:2359,0
DA:2360,0
DA:2361,0
DA:2362,0
DA:2365,0
DA:2371,0
DA:2372,0
DA:2375,0
DA:2388,0
DA:2394,0
DA:2403,0
DA:2404,0
DA:2405,0
DA:2406,0
DA:2408,0
DA:2409,0
DA:2410,0
DA:2411,0
DA:2412,0
DA:2413,0
DA:2416,0
DA:2424,0
DA:2426,0
DA:2427,0
DA:2432,0
DA:2433,0
DA:2434,0
DA:2435,0
DA:2436,0
DA:2439,0
DA:2440,0
DA:2442,0
DA:2443,0
DA:2448,0
DA:2449,0
DA:2458,0
DA:2473,0
DA:2486,0
DA:2487,0
DA:2492,0
DA:2493,0
DA:2494,0
DA:2495,0
DA:2497,0
DA:2513,0
DA:2515,0
DA:2516,0
DA:2521,0
DA:2522,0
DA:2523,0
DA:2524,0
DA:2526,0
DA:2541,0
DA:2543,0
DA:2544,0
DA:2553,0
DA:2554,0
DA:2555,0
DA:2556,0
DA:2559,0
DA:2567,0
DA:2569,0
DA:2570,0
DA:2572,0
DA:2573,0
DA:2582,0
DA:2583,0
DA:2586,0
DA:2587,0
DA:2588,0
DA:2592,0
DA:2593,0
DA:2594,0
DA:2596,0
DA:2597,0
DA:2602,0
DA:2603,0
DA:2604,0
DA:2605,0
DA:2612,0
DA:2613,0
DA:2614,0
DA:2616,0
DA:2617,0
DA:2624,0
DA:2625,0
DA:2628,0
DA:2629,0
DA:2630,0
DA:2633,0
DA:2634,0
DA:2635,0
DA:2637,0
DA:2638,0
DA:2643,0
DA:2644,0
DA:2645,0
DA:2647,0
DA:2648,0
DA:2651,0
DA:2653,0
DA:2654,0
DA:2656,0
DA:2657,0
DA:2658,0
DA:2659,0
DA:2660,0
DA:2664,0
DA:2665,0
DA:2666,0
DA:2668,0
DA:2669,0
DA:2674,0
DA:2682,0
DA:2684,0
DA:2685,0
DA:2694,0
DA:2695,0
DA:2696,0
DA:2698,0
DA:2699,0
DA:2702,0
DA:2708,0
DA:2709,0
DA:2720,0
DA:2729,0
DA:2735,0
DA:2736,0
DA:2741,0
DA:2742,0
DA:2743,0
DA:2745,0
DA:2746,0
DA:2749,0
DA:2755,0
DA:2756,0
DA:2767,0
DA:2776,0
DA:2782,0
DA:2783,0
DA:2788,0
DA:2789,0
DA:2790,0
DA:2792,0
DA:2793,0
DA:2796,0
DA:2799,0
DA:2808,0
DA:2814,0
DA:2815,0
DA:2820,0
DA:2821,0
DA:2822,0
DA:2824,0
DA:2825,0
DA:2828,0
DA:2829,0
DA:2832,0
DA:2838,0
DA:2839,0
DA:2850,0
DA:2859,0
DA:2865,0
DA:2866,0
DA:2875,0
DA:2876,0
DA:2877,0
DA:2878,0
DA:2879,0
DA:2882,0
DA:2883,0
DA:2885,0
DA:2887,0
DA:2888,0
DA:2893,0
DA:2894,0
DA:2895,0
DA:2896,0
DA:2897,0
DA:2900,0
DA:2901,0
DA:2907,0
DA:2908,0
DA:2913,0
DA:2914,0
DA:2915,0
DA:2917,0
DA:2918,0
DA:2921,0
DA:2922,0
DA:2923,0
DA:2931,0
DA:2935,0
DA:2944,0
DA:2950,0
DA:2951,0
DA:2959,0
DA:2960,0
DA:2961,0
DA:2964,0
DA:2965,0
DA:2973,0
DA:2974,0
DA:2975,0
DA:2976,0
DA:2977,0
DA:2978,0
DA:2979,0
DA:2980,0
DA:2981,0
DA:2982,0
DA:2983,0
DA:2984,0
DA:2985,0
DA:2986,0
DA:2987,0
DA:2988,0
DA:2989,0
DA:2990,0
DA:2991,0
DA:2992,0
DA:2993,0
DA:2994,0
DA:2996,0
DA:2997,0
DA:2999,0
DA:3000,0
DA:3001,0
DA:3003,0
DA:3007,0
LF:1034
LH:0
BRDA:28,0,0,0
BRDA:28,0,1,0
BRDA:29,1,0,0
BRDA:29,1,1,0
BRDA:32,2,0,0
BRDA:32,2,1,0
BRDA:33,3,0,0
BRDA:33,3,1,0
BRDA:34,4,0,0
BRDA:34,4,1,0
BRDA:55,5,0,0
BRDA:55,5,1,0
BRDA:65,6,0,0
BRDA:65,6,1,0
BRDA:72,7,0,0
BRDA:72,7,1,0
BRDA:102,8,0,0
BRDA:102,8,1,0
BRDA:127,9,0,0
BRDA:127,9,1,0
BRDA:208,10,0,0
BRDA:208,10,1,0
BRDA:210,11,0,0
BRDA:210,11,1,0
BRDA:215,12,0,0
BRDA:215,12,1,0
BRDA:226,13,0,0
BRDA:226,13,1,0
BRDA:228,14,0,0
BRDA:228,14,1,0
BRDA:233,15,0,0
BRDA:233,15,1,0
BRDA:233,16,0,0
BRDA:233,16,1,0
BRDA:238,17,0,0
BRDA:238,17,1,0
BRDA:249,18,0,0
BRDA:249,18,1,0
BRDA:255,19,0,0
BRDA:255,19,1,0
BRDA:261,20,0,0
BRDA:261,20,1,0
BRDA:290,21,0,0
BRDA:290,22,0,0
BRDA:293,23,0,0
BRDA:293,23,1,0
BRDA:315,24,0,0
BRDA:318,25,0,0
BRDA:319,26,0,0
BRDA:323,27,0,0
BRDA:323,27,1,0
BRDA:397,28,0,0
BRDA:397,28,1,0
BRDA:437,29,0,0
BRDA:437,29,1,0
BRDA:437,30,0,0
BRDA:437,30,1,0
BRDA:482,31,0,0
BRDA:487,32,0,0
BRDA:487,32,1,0
BRDA:496,33,0,0
BRDA:496,33,1,0
BRDA:520,34,0,0
BRDA:520,34,1,0
BRDA:532,35,0,0
BRDA:532,35,1,0
BRDA:553,36,0,0
BRDA:553,36,1,0
BRDA:553,37,0,0
BRDA:553,37,1,0
BRDA:553,37,2,0
BRDA:553,37,3,0
BRDA:561,38,0,0
BRDA:561,38,1,0
BRDA:569,39,0,0
BRDA:569,39,1,0
BRDA:584,40,0,0
BRDA:584,40,1,0
BRDA:597,41,0,0
BRDA:597,41,1,0
BRDA:598,42,0,0
BRDA:598,42,1,0
BRDA:599,43,0,0
BRDA:599,43,1,0
BRDA:601,44,0,0
BRDA:601,44,1,0
BRDA:633,45,0,0
BRDA:633,45,1,0
BRDA:633,46,0,0
BRDA:633,46,1,0
BRDA:666,47,0,0
BRDA:666,47,1,0
BRDA:679,48,0,0
BRDA:679,48,1,0
BRDA:687,49,0,0
BRDA:687,49,1,0
BRDA:687,50,0,0
BRDA:687,50,1,0
BRDA:695,51,0,0
BRDA:695,51,1,0
BRDA:705,52,0,0
BRDA:705,52,1,0
BRDA:715,53,0,0
BRDA:715,53,1,0
BRDA:724,54,0,0
BRDA:724,54,1,0
BRDA:761,55,0,0
BRDA:761,55,1,0
BRDA:779,56,0,0
BRDA:779,56,1,0
BRDA:794,57,0,0
BRDA:794,57,1,0
BRDA:807,58,0,0
BRDA:807,58,1,0
BRDA:815,59,0,0
BRDA:815,59,1,0
BRDA:815,60,0,0
BRDA:815,60,1,0
BRDA:825,61,0,0
BRDA:825,61,1,0
BRDA:841,62,0,0
BRDA:841,62,1,0
BRDA:854,63,0,0
BRDA:854,63,1,0
BRDA:905,64,0,0
BRDA:905,64,1,0
BRDA:905,65,0,0
BRDA:905,65,1,0
BRDA:916,66,0,0
BRDA:916,66,1,0
BRDA:928,67,0,0
BRDA:928,67,1,0
BRDA:930,68,0,0
BRDA:930,68,1,0
BRDA:938,69,0,0
BRDA:938,69,1,0
BRDA:940,70,0,0
BRDA:940,70,1,0
BRDA:948,71,0,0
BRDA:948,71,1,0
BRDA:949,72,0,0
BRDA:949,72,1,0
BRDA:950,73,0,0
BRDA:950,73,1,0
BRDA:970,74,0,0
BRDA:970,74,1,0
BRDA:970,75,0,0
BRDA:970,75,1,0
BRDA:980,76,0,0
BRDA:980,76,1,0
BRDA:982,77,0,0
BRDA:982,77,1,0
BRDA:989,78,0,0
BRDA:989,78,1,0
BRDA:1009,79,0,0
BRDA:1009,79,1,0
BRDA:1011,80,0,0
BRDA:1011,80,1,0
BRDA:1018,81,0,0
BRDA:1018,81,1,0
BRDA:1042,82,0,0
BRDA:1042,82,1,0
BRDA:1048,83,0,0
BRDA:1048,83,1,0
BRDA:1061,84,0,0
BRDA:1061,84,1,0
BRDA:1071,85,0,0
BRDA:1071,85,1,0
BRDA:1098,86,0,0
BRDA:1098,86,1,0
BRDA:1107,87,0,0
BRDA:1107,87,1,0
BRDA:1107,88,0,0
BRDA:1107,88,1,0
BRDA:1116,89,0,0
BRDA:1116,89,1,0
BRDA:1127,90,0,0
BRDA:1127,90,1,0
BRDA:1129,91,0,0
BRDA:1129,91,1,0
BRDA:1129,92,0,0
BRDA:1129,92,1,0
BRDA:1130,93,0,0
BRDA:1130,93,1,0
BRDA:1131,94,0,0
BRDA:1131,94,1,0
BRDA:1131,95,0,0
BRDA:1131,95,1,0
BRDA:1190,96,0,0
BRDA:1190,96,1,0
BRDA:1195,97,0,0
BRDA:1195,97,1,0
BRDA:1195,97,2,0
BRDA:1197,98,0,0
BRDA:1197,98,1,0
BRDA:1197,99,0,0
BRDA:1197,99,1,0
BRDA:1197,99,2,0
BRDA:1201,100,0,0
BRDA:1201,100,1,0
BRDA:1223,101,0,0
BRDA:1223,101,1,0
BRDA:1272,102,0,0
BRDA:1272,102,1,0
BRDA:1278,103,0,0
BRDA:1278,103,1,0
BRDA:1278,104,0,0
BRDA:1278,104,1,0
BRDA:1298,105,0,0
BRDA:1298,105,1,0
BRDA:1347,106,0,0
BRDA:1347,106,1,0
BRDA:1355,107,0,0
BRDA:1355,107,1,0
BRDA:1391,108,0,0
BRDA:1391,108,1,0
BRDA:1403,109,0,0
BRDA:1403,109,1,0
BRDA:1425,110,0,0
BRDA:1425,110,1,0
BRDA:1433,111,0,0
BRDA:1433,111,1,0
BRDA:1461,112,0,0
BRDA:1461,112,1,0
BRDA:1467,113,0,0
BRDA:1467,113,1,0
BRDA:1467,114,0,0
BRDA:1467,114,1,0
BRDA:1467,114,2,0
BRDA:1467,114,3,0
BRDA:1476,115,0,0
BRDA:1476,115,1,0
BRDA:1487,116,0,0
BRDA:1487,116,1,0
BRDA:1489,117,0,0
BRDA:1489,117,1,0
BRDA:1490,118,0,0
BRDA:1490,118,1,0
BRDA:1514,119,0,0
BRDA:1514,119,1,0
BRDA:1520,120,0,0
BRDA:1520,120,1,0
BRDA:1526,121,0,0
BRDA:1526,121,1,0
BRDA:1544,122,0,0
BRDA:1544,122,1,0
BRDA:1550,123,0,0
BRDA:1550,123,1,0
BRDA:1551,124,0,0
BRDA:1551,124,1,0
BRDA:1558,125,0,0
BRDA:1558,125,1,0
BRDA:1562,126,0,0
BRDA:1562,126,1,0
BRDA:1573,127,0,0
BRDA:1573,127,1,0
BRDA:1578,128,0,0
BRDA:1578,128,1,0
BRDA:1595,129,0,0
BRDA:1595,129,1,0
BRDA:1595,130,0,0
BRDA:1595,130,1,0
BRDA:1601,131,0,0
BRDA:1601,131,1,0
BRDA:1606,132,0,0
BRDA:1606,132,1,0
BRDA:1612,133,0,0
BRDA:1612,133,1,0
BRDA:1618,134,0,0
BRDA:1618,134,1,0
BRDA:1638,135,0,0
BRDA:1638,135,1,0
BRDA:1644,136,0,0
BRDA:1644,136,1,0
BRDA:1644,137,0,0
BRDA:1644,137,1,0
BRDA:1644,137,2,0
BRDA:1650,138,0,0
BRDA:1650,138,1,0
BRDA:1650,139,0,0
BRDA:1650,139,1,0
BRDA:1662,140,0,0
BRDA:1662,140,1,0
BRDA:1684,141,0,0
BRDA:1684,141,1,0
BRDA:1690,142,0,0
BRDA:1690,142,1,0
BRDA:1702,143,0,0
BRDA:1702,143,1,0
BRDA:1720,144,0,0
BRDA:1720,144,1,0
BRDA:1725,145,0,0
BRDA:1725,145,1,0
BRDA:1729,146,0,0
BRDA:1729,146,1,0
BRDA:1734,147,0,0
BRDA:1734,147,1,0
BRDA:1735,148,0,0
BRDA:1735,148,1,0
BRDA:1737,149,0,0
BRDA:1737,149,1,0
BRDA:1739,150,0,0
BRDA:1739,150,1,0
BRDA:1740,151,0,0
BRDA:1740,151,1,0
BRDA:1762,152,0,0
BRDA:1762,152,1,0
BRDA:1793,153,0,0
BRDA:1793,153,1,0
BRDA:1799,154,0,0
BRDA:1799,154,1,0
BRDA:1805,155,0,0
BRDA:1805,155,1,0
BRDA:1805,156,0,0
BRDA:1805,156,1,0
BRDA:1811,157,0,0
BRDA:1811,157,1,0
BRDA:1813,158,0,0
BRDA:1813,158,1,0
BRDA:1814,159,0,0
BRDA:1814,159,1,0
BRDA:1815,160,0,0
BRDA:1815,160,1,0
BRDA:1818,161,0,0
BRDA:1818,161,1,0
BRDA:1822,162,0,0
BRDA:1822,162,1,0
BRDA:1823,163,0,0
BRDA:1823,163,1,0
BRDA:1823,164,0,0
BRDA:1823,164,1,0
BRDA:1824,165,0,0
BRDA:1824,165,1,0
BRDA:1824,166,0,0
BRDA:1824,166,1,0
BRDA:1829,167,0,0
BRDA:1829,167,1,0
BRDA:1830,168,0,0
BRDA:1830,168,1,0
BRDA:1830,169,0,0
BRDA:1830,169,1,0
BRDA:1836,170,0,0
BRDA:1836,170,1,0
BRDA:1841,171,0,0
BRDA:1841,171,1,0
BRDA:1848,172,0,0
BRDA:1848,172,1,0
BRDA:1852,173,0,0
BRDA:1852,173,1,0
BRDA:1861,174,0,0
BRDA:1861,174,1,0
BRDA:1866,175,0,0
BRDA:1866,175,1,0
BRDA:1884,176,0,0
BRDA:1884,176,1,0
BRDA:1890,177,0,0
BRDA:1890,177,1,0
BRDA:1896,178,0,0
BRDA:1896,178,1,0
BRDA:1896,179,0,0
BRDA:1896,179,1,0
BRDA:1901,180,0,0
BRDA:1901,180,1,0
BRDA:1905,181,0,0
BRDA:1905,181,1,0
BRDA:1909,182,0,0
BRDA:1909,182,1,0
BRDA:1915,183,0,0
BRDA:1915,183,1,0
BRDA:1915,184,0,0
BRDA:1915,184,1,0
BRDA:1917,185,0,0
BRDA:1917,185,1,0
BRDA:1958,186,0,0
BRDA:1958,186,1,0
BRDA:1964,187,0,0
BRDA:1964,187,1,0
BRDA:1970,188,0,0
BRDA:1970,188,1,0
BRDA:1970,189,0,0
BRDA:1970,189,1,0
BRDA:1994,190,0,0
BRDA:1994,190,1,0
BRDA:2012,191,0,0
BRDA:2012,191,1,0
BRDA:2018,192,0,0
BRDA:2018,192,1,0
BRDA:2031,193,0,0
BRDA:2031,193,1,0
BRDA:2041,194,0,0
BRDA:2041,194,1,0
BRDA:2073,195,0,0
BRDA:2073,195,1,0
BRDA:2079,196,0,0
BRDA:2079,196,1,0
BRDA:2102,197,0,0
BRDA:2102,197,1,0
BRDA:2107,198,0,0
BRDA:2107,198,1,0
BRDA:2132,199,0,0
BRDA:2132,199,1,0
BRDA:2171,200,0,0
BRDA:2171,200,1,0
BRDA:2177,201,0,0
BRDA:2177,201,1,0
BRDA:2201,202,0,0
BRDA:2201,202,1,0
BRDA:2213,203,0,0
BRDA:2213,203,1,0
BRDA:2244,204,0,0
BRDA:2244,204,1,0
BRDA:2250,205,0,0
BRDA:2250,205,1,0
BRDA:2284,206,0,0
BRDA:2284,206,1,0
BRDA:2291,207,0,0
BRDA:2291,207,1,0
BRDA:2303,208,0,0
BRDA:2303,208,1,0
BRDA:2310,209,0,0
BRDA:2310,209,1,0
BRDA:2341,210,0,0
BRDA:2341,210,1,0
BRDA:2361,211,0,0
BRDA:2361,211,1,0
BRDA:2371,212,0,0
BRDA:2371,212,1,0
BRDA:2405,213,0,0
BRDA:2408,214,0,0
BRDA:2408,214,1,0
BRDA:2409,215,0,0
BRDA:2409,215,1,0
BRDA:2410,216,0,0
BRDA:2410,216,1,0
BRDA:2410,217,0,0
BRDA:2410,217,1,0
BRDA:2412,218,0,0
BRDA:2412,218,1,0
BRDA:2413,219,0,0
BRDA:2413,219,1,0
BRDA:2435,220,0,0
BRDA:2435,220,1,0
BRDA:2480,221,0,0
BRDA:2480,221,1,0
BRDA:2494,222,0,0
BRDA:2494,222,1,0
BRDA:2523,223,0,0
BRDA:2523,223,1,0
BRDA:2555,224,0,0
BRDA:2555,224,1,0
BRDA:2564,225,0,0
BRDA:2564,225,1,0
BRDA:2567,226,0,0
BRDA:2567,226,1,0
BRDA:2574,227,0,0
BRDA:2574,227,1,0
BRDA:2575,228,0,0
BRDA:2575,228,1,0
BRDA:2576,229,0,0
BRDA:2576,229,1,0
BRDA:2577,230,0,0
BRDA:2577,230,1,0
BRDA:2578,231,0,0
BRDA:2578,231,1,0
BRDA:2579,232,0,0
BRDA:2579,232,1,0
BRDA:2580,233,0,0
BRDA:2580,233,1,0
BRDA:2581,234,0,0
BRDA:2581,234,1,0
BRDA:2604,235,0,0
BRDA:2604,235,1,0
BRDA:2612,236,0,0
BRDA:2612,236,1,0
BRDA:2619,237,0,0
BRDA:2619,237,1,0
BRDA:2620,238,0,0
BRDA:2620,238,1,0
BRDA:2621,239,0,0
BRDA:2621,239,1,0
BRDA:2622,240,0,0
BRDA:2622,240,1,0
BRDA:2622,240,2,0
BRDA:2623,241,0,0
BRDA:2623,241,1,0
BRDA:2647,242,0,0
BRDA:2647,242,1,0
BRDA:2657,243,0,0
BRDA:2657,243,1,0
BRDA:2679,244,0,0
BRDA:2679,244,1,0
BRDA:2698,245,0,0
BRDA:2698,245,1,0
BRDA:2698,246,0,0
BRDA:2698,246,1,0
BRDA:2726,247,0,0
BRDA:2726,247,1,0
BRDA:2745,248,0,0
BRDA:2745,248,1,0
BRDA:2745,249,0,0
BRDA:2745,249,1,0
BRDA:2773,250,0,0
BRDA:2773,250,1,0
BRDA:2792,251,0,0
BRDA:2792,251,1,0
BRDA:2792,252,0,0
BRDA:2792,252,1,0
BRDA:2805,253,0,0
BRDA:2805,253,1,0
BRDA:2824,254,0,0
BRDA:2824,254,1,0
BRDA:2824,255,0,0
BRDA:2824,255,1,0
BRDA:2828,256,0,0
BRDA:2828,256,1,0
BRDA:2856,257,0,0
BRDA:2856,257,1,0
BRDA:2878,258,0,0
BRDA:2878,258,1,0
BRDA:2896,259,0,0
BRDA:2896,259,1,0
BRDA:2904,260,0,0
BRDA:2904,260,1,0
BRDA:2917,261,0,0
BRDA:2917,261,1,0
BRDA:2917,262,0,0
BRDA:2917,262,1,0
BRDA:2926,263,0,0
BRDA:2926,263,1,0
BRDA:2929,264,0,0
BRDA:2929,264,1,0
BRDA:2941,265,0,0
BRDA:2941,265,1,0
BRDA:2983,266,0,0
BRDA:2983,266,1,0
BRDA:2996,267,0,0
BRDA:2996,267,1,0
BRF:537
BRH:0
end_of_record
TN:
SF:server/config/database.js
FN:9,(anonymous_0)
FN:28,(anonymous_1)
FNF:2
FNH:0
FNDA:0,(anonymous_0)
FNDA:0,(anonymous_1)
DA:6,0
DA:7,0
DA:9,0
DA:10,0
DA:11,0
DA:13,0
DA:20,0
DA:21,0
DA:23,0
DA:24,0
DA:28,0
DA:29,0
DA:30,0
DA:31,0
DA:33,0
DA:34,0
DA:38,0
LF:17
LH:0
BRDA:11,0,0,0
BRDA:11,0,1,0
BRF:2
BRH:0
end_of_record
TN:
SF:server/middleware/activityLogger.js
FN:11,(anonymous_0)
FN:22,(anonymous_1)
FN:23,(anonymous_2)
FN:28,(anonymous_3)
FN:31,(anonymous_4)
FN:82,(anonymous_5)
FNF:6
FNH:0
FNDA:0,(anonymous_0)
FNDA:0,(anonymous_1)
FNDA:0,(anonymous_2)
FNDA:0,(anonymous_3)
FNDA:0,(anonymous_4)
FNDA:0,(anonymous_5)
DA:6,0
DA:11,0
DA:12,0
DA:22,0
DA:23,0
DA:25,0
DA:28,0
DA:30,0
DA:31,0
DA:32,0
DA:33,0
DA:42,0
DA:43,0
DA:44,0
DA:45,0
DA:46,0
DA:47,0
DA:49,0
DA:53,0
DA:54,0
DA:58,0
DA:64,0
DA:66,0
DA:72,0
DA:75,0
DA:82,0
DA:83,0
DA:84,0
DA:86,0
DA:87,0
DA:91,0
LF:31
LH:0
BRDA:12,0,0,0
BRDA:12,0,1,0
BRDA:12,0,2,0
BRDA:12,0,3,0
BRDA:12,0,4,0
BRDA:30,1,0,0
BRDA:30,1,1,0
BRDA:30,2,0,0
BRDA:30,2,1,0
BRDA:35,3,0,0
BRDA:35,3,1,0
BRDA:42,4,0,0
BRDA:42,4,1,0
BRDA:43,5,0,0
BRDA:43,5,1,0
BRDA:45,6,0,0
BRDA:45,6,1,0
BRDA:46,7,0,0
BRDA:46,7,1,0
BRDA:53,8,0,0
BRDA:53,8,1,0
BRDA:53,9,0,0
BRDA:53,9,1,0
BRDA:54,10,0,0
BRDA:54,10,1,0
BRDA:61,11,0,0
BRDA:61,11,1,0
BRF:27
BRH:0
end_of_record
TN:
SF:server/middleware/securityMiddleware.js
FN:8,(anonymous_0)
FN:61,(anonymous_1)
FN:71,(anonymous_2)
FN:82,(anonymous_3)
FN:93,(anonymous_4)
FN:102,(anonymous_5)
FN:103,(anonymous_6)
FN:106,(anonymous_7)
FN:119,(anonymous_8)
FN:131,(anonymous_9)
FN:132,(anonymous_10)
FN:183,(anonymous_11)
FN:184,(anonymous_12)
FN:209,(anonymous_13)
FN:210,(anonymous_14)
FN:228,(anonymous_15)
FN:229,(anonymous_16)
FN:242,(anonymous_17)
FN:257,(anonymous_18)
FN:258,(anonymous_19)
FN:283,(anonymous_20)
FN:284,(anonymous_21)
FNF:22
FNH:0
FNDA:0,(anonymous_0)
FNDA:0,(anonymous_1)
FNDA:0,(anonymous_2)
FNDA:0,(anonymous_3)
FNDA:0,(anonymous_4)
FNDA:0,(anonymous_5)
FNDA:0,(anonymous_6)
FNDA:0,(anonymous_7)
FNDA:0,(anonymous_8)
FNDA:0,(anonymous_9)
FNDA:0,(anonymous_10)
FNDA:0,(anonymous_11)
FNDA:0,(anonymous_12)
FNDA:0,(anonymous_13)
FNDA:0,(anonymous_14)
FNDA:0,(anonymous_15)
FNDA:0,(anonymous_16)
FNDA:0,(anonymous_17)
FNDA:0,(anonymous_18)
FNDA:0,(anonymous_19)
FNDA:0,(anonymous_20)
FNDA:0,(anonymous_21)
DA:1,0
DA:2,0
DA:3,0
DA:9,0
DA:11,0
DA:13,0
DA:36,0
DA:62,0
DA:72,0
DA:73,0
DA:83,0
DA:84,0
DA:95,0
DA:96,0
DA:103,0
DA:105,0
DA:106,0
DA:107,0
DA:109,0
DA:112,0
DA:118,0
DA:119,0
DA:120,0
DA:121,0
DA:126,0
DA:132,0
DA:133,0
DA:134,0
DA:137,0
DA:138,0
DA:142,0
DA:143,0
DA:147,0
DA:148,0
DA:152,0
DA:153,0
DA:157,0
DA:158,0
DA:161,0
DA:167,0
DA:170,0
DA:171,0
DA:178,0
DA:184,0
DA:185,0
DA:186,0
DA:188,0
DA:189,0
DA:192,0
DA:193,0
DA:196,0
DA:197,0
DA:204,0
DA:210,0
DA:212,0
DA:223,0
DA:229,0
DA:231,0
DA:240,0
DA:242,0
DA:243,0
DA:244,0
DA:245,0
DA:246,0
DA:247,0
DA:248,0
DA:252,0
DA:258,0
DA:260,0
DA:261,0
DA:268,0
DA:269,0
DA:271,0
DA:272,0
DA:278,0
DA:284,0
DA:285,0
DA:287,0
DA:288,0
DA:294,0
DA:299,0
LF:81
LH:0
BRDA:9,0,0,0
BRDA:9,0,1,0
BRDA:11,1,0,0
BRDA:11,1,1,0
BRDA:86,2,0,0
BRDA:86,2,1,0
BRDA:95,3,0,0
BRDA:95,3,1,0
BRDA:105,4,0,0
BRDA:105,4,1,0
BRDA:107,5,0,0
BRDA:107,5,1,0
BRDA:118,6,0,0
BRDA:118,6,1,0
BRDA:120,7,0,0
BRDA:120,7,1,0
BRDA:137,8,0,0
BRDA:137,8,1,0
BRDA:137,9,0,0
BRDA:137,9,1,0
BRDA:142,10,0,0
BRDA:142,10,1,0
BRDA:142,11,0,0
BRDA:142,11,1,0
BRDA:147,12,0,0
BRDA:147,12,1,0
BRDA:147,13,0,0
BRDA:147,13,1,0
BRDA:152,14,0,0
BRDA:152,14,1,0
BRDA:152,15,0,0
BRDA:152,15,1,0
BRDA:157,16,0,0
BRDA:157,16,1,0
BRDA:157,17,0,0
BRDA:157,17,1,0
BRDA:161,18,0,0
BRDA:161,18,1,0
BRDA:161,19,0,0
BRDA:161,19,1,0
BRDA:170,20,0,0
BRDA:170,20,1,0
BRDA:188,21,0,0
BRDA:188,21,1,0
BRDA:188,22,0,0
BRDA:188,22,1,0
BRDA:192,23,0,0
BRDA:192,23,1,0
BRDA:192,24,0,0
BRDA:192,24,1,0
BRDA:196,25,0,0
BRDA:196,25,1,0
BRDA:243,26,0,0
BRDA:243,26,1,0
BRDA:260,27,0,0
BRDA:260,27,1,0
BRDA:260,28,0,0
BRDA:260,28,1,0
BRDA:269,29,0,0
BRDA:269,29,1,0
BRDA:271,30,0,0
BRDA:271,30,1,0
BRDA:287,31,0,0
BRDA:287,31,1,0
BRF:64
BRH:0
end_of_record
TN:
SF:server/models/ActivityLog.js
FN:86,(anonymous_0)
FN:99,(anonymous_1)
FN:108,(anonymous_2)
FN:117,(anonymous_3)
FNF:4
FNH:0
FNDA:0,(anonymous_0)
FNDA:0,(anonymous_1)
FNDA:0,(anonymous_2)
FNDA:0,(anonymous_3)
DA:6,0
DA:8,0
DA:80,0
DA:81,0
DA:82,0
DA:83,0
DA:86,0
DA:87,0
DA:88,0
DA:89,0
DA:90,0
DA:91,0
DA:93,0
DA:94,0
DA:99,0
DA:100,0
DA:108,0
DA:109,0
DA:117,0
DA:118,0
DA:127,0
LF:21
LH:0
BRDA:99,0,0,0
BRDA:108,1,0,0
BRDA:117,2,0,0
BRF:3
BRH:0
end_of_record
TN:
SF:server/models/Admin.js
FN:85,(anonymous_0)
FN:98,(anonymous_1)
FN:103,(anonymous_2)
FN:108,(anonymous_3)
FN:143,(anonymous_4)
FNF:5
FNH:0
FNDA:0,(anonymous_0)
FNDA:0,(anonymous_1)
FNDA:0,(anonymous_2)
FNDA:0,(anonymous_3)
FNDA:0,(anonymous_4)
DA:6,0
DA:7,0
DA:9,0
DA:85,0
DA:86,0
DA:88,0
DA:89,0
DA:90,0
DA:91,0
DA:93,0
DA:98,0
DA:99,0
DA:103,0
DA:104,0
DA:108,0
DA:109,0
DA:111,0
DA:138,0
DA:139,0
DA:143,0
DA:144,0
DA:145,0
DA:146,0
DA:147,0
DA:148,0
DA:151,0
LF:26
LH:0
BRDA:86,0,0,0
BRDA:86,0,1,0
BRDA:109,1,0,0
BRDA:109,1,1,0
BRDA:138,2,0,0
BRDA:138,2,1,0
BRF:6
BRH:0
end_of_record
TN:
SF:server/models/Notification.js
FN:77,(anonymous_0)
FN:90,(anonymous_1)
FN:95,(anonymous_2)
FN:104,(anonymous_3)
FN:112,(anonymous_4)
FNF:5
FNH:0
FNDA:0,(anonymous_0)
FNDA:0,(anonymous_1)
FNDA:0,(anonymous_2)
FNDA:0,(anonymous_3)
FNDA:0,(anonymous_4)
DA:6,0
DA:8,0
DA:73,0
DA:74,0
DA:77,0
DA:78,0
DA:79,0
DA:80,0
DA:81,0
DA:82,0
DA:84,0
DA:85,0
DA:90,0
DA:91,0
DA:95,0
DA:96,0
DA:104,0
DA:105,0
DA:112,0
DA:113,0
DA:120,0
DA:122,0
LF:22
LH:0
BRDA:112,0,0,0
BRF:1
BRH:0
end_of_record
TN:
SF:server/models/Procedure.js
FNF:0
FNH:0
DA:6,0
DA:8,0
DA:49,0
LF:3
LH:0
BRF:0
BRH:0
end_of_record
TN:
SF:server/models/User.js
FN:197,(anonymous_0)
FN:210,(anonymous_1)
FN:215,(anonymous_2)
FNF:3
FNH:0
FNDA:0,(anonymous_0)
FNDA:0,(anonymous_1)
FNDA:0,(anonymous_2)
DA:6,0
DA:7,0
DA:9,0
DA:197,0
DA:198,0
DA:200,0
DA:201,0
DA:202,0
DA:203,0
DA:205,0
DA:210,0
DA:211,0
DA:215,0
DA:216,0
DA:217,0
DA:218,0
DA:219,0
DA:220,0
DA:221,0
DA:224,0
LF:20
LH:0
BRDA:198,0,0,0
BRDA:198,0,1,0
BRF:2
BRH:0
end_of_record
TN:
SF:server/services/emailService.js
FN:5,(anonymous_0)
FN:11,(anonymous_1)
FN:46,(anonymous_2)
FN:53,(anonymous_3)
FN:60,(anonymous_4)
FN:67,(anonymous_5)
FN:92,(anonymous_6)
FN:133,(anonymous_7)
FN:174,(anonymous_8)
FNF:9
FNH:0
FNDA:0,(anonymous_0)
FNDA:0,(anonymous_1)
FNDA:0,(anonymous_2)
FNDA:0,(anonymous_3)
FNDA:0,(anonymous_4)
FNDA:0,(anonymous_5)
FNDA:0,(anonymous_6)
FNDA:0,(anonymous_7)
FNDA:0,(anonymous_8)
DA:1,0
DA:2,0
DA:6,0
DA:7,0
DA:8,0
DA:12,0
DA:13,0
DA:14,0
DA:17,0
DA:19,0
DA:33,0
DA:34,0
DA:35,0
DA:37,0
DA:40,0
DA:41,0
DA:42,0
DA:47,0
DA:48,0
DA:50,0
DA:54,0
DA:55,0
DA:57,0
DA:61,0
DA:62,0
DA:64,0
DA:68,0
DA:69,0
DA:72,0
DA:73,0
DA:76,0
DA:77,0
DA:84,0
DA:85,0
DA:87,0
DA:88,0
DA:93,0
DA:134,0
DA:175,0
DA:216,0
LF:40
LH:0
BRDA:12,0,0,0
BRDA:12,0,1,0
BRDA:20,1,0,0
BRDA:20,1,1,0
BRDA:21,2,0,0
BRDA:21,2,1,0
BRDA:33,3,0,0
BRDA:33,3,1,0
BRDA:33,4,0,0
BRDA:33,4,1,0
BRDA:68,5,0,0
BRDA:68,5,1,0
BRDA:72,6,0,0
BRDA:72,6,1,0
BRDA:78,7,0,0
BRDA:78,7,1,0
BRF:16
BRH:0
end_of_record
TN:
SF:server/services/fileUploadService.js
FN:7,(anonymous_0)
FN:17,(anonymous_1)
FN:22,(anonymous_2)
FN:29,(anonymous_3)
FN:70,(anonymous_4)
FN:73,(anonymous_5)
FN:82,(anonymous_6)
FN:87,(anonymous_7)
FN:92,(anonymous_8)
FN:116,(anonymous_9)
FN:121,(anonymous_10)
FN:138,(anonymous_11)
FN:158,(anonymous_12)
FN:178,(anonymous_13)
FN:215,(anonymous_14)
FN:226,(anonymous_15)
FN:231,(anonymous_16)
FNF:17
FNH:0
FNDA:0,(anonymous_0)
FNDA:0,(anonymous_1)
FNDA:0,(anonymous_2)
FNDA:0,(anonymous_3)
FNDA:0,(anonymous_4)
FNDA:0,(anonymous_5)
FNDA:0,(anonymous_6)
FNDA:0,(anonymous_7)
FNDA:0,(anonymous_8)
FNDA:0,(anonymous_9)
FNDA:0,(anonymous_10)
FNDA:0,(anonymous_11)
FNDA:0,(anonymous_12)
FNDA:0,(anonymous_13)
FNDA:0,(anonymous_14)
FNDA:0,(anonymous_15)
FNDA:0,(anonymous_16)
DA:1,0
DA:2,0
DA:3,0
DA:4,0
DA:8,0
DA:9,0
DA:10,0
DA:13,0
DA:16,0
DA:18,0
DA:19,0
DA:20,0
DA:23,0
DA:24,0
DA:29,0
DA:30,0
DA:32,0
DA:34,0
DA:35,0
DA:37,0
DA:41,0
DA:51,0
DA:52,0
DA:54,0
DA:60,0
DA:71,0
DA:73,0
DA:74,0
DA:75,0
DA:76,0
DA:83,0
DA:88,0
DA:93,0
DA:94,0
DA:97,0
DA:109,0
DA:111,0
DA:112,0
DA:117,0
DA:118,0
DA:121,0
DA:133,0
DA:134,0
DA:139,0
DA:140,0
DA:141,0
DA:143,0
DA:144,0
DA:145,0
DA:146,0
DA:148,0
DA:149,0
DA:152,0
DA:153,0
DA:159,0
DA:160,0
DA:162,0
DA:163,0
DA:164,0
DA:174,0
DA:179,0
DA:180,0
DA:182,0
DA:187,0
DA:189,0
DA:190,0
DA:191,0
DA:193,0
DA:194,0
DA:195,0
DA:197,0
DA:198,0
DA:199,0
DA:200,0
DA:201,0
DA:203,0
DA:210,0
DA:211,0
DA:216,0
DA:221,0
DA:226,0
DA:227,0
DA:228,0
DA:229,0
DA:231,0
DA:232,0
DA:233,0
DA:234,0
DA:239,0
DA:243,0
LF:90
LH:0
BRDA:18,0,0,0
BRDA:18,0,1,0
BRDA:19,1,0,0
BRDA:19,1,1,0
BRDA:30,2,0,0
BRDA:30,2,1,0
BRDA:32,3,0,0
BRDA:32,3,1,0
BRDA:34,4,0,0
BRDA:34,4,1,0
BRDA:51,5,0,0
BRDA:51,5,1,0
BRDA:74,6,0,0
BRDA:74,6,1,0
BRDA:87,7,0,0
BRDA:93,8,0,0
BRDA:93,8,1,0
BRDA:117,9,0,0
BRDA:117,9,1,0
BRDA:117,10,0,0
BRDA:117,10,1,0
BRDA:138,11,0,0
BRDA:140,12,0,0
BRDA:140,12,1,0
BRDA:143,13,0,0
BRDA:143,13,1,0
BRDA:158,14,0,0
BRDA:159,15,0,0
BRDA:159,15,1,0
BRDA:162,16,0,0
BRDA:162,16,1,0
BRDA:170,17,0,0
BRDA:170,17,1,0
BRDA:178,18,0,0
BRDA:190,19,0,0
BRDA:190,19,1,0
BRDA:197,20,0,0
BRDA:197,20,1,0
BRDA:227,21,0,0
BRDA:227,21,1,0
BRF:40
BRH:0
end_of_record
TN:
SF:server/services/smsService.js
FN:4,(anonymous_0)
FN:11,(anonymous_1)
FN:37,(anonymous_2)
FN:43,(anonymous_3)
FN:49,(anonymous_4)
FN:55,(anonymous_5)
FN:87,(anonymous_6)
FN:104,(anonymous_7)
FNF:8
FNH:0
FNDA:0,(anonymous_0)
FNDA:0,(anonymous_1)
FNDA:0,(anonymous_2)
FNDA:0,(anonymous_3)
FNDA:0,(anonymous_4)
FNDA:0,(anonymous_5)
FNDA:0,(anonymous_6)
FNDA:0,(anonymous_7)
DA:1,0
DA:5,0
DA:6,0
DA:7,0
DA:8,0
DA:12,0
DA:13,0
DA:14,0
DA:17,0
DA:18,0
DA:20,0
DA:21,0
DA:22,0
DA:25,0
DA:27,0
DA:28,0
DA:29,0
DA:31,0
DA:32,0
DA:33,0
DA:38,0
DA:40,0
DA:44,0
DA:46,0
DA:50,0
DA:52,0
DA:57,0
DA:58,0
DA:59,0
DA:60,0
DA:61,0
DA:62,0
DA:65,0
DA:66,0
DA:72,0
DA:73,0
DA:75,0
DA:78,0
DA:79,0
DA:80,0
DA:81,0
DA:83,0
DA:89,0
DA:92,0
DA:93,0
DA:97,0
DA:98,0
DA:101,0
DA:105,0
DA:106,0
DA:110,0
LF:51
LH:0
BRDA:12,0,0,0
BRDA:12,0,1,0
BRDA:20,1,0,0
BRDA:20,1,1,0
BRDA:20,2,0,0
BRDA:20,2,1,0
BRDA:20,2,2,0
BRDA:57,3,0,0
BRDA:57,3,1,0
BRDA:57,4,0,0
BRDA:57,4,1,0
BRDA:57,4,2,0
BRDA:92,5,0,0
BRDA:92,5,1,0
BRDA:97,6,0,0
BRDA:97,6,1,0
BRDA:106,7,0,0
BRDA:106,7,1,0
BRF:18
BRH:0
end_of_record
