TN:
SF:server/app-backup-file-based.js
FN:19,(anonymous_0)
FN:37,(anonymous_1)
FN:39,(anonymous_2)
FN:49,loadUsers
FN:71,saveUsers
FN:107,(anonymous_5)
FN:111,(anonymous_6)
FN:115,(anonymous_7)
FN:119,(anonymous_8)
FN:123,(anonymous_9)
FN:127,(anonymous_10)
FN:131,(anonymous_11)
FN:135,(anonymous_12)
FN:139,(anonymous_13)
FN:145,(anonymous_14)
FN:188,(anonymous_15)
FN:223,(anonymous_16)
FN:234,(anonymous_17)
FN:255,(anonymous_18)
FN:295,(anonymous_19)
FN:311,(anonymous_20)
FN:321,(anonymous_21)
FN:329,(anonymous_22)
FN:369,(anonymous_23)
FN:387,(anonymous_24)
FN:389,(anonymous_25)
FN:402,(anonymous_26)
FN:409,(anonymous_27)
FN:434,(anonymous_28)
FN:436,(anonymous_29)
FN:459,(anonymous_30)
FN:461,(anonymous_31)
FN:501,(anonymous_32)
FN:503,(anonymous_33)
FN:533,(anonymous_34)
FN:535,(anonymous_35)
FN:559,(anonymous_36)
FN:561,(anonymous_37)
FN:588,(anonymous_38)
FN:598,(anonymous_39)
FN:611,(anonymous_40)
FN:616,(anonymous_41)
FN:644,(anonymous_42)
FN:658,(anonymous_43)
FN:675,(anonymous_44)
FN:690,(anonymous_45)
FN:704,(anonymous_46)
FN:710,(anonymous_47)
FN:714,(anonymous_48)
FNF:49
FNH:0
FNDA:0,(anonymous_0)
FNDA:0,(anonymous_1)
FNDA:0,(anonymous_2)
FNDA:0,loadUsers
FNDA:0,saveUsers
FNDA:0,(anonymous_5)
FNDA:0,(anonymous_6)
FNDA:0,(anonymous_7)
FNDA:0,(anonymous_8)
FNDA:0,(anonymous_9)
FNDA:0,(anonymous_10)
FNDA:0,(anonymous_11)
FNDA:0,(anonymous_12)
FNDA:0,(anonymous_13)
FNDA:0,(anonymous_14)
FNDA:0,(anonymous_15)
FNDA:0,(anonymous_16)
FNDA:0,(anonymous_17)
FNDA:0,(anonymous_18)
FNDA:0,(anonymous_19)
FNDA:0,(anonymous_20)
FNDA:0,(anonymous_21)
FNDA:0,(anonymous_22)
FNDA:0,(anonymous_23)
FNDA:0,(anonymous_24)
FNDA:0,(anonymous_25)
FNDA:0,(anonymous_26)
FNDA:0,(anonymous_27)
FNDA:0,(anonymous_28)
FNDA:0,(anonymous_29)
FNDA:0,(anonymous_30)
FNDA:0,(anonymous_31)
FNDA:0,(anonymous_32)
FNDA:0,(anonymous_33)
FNDA:0,(anonymous_34)
FNDA:0,(anonymous_35)
FNDA:0,(anonymous_36)
FNDA:0,(anonymous_37)
FNDA:0,(anonymous_38)
FNDA:0,(anonymous_39)
FNDA:0,(anonymous_40)
FNDA:0,(anonymous_41)
FNDA:0,(anonymous_42)
FNDA:0,(anonymous_43)
FNDA:0,(anonymous_44)
FNDA:0,(anonymous_45)
FNDA:0,(anonymous_46)
FNDA:0,(anonymous_47)
FNDA:0,(anonymous_48)
DA:1,0
DA:2,0
DA:3,0
DA:4,0
DA:5,0
DA:6,0
DA:8,0
DA:9,0
DA:16,0
DA:19,0
DA:20,0
DA:21,0
DA:27,0
DA:28,0
DA:29,0
DA:32,0
DA:37,0
DA:46,0
DA:50,0
DA:51,0
DA:52,0
DA:53,0
DA:54,0
DA:55,0
DA:57,0
DA:58,0
DA:62,0
DA:63,0
DA:65,0
DA:66,0
DA:72,0
DA:73,0
DA:74,0
DA:76,0
DA:81,0
DA:82,0
DA:83,0
DA:91,0
DA:96,0
DA:97,0
DA:98,0
DA:100,0
DA:102,0
DA:104,0
DA:107,0
DA:108,0
DA:111,0
DA:112,0
DA:115,0
DA:116,0
DA:119,0
DA:120,0
DA:123,0
DA:124,0
DA:127,0
DA:128,0
DA:131,0
DA:132,0
DA:135,0
DA:136,0
DA:139,0
DA:140,0
DA:145,0
DA:146,0
DA:147,0
DA:162,0
DA:165,0
DA:166,0
DA:169,0
DA:173,0
DA:174,0
DA:175,0
DA:177,0
DA:182,0
DA:183,0
DA:184,0
DA:188,0
DA:190,0
DA:191,0
DA:192,0
DA:196,0
DA:215,0
DA:218,0
DA:219,0
DA:222,0
DA:223,0
DA:227,0
DA:234,0
DA:236,0
DA:248,0
DA:249,0
DA:250,0
DA:255,0
DA:256,0
DA:257,0
DA:260,0
DA:261,0
DA:279,0
DA:280,0
DA:281,0
DA:282,0
DA:284,0
DA:290,0
DA:295,0
DA:296,0
DA:297,0
DA:300,0
DA:301,0
DA:304,0
DA:306,0
DA:311,0
DA:312,0
DA:313,0
DA:316,0
DA:317,0
DA:319,0
DA:320,0
DA:321,0
DA:324,0
DA:325,0
DA:329,0
DA:331,0
DA:332,0
DA:333,0
DA:336,0
DA:337,0
DA:341,0
DA:343,0
DA:363,0
DA:364,0
DA:369,0
DA:370,0
DA:371,0
DA:374,0
DA:376,0
DA:382,0
DA:387,0
DA:388,0
DA:389,0
DA:391,0
DA:392,0
DA:395,0
DA:397,0
DA:402,0
DA:403,0
DA:404,0
DA:406,0
DA:409,0
DA:411,0
DA:412,0
DA:416,0
DA:419,0
DA:421,0
DA:423,0
DA:428,0
DA:429,0
DA:434,0
DA:435,0
DA:436,0
DA:438,0
DA:439,0
DA:443,0
DA:446,0
DA:448,0
DA:454,0
DA:459,0
DA:460,0
DA:461,0
DA:463,0
DA:464,0
DA:467,0
DA:469,0
DA:470,0
DA:473,0
DA:479,0
DA:480,0
DA:483,0
DA:486,0
DA:488,0
DA:490,0
DA:496,0
DA:501,0
DA:502,0
DA:503,0
DA:505,0
DA:506,0
DA:509,0
DA:511,0
DA:512,0
DA:515,0
DA:518,0
DA:520,0
DA:522,0
DA:528,0
DA:533,0
DA:534,0
DA:535,0
DA:537,0
DA:538,0
DA:541,0
DA:544,0
DA:546,0
DA:548,0
DA:554,0
DA:559,0
DA:560,0
DA:561,0
DA:563,0
DA:564,0
DA:567,0
DA:568,0
DA:569,0
DA:572,0
DA:574,0
DA:576,0
DA:583,0
DA:588,0
DA:589,0
DA:591,0
DA:592,0
DA:593,0
DA:595,0
DA:596,0
DA:597,0
DA:598,0
DA:603,0
DA:605,0
DA:606,0
DA:611,0
DA:612,0
DA:613,0
DA:616,0
DA:618,0
DA:619,0
DA:622,0
DA:625,0
DA:627,0
DA:629,0
DA:639,0
DA:644,0
DA:645,0
DA:646,0
DA:648,0
DA:653,0
DA:658,0
DA:659,0
DA:660,0
DA:663,0
DA:665,0
DA:670,0
DA:675,0
DA:676,0
DA:680,0
DA:685,0
DA:690,0
DA:691,0
DA:694,0
DA:699,0
DA:704,0
DA:705,0
DA:706,0
DA:710,0
DA:711,0
DA:714,0
DA:715,0
DA:716,0
DA:717,0
DA:718,0
DA:719,0
DA:720,0
DA:721,0
DA:722,0
DA:723,0
DA:724,0
DA:725,0
DA:726,0
DA:727,0
DA:728,0
DA:729,0
DA:730,0
DA:731,0
DA:732,0
LF:282
LH:0
BRDA:9,0,0,0
BRDA:9,0,1,0
BRDA:16,1,0,0
BRDA:16,1,1,0
BRDA:51,2,0,0
BRDA:51,2,1,0
BRDA:165,3,0,0
BRDA:165,3,1,0
BRDA:165,4,0,0
BRDA:165,4,1,0
BRDA:165,4,2,0
BRDA:165,4,3,0
BRDA:182,5,0,0
BRDA:182,5,1,0
BRDA:188,6,0,0
BRDA:188,6,1,0
BRDA:188,6,2,0
BRDA:190,7,0,0
BRDA:190,7,1,0
BRDA:201,8,0,0
BRDA:201,8,1,0
BRDA:202,9,0,0
BRDA:202,9,1,0
BRDA:203,10,0,0
BRDA:203,10,1,0
BRDA:205,11,0,0
BRDA:205,11,1,0
BRDA:206,12,0,0
BRDA:206,12,1,0
BRDA:207,13,0,0
BRDA:207,13,1,0
BRDA:208,14,0,0
BRDA:208,14,1,0
BRDA:209,15,0,0
BRDA:209,15,1,0
BRDA:260,16,0,0
BRDA:260,16,1,0
BRDA:260,17,0,0
BRDA:260,17,1,0
BRDA:260,17,2,0
BRDA:300,18,0,0
BRDA:300,18,1,0
BRDA:300,19,0,0
BRDA:300,19,1,0
BRDA:316,20,0,0
BRDA:316,20,1,0
BRDA:317,21,0,0
BRDA:317,21,1,0
BRDA:319,22,0,0
BRDA:319,22,1,0
BRDA:324,23,0,0
BRDA:324,23,1,0
BRDA:324,24,0,0
BRDA:324,24,1,0
BRDA:331,25,0,0
BRDA:331,25,1,0
BRDA:337,26,0,0
BRDA:337,26,1,0
BRDA:359,27,0,0
BRDA:359,27,1,0
BRDA:391,28,0,0
BRDA:391,28,1,0
BRDA:411,29,0,0
BRDA:411,29,1,0
BRDA:438,30,0,0
BRDA:438,30,1,0
BRDA:463,31,0,0
BRDA:463,31,1,0
BRDA:469,32,0,0
BRDA:469,32,1,0
BRDA:469,33,0,0
BRDA:469,33,1,0
BRDA:479,34,0,0
BRDA:479,34,1,0
BRDA:505,35,0,0
BRDA:505,35,1,0
BRDA:511,36,0,0
BRDA:511,36,1,0
BRDA:511,37,0,0
BRDA:511,37,1,0
BRDA:537,38,0,0
BRDA:537,38,1,0
BRDA:563,39,0,0
BRDA:563,39,1,0
BRDA:618,40,0,0
BRDA:618,40,1,0
BRF:86
BRH:0
end_of_record
TN:
SF:server/app-mongodb.js
FN:27,(anonymous_0)
FN:58,createDefaultAdmin
FN:86,(anonymous_2)
FN:91,(anonymous_3)
FN:96,(anonymous_4)
FN:119,(anonymous_5)
FN:127,(anonymous_6)
FN:137,(anonymous_7)
FN:145,(anonymous_8)
FN:158,(anonymous_9)
FN:162,(anonymous_10)
FN:166,(anonymous_11)
FN:170,(anonymous_12)
FN:174,(anonymous_13)
FN:178,(anonymous_14)
FN:182,(anonymous_15)
FN:186,(anonymous_16)
FN:190,(anonymous_17)
FN:195,(anonymous_18)
FN:208,(anonymous_19)
FN:315,(anonymous_20)
FN:405,(anonymous_21)
FN:494,(anonymous_22)
FN:506,(anonymous_23)
FN:521,(anonymous_24)
FN:540,(anonymous_25)
FN:567,(anonymous_26)
FN:603,(anonymous_27)
FN:640,(anonymous_28)
FN:676,(anonymous_29)
FN:694,(anonymous_30)
FN:713,(anonymous_31)
FN:742,(anonymous_32)
FN:771,(anonymous_33)
FN:800,(anonymous_34)
FN:825,(anonymous_35)
FN:851,(anonymous_36)
FN:863,(anonymous_37)
FN:883,(anonymous_38)
FN:913,(anonymous_39)
FN:918,(anonymous_40)
FN:926,(anonymous_41)
FNF:42
FNH:0
FNDA:0,(anonymous_0)
FNDA:0,createDefaultAdmin
FNDA:0,(anonymous_2)
FNDA:0,(anonymous_3)
FNDA:0,(anonymous_4)
FNDA:0,(anonymous_5)
FNDA:0,(anonymous_6)
FNDA:0,(anonymous_7)
FNDA:0,(anonymous_8)
FNDA:0,(anonymous_9)
FNDA:0,(anonymous_10)
FNDA:0,(anonymous_11)
FNDA:0,(anonymous_12)
FNDA:0,(anonymous_13)
FNDA:0,(anonymous_14)
FNDA:0,(anonymous_15)
FNDA:0,(anonymous_16)
FNDA:0,(anonymous_17)
FNDA:0,(anonymous_18)
FNDA:0,(anonymous_19)
FNDA:0,(anonymous_20)
FNDA:0,(anonymous_21)
FNDA:0,(anonymous_22)
FNDA:0,(anonymous_23)
FNDA:0,(anonymous_24)
FNDA:0,(anonymous_25)
FNDA:0,(anonymous_26)
FNDA:0,(anonymous_27)
FNDA:0,(anonymous_28)
FNDA:0,(anonymous_29)
FNDA:0,(anonymous_30)
FNDA:0,(anonymous_31)
FNDA:0,(anonymous_32)
FNDA:0,(anonymous_33)
FNDA:0,(anonymous_34)
FNDA:0,(anonymous_35)
FNDA:0,(anonymous_36)
FNDA:0,(anonymous_37)
FNDA:0,(anonymous_38)
FNDA:0,(anonymous_39)
FNDA:0,(anonymous_40)
FNDA:0,(anonymous_41)
DA:1,0
DA:2,0
DA:3,0
DA:4,0
DA:5,0
DA:6,0
DA:7,0
DA:10,0
DA:11,0
DA:12,0
DA:14,0
DA:15,0
DA:16,0
DA:17,0
DA:23,0
DA:24,0
DA:27,0
DA:28,0
DA:29,0
DA:35,0
DA:36,0
DA:37,0
DA:40,0
DA:41,0
DA:42,0
DA:46,0
DA:48,0
DA:50,0
DA:51,0
DA:52,0
DA:53,0
DA:59,0
DA:60,0
DA:61,0
DA:63,0
DA:64,0
DA:65,0
DA:72,0
DA:73,0
DA:74,0
DA:75,0
DA:78,0
DA:83,0
DA:86,0
DA:87,0
DA:88,0
DA:91,0
DA:92,0
DA:93,0
DA:96,0
DA:97,0
DA:98,0
DA:105,0
DA:111,0
DA:112,0
DA:113,0
DA:114,0
DA:115,0
DA:116,0
DA:119,0
DA:120,0
DA:121,0
DA:123,0
DA:124,0
DA:127,0
DA:128,0
DA:129,0
DA:131,0
DA:132,0
DA:137,0
DA:138,0
DA:139,0
DA:141,0
DA:142,0
DA:145,0
DA:146,0
DA:147,0
DA:149,0
DA:150,0
DA:158,0
DA:159,0
DA:162,0
DA:163,0
DA:166,0
DA:167,0
DA:170,0
DA:171,0
DA:174,0
DA:175,0
DA:178,0
DA:179,0
DA:182,0
DA:183,0
DA:186,0
DA:187,0
DA:190,0
DA:191,0
DA:195,0
DA:196,0
DA:208,0
DA:209,0
DA:210,0
DA:211,0
DA:226,0
DA:228,0
DA:231,0
DA:232,0
DA:239,0
DA:240,0
DA:247,0
DA:248,0
DA:255,0
DA:262,0
DA:263,0
DA:270,0
DA:273,0
DA:286,0
DA:288,0
DA:294,0
DA:306,0
DA:307,0
DA:315,0
DA:316,0
DA:317,0
DA:318,0
DA:324,0
DA:326,0
DA:329,0
DA:330,0
DA:337,0
DA:338,0
DA:345,0
DA:347,0
DA:348,0
DA:355,0
DA:357,0
DA:358,0
DA:365,0
DA:376,0
DA:378,0
DA:396,0
DA:397,0
DA:405,0
DA:406,0
DA:407,0
DA:408,0
DA:414,0
DA:416,0
DA:419,0
DA:420,0
DA:427,0
DA:429,0
DA:430,0
DA:437,0
DA:439,0
DA:440,0
DA:447,0
DA:448,0
DA:455,0
DA:456,0
DA:459,0
DA:470,0
DA:472,0
DA:485,0
DA:486,0
DA:494,0
DA:495,0
DA:497,0
DA:499,0
DA:506,0
DA:507,0
DA:509,0
DA:510,0
DA:513,0
DA:521,0
DA:522,0
DA:523,0
DA:524,0
DA:527,0
DA:529,0
DA:530,0
DA:533,0
DA:535,0
DA:540,0
DA:541,0
DA:542,0
DA:543,0
DA:546,0
DA:552,0
DA:553,0
DA:556,0
DA:562,0
DA:567,0
DA:568,0
DA:569,0
DA:570,0
DA:573,0
DA:575,0
DA:576,0
DA:579,0
DA:581,0
DA:587,0
DA:588,0
DA:591,0
DA:593,0
DA:598,0
DA:603,0
DA:604,0
DA:605,0
DA:606,0
DA:609,0
DA:611,0
DA:613,0
DA:614,0
DA:617,0
DA:624,0
DA:625,0
DA:627,0
DA:629,0
DA:635,0
DA:640,0
DA:641,0
DA:642,0
DA:643,0
DA:646,0
DA:648,0
DA:649,0
DA:652,0
DA:654,0
DA:655,0
DA:658,0
DA:659,0
DA:661,0
DA:667,0
DA:676,0
DA:677,0
DA:678,0
DA:679,0
DA:682,0
DA:684,0
DA:686,0
DA:688,0
DA:689,0
DA:694,0
DA:695,0
DA:696,0
DA:697,0
DA:700,0
DA:702,0
DA:703,0
DA:706,0
DA:708,0
DA:713,0
DA:714,0
DA:715,0
DA:716,0
DA:719,0
DA:725,0
DA:726,0
DA:729,0
DA:731,0
DA:737,0
DA:742,0
DA:743,0
DA:744,0
DA:745,0
DA:748,0
DA:750,0
DA:751,0
DA:754,0
DA:756,0
DA:766,0
DA:771,0
DA:772,0
DA:773,0
DA:774,0
DA:777,0
DA:779,0
DA:785,0
DA:786,0
DA:789,0
DA:795,0
DA:800,0
DA:801,0
DA:802,0
DA:803,0
DA:806,0
DA:808,0
DA:809,0
DA:813,0
DA:815,0
DA:820,0
DA:825,0
DA:826,0
DA:827,0
DA:828,0
DA:831,0
DA:832,0
DA:834,0
DA:835,0
DA:838,0
DA:840,0
DA:846,0
DA:851,0
DA:852,0
DA:854,0
DA:856,0
DA:863,0
DA:864,0
DA:865,0
DA:866,0
DA:869,0
DA:870,0
DA:872,0
DA:878,0
DA:883,0
DA:884,0
DA:885,0
DA:886,0
DA:889,0
DA:895,0
DA:896,0
DA:899,0
DA:905,0
DA:913,0
DA:914,0
DA:915,0
DA:918,0
DA:919,0
DA:926,0
DA:927,0
DA:928,0
DA:929,0
DA:930,0
DA:931,0
DA:932,0
DA:933,0
DA:934,0
DA:935,0
DA:936,0
DA:937,0
DA:938,0
DA:939,0
DA:940,0
DA:941,0
DA:942,0
DA:943,0
DA:944,0
DA:945,0
DA:946,0
DA:947,0
DA:948,0
DA:949,0
DA:952,0
LF:354
LH:0
BRDA:15,0,0,0
BRDA:15,0,1,0
BRDA:16,1,0,0
BRDA:16,1,1,0
BRDA:17,2,0,0
BRDA:17,2,1,0
BRDA:41,3,0,0
BRDA:41,3,1,0
BRDA:63,4,0,0
BRDA:63,4,1,0
BRDA:121,5,0,0
BRDA:121,5,1,0
BRDA:123,6,0,0
BRDA:123,6,1,0
BRDA:128,7,0,0
BRDA:128,7,1,0
BRDA:139,8,0,0
BRDA:139,8,1,0
BRDA:141,9,0,0
BRDA:141,9,1,0
BRDA:146,10,0,0
BRDA:146,10,1,0
BRDA:146,11,0,0
BRDA:146,11,1,0
BRDA:198,12,0,0
BRDA:198,12,1,0
BRDA:210,13,0,0
BRDA:210,13,1,0
BRDA:231,14,0,0
BRDA:231,14,1,0
BRDA:231,15,0,0
BRDA:231,15,1,0
BRDA:231,15,2,0
BRDA:231,15,3,0
BRDA:239,16,0,0
BRDA:239,16,1,0
BRDA:247,17,0,0
BRDA:247,17,1,0
BRDA:262,18,0,0
BRDA:262,18,1,0
BRDA:278,19,0,0
BRDA:278,19,1,0
BRDA:279,20,0,0
BRDA:279,20,1,0
BRDA:280,21,0,0
BRDA:280,21,1,0
BRDA:282,22,0,0
BRDA:282,22,1,0
BRDA:317,23,0,0
BRDA:317,23,1,0
BRDA:329,24,0,0
BRDA:329,24,1,0
BRDA:329,25,0,0
BRDA:329,25,1,0
BRDA:337,26,0,0
BRDA:337,26,1,0
BRDA:347,27,0,0
BRDA:347,27,1,0
BRDA:357,28,0,0
BRDA:357,28,1,0
BRDA:392,29,0,0
BRDA:392,29,1,0
BRDA:407,30,0,0
BRDA:407,30,1,0
BRDA:419,31,0,0
BRDA:419,31,1,0
BRDA:419,32,0,0
BRDA:419,32,1,0
BRDA:429,33,0,0
BRDA:429,33,1,0
BRDA:439,34,0,0
BRDA:439,34,1,0
BRDA:447,35,0,0
BRDA:447,35,1,0
BRDA:509,36,0,0
BRDA:509,36,1,0
BRDA:509,37,0,0
BRDA:509,37,1,0
BRDA:523,38,0,0
BRDA:523,38,1,0
BRDA:529,39,0,0
BRDA:529,39,1,0
BRDA:542,40,0,0
BRDA:542,40,1,0
BRDA:552,41,0,0
BRDA:552,41,1,0
BRDA:569,42,0,0
BRDA:569,42,1,0
BRDA:575,43,0,0
BRDA:575,43,1,0
BRDA:587,44,0,0
BRDA:587,44,1,0
BRDA:605,45,0,0
BRDA:605,45,1,0
BRDA:613,46,0,0
BRDA:613,46,1,0
BRDA:618,47,0,0
BRDA:618,47,1,0
BRDA:619,48,0,0
BRDA:619,48,1,0
BRDA:621,49,0,0
BRDA:621,49,1,0
BRDA:642,50,0,0
BRDA:642,50,1,0
BRDA:648,51,0,0
BRDA:648,51,1,0
BRDA:654,52,0,0
BRDA:654,52,1,0
BRDA:654,53,0,0
BRDA:654,53,1,0
BRDA:678,54,0,0
BRDA:678,54,1,0
BRDA:696,55,0,0
BRDA:696,55,1,0
BRDA:702,56,0,0
BRDA:702,56,1,0
BRDA:715,57,0,0
BRDA:715,57,1,0
BRDA:725,58,0,0
BRDA:725,58,1,0
BRDA:744,59,0,0
BRDA:744,59,1,0
BRDA:750,60,0,0
BRDA:750,60,1,0
BRDA:773,61,0,0
BRDA:773,61,1,0
BRDA:785,62,0,0
BRDA:785,62,1,0
BRDA:802,63,0,0
BRDA:802,63,1,0
BRDA:808,64,0,0
BRDA:808,64,1,0
BRDA:827,65,0,0
BRDA:827,65,1,0
BRDA:834,66,0,0
BRDA:834,66,1,0
BRDA:865,67,0,0
BRDA:865,67,1,0
BRDA:885,68,0,0
BRDA:885,68,1,0
BRDA:895,69,0,0
BRDA:895,69,1,0
BRDA:936,70,0,0
BRDA:936,70,1,0
BRDA:948,71,0,0
BRDA:948,71,1,0
BRF:146
BRH:0
end_of_record
TN:
SF:server/app.js
FN:53,(anonymous_0)
FN:122,createDefaultAdmin
FN:146,(anonymous_2)
FN:148,(anonymous_3)
FN:154,(anonymous_4)
FN:159,(anonymous_5)
FN:164,(anonymous_6)
FN:206,(anonymous_7)
FN:214,(anonymous_8)
FN:224,(anonymous_9)
FN:232,(anonymous_10)
FN:242,checkRateLimit
FN:272,resetRateLimit
FN:280,(anonymous_13)
FN:284,(anonymous_14)
FN:288,(anonymous_15)
FN:292,(anonymous_16)
FN:296,(anonymous_17)
FN:300,(anonymous_18)
FN:304,(anonymous_19)
FN:308,(anonymous_20)
FN:312,(anonymous_21)
FN:325,(anonymous_22)
FN:365,(anonymous_23)
FN:394,(anonymous_24)
FN:411,(anonymous_25)
FN:449,(anonymous_26)
FN:465,(anonymous_27)
FN:484,(anonymous_28)
FN:497,(anonymous_29)
FN:620,(anonymous_30)
FN:748,(anonymous_31)
FN:857,(anonymous_32)
FN:923,(anonymous_33)
FN:934,(anonymous_34)
FN:963,(anonymous_35)
FN:996,(anonymous_36)
FN:1015,(anonymous_37)
FN:1042,(anonymous_38)
FN:1095,(anonymous_39)
FN:1160,(anonymous_40)
FN:1198,(anonymous_41)
FN:1232,(anonymous_42)
FN:1268,(anonymous_43)
FN:1321,(anonymous_44)
FN:1394,(anonymous_45)
FN:1439,(anonymous_46)
FN:1485,(anonymous_47)
FN:1521,(anonymous_48)
FN:1582,(anonymous_49)
FN:1618,(anonymous_50)
FN:1636,(anonymous_51)
FN:1655,(anonymous_52)
FN:1684,(anonymous_53)
FN:1713,(anonymous_54)
FN:1769,(anonymous_55)
FN:1799,(anonymous_56)
FN:1828,(anonymous_57)
FN:1853,(anonymous_58)
FN:1879,(anonymous_59)
FN:1891,(anonymous_60)
FN:1911,(anonymous_61)
FN:1942,(anonymous_62)
FN:1971,(anonymous_63)
FN:1987,(anonymous_64)
FN:2031,(anonymous_65)
FN:2060,(anonymous_66)
FN:2092,(anonymous_67)
FN:2111,(anonymous_68)
FN:2121,(anonymous_69)
FN:2141,(anonymous_70)
FN:2155,(anonymous_71)
FN:2163,(anonymous_72)
FN:2182,(anonymous_73)
FN:2233,(anonymous_74)
FN:2280,(anonymous_75)
FN:2327,(anonymous_76)
FN:2359,(anonymous_77)
FN:2414,(anonymous_78)
FN:2432,(anonymous_79)
FN:2450,(anonymous_80)
FN:2465,(anonymous_81)
FN:2481,(anonymous_82)
FN:2527,(anonymous_83)
FN:2532,(anonymous_84)
FN:2540,startServer
FN:2541,(anonymous_86)
FNF:87
FNH:0
FNDA:0,(anonymous_0)
FNDA:0,createDefaultAdmin
FNDA:0,(anonymous_2)
FNDA:0,(anonymous_3)
FNDA:0,(anonymous_4)
FNDA:0,(anonymous_5)
FNDA:0,(anonymous_6)
FNDA:0,(anonymous_7)
FNDA:0,(anonymous_8)
FNDA:0,(anonymous_9)
FNDA:0,(anonymous_10)
FNDA:0,checkRateLimit
FNDA:0,resetRateLimit
FNDA:0,(anonymous_13)
FNDA:0,(anonymous_14)
FNDA:0,(anonymous_15)
FNDA:0,(anonymous_16)
FNDA:0,(anonymous_17)
FNDA:0,(anonymous_18)
FNDA:0,(anonymous_19)
FNDA:0,(anonymous_20)
FNDA:0,(anonymous_21)
FNDA:0,(anonymous_22)
FNDA:0,(anonymous_23)
FNDA:0,(anonymous_24)
FNDA:0,(anonymous_25)
FNDA:0,(anonymous_26)
FNDA:0,(anonymous_27)
FNDA:0,(anonymous_28)
FNDA:0,(anonymous_29)
FNDA:0,(anonymous_30)
FNDA:0,(anonymous_31)
FNDA:0,(anonymous_32)
FNDA:0,(anonymous_33)
FNDA:0,(anonymous_34)
FNDA:0,(anonymous_35)
FNDA:0,(anonymous_36)
FNDA:0,(anonymous_37)
FNDA:0,(anonymous_38)
FNDA:0,(anonymous_39)
FNDA:0,(anonymous_40)
FNDA:0,(anonymous_41)
FNDA:0,(anonymous_42)
FNDA:0,(anonymous_43)
FNDA:0,(anonymous_44)
FNDA:0,(anonymous_45)
FNDA:0,(anonymous_46)
FNDA:0,(anonymous_47)
FNDA:0,(anonymous_48)
FNDA:0,(anonymous_49)
FNDA:0,(anonymous_50)
FNDA:0,(anonymous_51)
FNDA:0,(anonymous_52)
FNDA:0,(anonymous_53)
FNDA:0,(anonymous_54)
FNDA:0,(anonymous_55)
FNDA:0,(anonymous_56)
FNDA:0,(anonymous_57)
FNDA:0,(anonymous_58)
FNDA:0,(anonymous_59)
FNDA:0,(anonymous_60)
FNDA:0,(anonymous_61)
FNDA:0,(anonymous_62)
FNDA:0,(anonymous_63)
FNDA:0,(anonymous_64)
FNDA:0,(anonymous_65)
FNDA:0,(anonymous_66)
FNDA:0,(anonymous_67)
FNDA:0,(anonymous_68)
FNDA:0,(anonymous_69)
FNDA:0,(anonymous_70)
FNDA:0,(anonymous_71)
FNDA:0,(anonymous_72)
FNDA:0,(anonymous_73)
FNDA:0,(anonymous_74)
FNDA:0,(anonymous_75)
FNDA:0,(anonymous_76)
FNDA:0,(anonymous_77)
FNDA:0,(anonymous_78)
FNDA:0,(anonymous_79)
FNDA:0,(anonymous_80)
FNDA:0,(anonymous_81)
FNDA:0,(anonymous_82)
FNDA:0,(anonymous_83)
FNDA:0,(anonymous_84)
FNDA:0,startServer
FNDA:0,(anonymous_86)
DA:1,0
DA:2,0
DA:3,0
DA:4,0
DA:5,0
DA:6,0
DA:7,0
DA:8,0
DA:9,0
DA:12,0
DA:13,0
DA:14,0
DA:15,0
DA:16,0
DA:19,0
DA:20,0
DA:23,0
DA:24,0
DA:25,0
DA:27,0
DA:28,0
DA:29,0
DA:32,0
DA:33,0
DA:34,0
DA:35,0
DA:41,0
DA:42,0
DA:45,0
DA:48,0
DA:49,0
DA:50,0
DA:53,0
DA:55,0
DA:56,0
DA:57,0
DA:58,0
DA:64,0
DA:65,0
DA:66,0
DA:67,0
DA:68,0
DA:71,0
DA:72,0
DA:73,0
DA:77,0
DA:78,0
DA:80,0
DA:81,0
DA:86,0
DA:87,0
DA:88,0
DA:94,0
DA:95,0
DA:96,0
DA:97,0
DA:98,0
DA:101,0
DA:102,0
DA:103,0
DA:107,0
DA:108,0
DA:110,0
DA:111,0
DA:112,0
DA:113,0
DA:116,0
DA:117,0
DA:123,0
DA:124,0
DA:125,0
DA:127,0
DA:128,0
DA:135,0
DA:136,0
DA:137,0
DA:138,0
DA:141,0
DA:146,0
DA:147,0
DA:149,0
DA:150,0
DA:154,0
DA:155,0
DA:156,0
DA:159,0
DA:160,0
DA:161,0
DA:164,0
DA:165,0
DA:166,0
DA:174,0
DA:175,0
DA:176,0
DA:177,0
DA:178,0
DA:179,0
DA:182,0
DA:183,0
DA:186,0
DA:188,0
DA:195,0
DA:196,0
DA:197,0
DA:198,0
DA:199,0
DA:200,0
DA:203,0
DA:206,0
DA:207,0
DA:208,0
DA:210,0
DA:211,0
DA:214,0
DA:215,0
DA:216,0
DA:218,0
DA:219,0
DA:224,0
DA:225,0
DA:226,0
DA:228,0
DA:229,0
DA:232,0
DA:233,0
DA:234,0
DA:236,0
DA:237,0
DA:243,0
DA:244,0
DA:246,0
DA:247,0
DA:248,0
DA:252,0
DA:253,0
DA:254,0
DA:258,0
DA:259,0
DA:260,0
DA:268,0
DA:269,0
DA:273,0
DA:280,0
DA:281,0
DA:284,0
DA:285,0
DA:288,0
DA:289,0
DA:292,0
DA:293,0
DA:296,0
DA:297,0
DA:300,0
DA:301,0
DA:304,0
DA:305,0
DA:308,0
DA:309,0
DA:312,0
DA:313,0
DA:321,0
DA:326,0
DA:327,0
DA:329,0
DA:330,0
DA:336,0
DA:339,0
DA:345,0
DA:351,0
DA:352,0
DA:361,0
DA:366,0
DA:367,0
DA:369,0
DA:370,0
DA:376,0
DA:378,0
DA:384,0
DA:385,0
DA:394,0
DA:395,0
DA:396,0
DA:397,0
DA:402,0
DA:403,0
DA:411,0
DA:412,0
DA:413,0
DA:414,0
DA:415,0
DA:418,0
DA:419,0
DA:420,0
DA:426,0
DA:428,0
DA:429,0
DA:434,0
DA:440,0
DA:441,0
DA:449,0
DA:450,0
DA:451,0
DA:453,0
DA:454,0
DA:455,0
DA:457,0
DA:460,0
DA:461,0
DA:465,0
DA:466,0
DA:467,0
DA:469,0
DA:470,0
DA:476,0
DA:478,0
DA:479,0
DA:484,0
DA:485,0
DA:497,0
DA:498,0
DA:499,0
DA:500,0
DA:515,0
DA:517,0
DA:520,0
DA:521,0
DA:528,0
DA:529,0
DA:536,0
DA:537,0
DA:544,0
DA:551,0
DA:552,0
DA:559,0
DA:573,0
DA:575,0
DA:582,0
DA:583,0
DA:585,0
DA:589,0
DA:590,0
DA:591,0
DA:593,0
DA:597,0
DA:611,0
DA:612,0
DA:620,0
DA:621,0
DA:622,0
DA:623,0
DA:629,0
DA:631,0
DA:634,0
DA:635,0
DA:636,0
DA:643,0
DA:644,0
DA:651,0
DA:652,0
DA:659,0
DA:661,0
DA:662,0
DA:669,0
DA:671,0
DA:672,0
DA:680,0
DA:681,0
DA:682,0
DA:695,0
DA:698,0
DA:709,0
DA:712,0
DA:721,0
DA:739,0
DA:740,0
DA:748,0
DA:749,0
DA:750,0
DA:751,0
DA:757,0
DA:759,0
DA:762,0
DA:763,0
DA:764,0
DA:771,0
DA:772,0
DA:779,0
DA:781,0
DA:782,0
DA:783,0
DA:790,0
DA:793,0
DA:795,0
DA:797,0
DA:798,0
DA:799,0
DA:807,0
DA:810,0
DA:811,0
DA:818,0
DA:819,0
DA:822,0
DA:833,0
DA:835,0
DA:848,0
DA:849,0
DA:857,0
DA:858,0
DA:859,0
DA:861,0
DA:862,0
DA:869,0
DA:872,0
DA:878,0
DA:880,0
DA:881,0
DA:884,0
DA:885,0
DA:886,0
DA:887,0
DA:889,0
DA:894,0
DA:895,0
DA:896,0
DA:897,0
DA:899,0
DA:903,0
DA:904,0
DA:905,0
DA:906,0
DA:908,0
DA:914,0
DA:915,0
DA:923,0
DA:924,0
DA:926,0
DA:927,0
DA:930,0
DA:934,0
DA:935,0
DA:936,0
DA:938,0
DA:939,0
DA:942,0
DA:943,0
DA:945,0
DA:946,0
DA:949,0
DA:958,0
DA:963,0
DA:964,0
DA:965,0
DA:967,0
DA:968,0
DA:971,0
DA:972,0
DA:974,0
DA:975,0
DA:978,0
DA:987,0
DA:996,0
DA:997,0
DA:998,0
DA:999,0
DA:1002,0
DA:1004,0
DA:1005,0
DA:1008,0
DA:1010,0
DA:1015,0
DA:1016,0
DA:1017,0
DA:1018,0
DA:1021,0
DA:1027,0
DA:1028,0
DA:1031,0
DA:1037,0
DA:1042,0
DA:1043,0
DA:1044,0
DA:1045,0
DA:1048,0
DA:1051,0
DA:1053,0
DA:1054,0
DA:1061,0
DA:1074,0
DA:1075,0
DA:1078,0
DA:1080,0
DA:1086,0
DA:1087,0
DA:1095,0
DA:1096,0
DA:1097,0
DA:1098,0
DA:1101,0
DA:1103,0
DA:1104,0
DA:1111,0
DA:1123,0
DA:1124,0
DA:1128,0
DA:1133,0
DA:1135,0
DA:1147,0
DA:1148,0
DA:1160,0
DA:1161,0
DA:1162,0
DA:1163,0
DA:1166,0
DA:1169,0
DA:1170,0
DA:1171,0
DA:1175,0
DA:1182,0
DA:1184,0
DA:1189,0
DA:1190,0
DA:1198,0
DA:1199,0
DA:1200,0
DA:1201,0
DA:1204,0
DA:1206,0
DA:1212,0
DA:1213,0
DA:1216,0
DA:1218,0
DA:1223,0
DA:1224,0
DA:1232,0
DA:1233,0
DA:1234,0
DA:1235,0
DA:1238,0
DA:1241,0
DA:1242,0
DA:1243,0
DA:1247,0
DA:1252,0
DA:1254,0
DA:1259,0
DA:1260,0
DA:1268,0
DA:1269,0
DA:1270,0
DA:1271,0
DA:1274,0
DA:1276,0
DA:1277,0
DA:1284,0
DA:1285,0
DA:1286,0
DA:1290,0
DA:1302,0
DA:1304,0
DA:1306,0
DA:1312,0
DA:1313,0
DA:1321,0
DA:1322,0
DA:1323,0
DA:1324,0
DA:1327,0
DA:1329,0
DA:1330,0
DA:1334,0
DA:1335,0
DA:1336,0
DA:1340,0
DA:1341,0
DA:1344,0
DA:1351,0
DA:1354,0
DA:1355,0
DA:1356,0
DA:1358,0
DA:1363,0
DA:1364,0
DA:1365,0
DA:1366,0
DA:1368,0
DA:1374,0
DA:1381,0
DA:1382,0
DA:1386,0
DA:1388,0
DA:1389,0
DA:1394,0
DA:1395,0
DA:1396,0
DA:1398,0
DA:1399,0
DA:1402,0
DA:1404,0
DA:1405,0
DA:1409,0
DA:1410,0
DA:1411,0
DA:1415,0
DA:1416,0
DA:1417,0
DA:1421,0
DA:1422,0
DA:1423,0
DA:1429,0
DA:1434,0
DA:1439,0
DA:1440,0
DA:1441,0
DA:1442,0
DA:1445,0
DA:1447,0
DA:1448,0
DA:1451,0
DA:1453,0
DA:1454,0
DA:1458,0
DA:1459,0
DA:1465,0
DA:1466,0
DA:1470,0
DA:1472,0
DA:1474,0
DA:1479,0
DA:1480,0
DA:1485,0
DA:1486,0
DA:1487,0
DA:1488,0
DA:1491,0
DA:1493,0
DA:1494,0
DA:1497,0
DA:1499,0
DA:1505,0
DA:1506,0
DA:1509,0
DA:1511,0
DA:1516,0
DA:1521,0
DA:1522,0
DA:1523,0
DA:1524,0
DA:1527,0
DA:1529,0
DA:1531,0
DA:1532,0
DA:1535,0
DA:1542,0
DA:1543,0
DA:1546,0
DA:1547,0
DA:1562,0
DA:1563,0
DA:1565,0
DA:1569,0
DA:1571,0
DA:1577,0
DA:1582,0
DA:1583,0
DA:1584,0
DA:1585,0
DA:1588,0
DA:1590,0
DA:1591,0
DA:1594,0
DA:1596,0
DA:1597,0
DA:1600,0
DA:1601,0
DA:1603,0
DA:1609,0
DA:1618,0
DA:1619,0
DA:1620,0
DA:1621,0
DA:1624,0
DA:1626,0
DA:1628,0
DA:1630,0
DA:1631,0
DA:1636,0
DA:1637,0
DA:1638,0
DA:1639,0
DA:1642,0
DA:1644,0
DA:1645,0
DA:1648,0
DA:1650,0
DA:1655,0
DA:1656,0
DA:1657,0
DA:1658,0
DA:1661,0
DA:1667,0
DA:1668,0
DA:1671,0
DA:1673,0
DA:1679,0
DA:1684,0
DA:1685,0
DA:1686,0
DA:1687,0
DA:1690,0
DA:1692,0
DA:1693,0
DA:1696,0
DA:1698,0
DA:1708,0
DA:1713,0
DA:1714,0
DA:1715,0
DA:1716,0
DA:1719,0
DA:1720,0
DA:1721,0
DA:1726,0
DA:1727,0
DA:1728,0
DA:1730,0
DA:1733,0
DA:1745,0
DA:1746,0
DA:1749,0
DA:1751,0
DA:1763,0
DA:1764,0
DA:1769,0
DA:1770,0
DA:1771,0
DA:1772,0
DA:1775,0
DA:1777,0
DA:1778,0
DA:1781,0
DA:1783,0
DA:1793,0
DA:1794,0
DA:1799,0
DA:1800,0
DA:1801,0
DA:1802,0
DA:1805,0
DA:1807,0
DA:1813,0
DA:1814,0
DA:1817,0
DA:1823,0
DA:1828,0
DA:1829,0
DA:1830,0
DA:1831,0
DA:1834,0
DA:1836,0
DA:1837,0
DA:1841,0
DA:1843,0
DA:1848,0
DA:1853,0
DA:1854,0
DA:1855,0
DA:1856,0
DA:1859,0
DA:1860,0
DA:1862,0
DA:1863,0
DA:1866,0
DA:1868,0
DA:1874,0
DA:1879,0
DA:1880,0
DA:1882,0
DA:1884,0
DA:1891,0
DA:1892,0
DA:1893,0
DA:1894,0
DA:1897,0
DA:1898,0
DA:1900,0
DA:1906,0
DA:1911,0
DA:1912,0
DA:1913,0
DA:1914,0
DA:1917,0
DA:1923,0
DA:1924,0
DA:1927,0
DA:1933,0
DA:1942,0
DA:1943,0
DA:1944,0
DA:1945,0
DA:1947,0
DA:1948,0
DA:1949,0
DA:1950,0
DA:1951,0
DA:1952,0
DA:1955,0
DA:1963,0
DA:1965,0
DA:1966,0
DA:1971,0
DA:1972,0
DA:1973,0
DA:1974,0
DA:1975,0
DA:1978,0
DA:1979,0
DA:1981,0
DA:1982,0
DA:1987,0
DA:1988,0
DA:1997,0
DA:2012,0
DA:2025,0
DA:2026,0
DA:2031,0
DA:2032,0
DA:2033,0
DA:2034,0
DA:2036,0
DA:2052,0
DA:2054,0
DA:2055,0
DA:2060,0
DA:2061,0
DA:2062,0
DA:2063,0
DA:2065,0
DA:2080,0
DA:2082,0
DA:2083,0
DA:2092,0
DA:2093,0
DA:2094,0
DA:2095,0
DA:2098,0
DA:2106,0
DA:2108,0
DA:2109,0
DA:2111,0
DA:2112,0
DA:2121,0
DA:2122,0
DA:2125,0
DA:2126,0
DA:2127,0
DA:2131,0
DA:2132,0
DA:2133,0
DA:2135,0
DA:2136,0
DA:2141,0
DA:2142,0
DA:2143,0
DA:2144,0
DA:2151,0
DA:2152,0
DA:2153,0
DA:2155,0
DA:2156,0
DA:2163,0
DA:2164,0
DA:2167,0
DA:2168,0
DA:2169,0
DA:2172,0
DA:2173,0
DA:2174,0
DA:2176,0
DA:2177,0
DA:2182,0
DA:2183,0
DA:2184,0
DA:2186,0
DA:2187,0
DA:2190,0
DA:2192,0
DA:2193,0
DA:2195,0
DA:2196,0
DA:2197,0
DA:2198,0
DA:2199,0
DA:2203,0
DA:2204,0
DA:2205,0
DA:2207,0
DA:2208,0
DA:2213,0
DA:2221,0
DA:2223,0
DA:2224,0
DA:2233,0
DA:2234,0
DA:2235,0
DA:2237,0
DA:2238,0
DA:2241,0
DA:2247,0
DA:2248,0
DA:2259,0
DA:2268,0
DA:2274,0
DA:2275,0
DA:2280,0
DA:2281,0
DA:2282,0
DA:2284,0
DA:2285,0
DA:2288,0
DA:2294,0
DA:2295,0
DA:2306,0
DA:2315,0
DA:2321,0
DA:2322,0
DA:2327,0
DA:2328,0
DA:2329,0
DA:2331,0
DA:2332,0
DA:2335,0
DA:2338,0
DA:2347,0
DA:2353,0
DA:2354,0
DA:2359,0
DA:2360,0
DA:2361,0
DA:2363,0
DA:2364,0
DA:2367,0
DA:2368,0
DA:2371,0
DA:2377,0
DA:2378,0
DA:2389,0
DA:2398,0
DA:2404,0
DA:2405,0
DA:2414,0
DA:2415,0
DA:2416,0
DA:2417,0
DA:2418,0
DA:2421,0
DA:2422,0
DA:2424,0
DA:2426,0
DA:2427,0
DA:2432,0
DA:2433,0
DA:2434,0
DA:2435,0
DA:2436,0
DA:2439,0
DA:2440,0
DA:2442,0
DA:2444,0
DA:2445,0
DA:2450,0
DA:2451,0
DA:2452,0
DA:2453,0
DA:2454,0
DA:2457,0
DA:2459,0
DA:2460,0
DA:2465,0
DA:2466,0
DA:2467,0
DA:2468,0
DA:2469,0
DA:2472,0
DA:2473,0
DA:2475,0
DA:2476,0
DA:2481,0
DA:2482,0
DA:2483,0
DA:2485,0
DA:2486,0
DA:2489,0
DA:2490,0
DA:2491,0
DA:2499,0
DA:2503,0
DA:2512,0
DA:2518,0
DA:2519,0
DA:2527,0
DA:2528,0
DA:2529,0
DA:2532,0
DA:2533,0
DA:2541,0
DA:2542,0
DA:2543,0
DA:2544,0
DA:2545,0
DA:2546,0
DA:2547,0
DA:2548,0
DA:2549,0
DA:2550,0
DA:2551,0
DA:2552,0
DA:2553,0
DA:2554,0
DA:2555,0
DA:2556,0
DA:2557,0
DA:2558,0
DA:2559,0
DA:2560,0
DA:2561,0
DA:2562,0
DA:2564,0
DA:2565,0
DA:2567,0
DA:2568,0
DA:2569,0
DA:2571,0
DA:2575,0
LF:933
LH:0
BRDA:28,0,0,0
BRDA:28,0,1,0
BRDA:29,1,0,0
BRDA:29,1,1,0
BRDA:33,2,0,0
BRDA:33,2,1,0
BRDA:34,3,0,0
BRDA:34,3,1,0
BRDA:55,4,0,0
BRDA:55,4,1,0
BRDA:72,5,0,0
BRDA:72,5,1,0
BRDA:102,6,0,0
BRDA:102,6,1,0
BRDA:127,7,0,0
BRDA:127,7,1,0
BRDA:208,8,0,0
BRDA:208,8,1,0
BRDA:210,9,0,0
BRDA:210,9,1,0
BRDA:215,10,0,0
BRDA:215,10,1,0
BRDA:226,11,0,0
BRDA:226,11,1,0
BRDA:228,12,0,0
BRDA:228,12,1,0
BRDA:233,13,0,0
BRDA:233,13,1,0
BRDA:233,14,0,0
BRDA:233,14,1,0
BRDA:246,15,0,0
BRDA:246,15,1,0
BRDA:252,16,0,0
BRDA:252,16,1,0
BRDA:258,17,0,0
BRDA:258,17,1,0
BRDA:329,18,0,0
BRDA:329,18,1,0
BRDA:369,19,0,0
BRDA:369,19,1,0
BRDA:369,20,0,0
BRDA:369,20,1,0
BRDA:414,21,0,0
BRDA:419,22,0,0
BRDA:419,22,1,0
BRDA:428,23,0,0
BRDA:428,23,1,0
BRDA:453,24,0,0
BRDA:453,24,1,0
BRDA:469,25,0,0
BRDA:469,25,1,0
BRDA:469,26,0,0
BRDA:469,26,1,0
BRDA:469,26,2,0
BRDA:487,27,0,0
BRDA:487,27,1,0
BRDA:499,28,0,0
BRDA:499,28,1,0
BRDA:520,29,0,0
BRDA:520,29,1,0
BRDA:520,30,0,0
BRDA:520,30,1,0
BRDA:520,30,2,0
BRDA:520,30,3,0
BRDA:528,31,0,0
BRDA:528,31,1,0
BRDA:536,32,0,0
BRDA:536,32,1,0
BRDA:551,33,0,0
BRDA:551,33,1,0
BRDA:564,34,0,0
BRDA:564,34,1,0
BRDA:565,35,0,0
BRDA:565,35,1,0
BRDA:566,36,0,0
BRDA:566,36,1,0
BRDA:568,37,0,0
BRDA:568,37,1,0
BRDA:589,38,0,0
BRDA:589,38,1,0
BRDA:589,39,0,0
BRDA:589,39,1,0
BRDA:622,40,0,0
BRDA:622,40,1,0
BRDA:635,41,0,0
BRDA:635,41,1,0
BRDA:643,42,0,0
BRDA:643,42,1,0
BRDA:643,43,0,0
BRDA:643,43,1,0
BRDA:651,44,0,0
BRDA:651,44,1,0
BRDA:661,45,0,0
BRDA:661,45,1,0
BRDA:671,46,0,0
BRDA:671,46,1,0
BRDA:680,47,0,0
BRDA:680,47,1,0
BRDA:717,48,0,0
BRDA:717,48,1,0
BRDA:735,49,0,0
BRDA:735,49,1,0
BRDA:750,50,0,0
BRDA:750,50,1,0
BRDA:763,51,0,0
BRDA:763,51,1,0
BRDA:771,52,0,0
BRDA:771,52,1,0
BRDA:771,53,0,0
BRDA:771,53,1,0
BRDA:781,54,0,0
BRDA:781,54,1,0
BRDA:797,55,0,0
BRDA:797,55,1,0
BRDA:810,56,0,0
BRDA:810,56,1,0
BRDA:861,57,0,0
BRDA:861,57,1,0
BRDA:861,58,0,0
BRDA:861,58,1,0
BRDA:872,59,0,0
BRDA:872,59,1,0
BRDA:884,60,0,0
BRDA:884,60,1,0
BRDA:886,61,0,0
BRDA:886,61,1,0
BRDA:894,62,0,0
BRDA:894,62,1,0
BRDA:896,63,0,0
BRDA:896,63,1,0
BRDA:904,64,0,0
BRDA:904,64,1,0
BRDA:905,65,0,0
BRDA:905,65,1,0
BRDA:906,66,0,0
BRDA:906,66,1,0
BRDA:926,67,0,0
BRDA:926,67,1,0
BRDA:926,68,0,0
BRDA:926,68,1,0
BRDA:936,69,0,0
BRDA:936,69,1,0
BRDA:938,70,0,0
BRDA:938,70,1,0
BRDA:945,71,0,0
BRDA:945,71,1,0
BRDA:965,72,0,0
BRDA:965,72,1,0
BRDA:967,73,0,0
BRDA:967,73,1,0
BRDA:974,74,0,0
BRDA:974,74,1,0
BRDA:998,75,0,0
BRDA:998,75,1,0
BRDA:1004,76,0,0
BRDA:1004,76,1,0
BRDA:1017,77,0,0
BRDA:1017,77,1,0
BRDA:1027,78,0,0
BRDA:1027,78,1,0
BRDA:1044,79,0,0
BRDA:1044,79,1,0
BRDA:1053,80,0,0
BRDA:1053,80,1,0
BRDA:1053,81,0,0
BRDA:1053,81,1,0
BRDA:1074,82,0,0
BRDA:1074,82,1,0
BRDA:1097,83,0,0
BRDA:1097,83,1,0
BRDA:1103,84,0,0
BRDA:1103,84,1,0
BRDA:1103,85,0,0
BRDA:1103,85,1,0
BRDA:1123,86,0,0
BRDA:1123,86,1,0
BRDA:1162,87,0,0
BRDA:1162,87,1,0
BRDA:1170,88,0,0
BRDA:1170,88,1,0
BRDA:1200,89,0,0
BRDA:1200,89,1,0
BRDA:1212,90,0,0
BRDA:1212,90,1,0
BRDA:1234,91,0,0
BRDA:1234,91,1,0
BRDA:1242,92,0,0
BRDA:1242,92,1,0
BRDA:1270,93,0,0
BRDA:1270,93,1,0
BRDA:1276,94,0,0
BRDA:1276,94,1,0
BRDA:1276,95,0,0
BRDA:1276,95,1,0
BRDA:1276,95,2,0
BRDA:1276,95,3,0
BRDA:1285,96,0,0
BRDA:1285,96,1,0
BRDA:1296,97,0,0
BRDA:1296,97,1,0
BRDA:1298,98,0,0
BRDA:1298,98,1,0
BRDA:1299,99,0,0
BRDA:1299,99,1,0
BRDA:1323,100,0,0
BRDA:1323,100,1,0
BRDA:1329,101,0,0
BRDA:1329,101,1,0
BRDA:1335,102,0,0
BRDA:1335,102,1,0
BRDA:1363,103,0,0
BRDA:1363,103,1,0
BRDA:1381,104,0,0
BRDA:1381,104,1,0
BRDA:1398,105,0,0
BRDA:1398,105,1,0
BRDA:1398,106,0,0
BRDA:1398,106,1,0
BRDA:1404,107,0,0
BRDA:1404,107,1,0
BRDA:1409,108,0,0
BRDA:1409,108,1,0
BRDA:1415,109,0,0
BRDA:1415,109,1,0
BRDA:1421,110,0,0
BRDA:1421,110,1,0
BRDA:1441,111,0,0
BRDA:1441,111,1,0
BRDA:1447,112,0,0
BRDA:1447,112,1,0
BRDA:1447,113,0,0
BRDA:1447,113,1,0
BRDA:1447,113,2,0
BRDA:1453,114,0,0
BRDA:1453,114,1,0
BRDA:1453,115,0,0
BRDA:1453,115,1,0
BRDA:1465,116,0,0
BRDA:1465,116,1,0
BRDA:1487,117,0,0
BRDA:1487,117,1,0
BRDA:1493,118,0,0
BRDA:1493,118,1,0
BRDA:1505,119,0,0
BRDA:1505,119,1,0
BRDA:1523,120,0,0
BRDA:1523,120,1,0
BRDA:1531,121,0,0
BRDA:1531,121,1,0
BRDA:1536,122,0,0
BRDA:1536,122,1,0
BRDA:1537,123,0,0
BRDA:1537,123,1,0
BRDA:1539,124,0,0
BRDA:1539,124,1,0
BRDA:1584,125,0,0
BRDA:1584,125,1,0
BRDA:1590,126,0,0
BRDA:1590,126,1,0
BRDA:1596,127,0,0
BRDA:1596,127,1,0
BRDA:1596,128,0,0
BRDA:1596,128,1,0
BRDA:1620,129,0,0
BRDA:1620,129,1,0
BRDA:1638,130,0,0
BRDA:1638,130,1,0
BRDA:1644,131,0,0
BRDA:1644,131,1,0
BRDA:1657,132,0,0
BRDA:1657,132,1,0
BRDA:1667,133,0,0
BRDA:1667,133,1,0
BRDA:1686,134,0,0
BRDA:1686,134,1,0
BRDA:1692,135,0,0
BRDA:1692,135,1,0
BRDA:1715,136,0,0
BRDA:1715,136,1,0
BRDA:1720,137,0,0
BRDA:1720,137,1,0
BRDA:1745,138,0,0
BRDA:1745,138,1,0
BRDA:1771,139,0,0
BRDA:1771,139,1,0
BRDA:1777,140,0,0
BRDA:1777,140,1,0
BRDA:1801,141,0,0
BRDA:1801,141,1,0
BRDA:1813,142,0,0
BRDA:1813,142,1,0
BRDA:1830,143,0,0
BRDA:1830,143,1,0
BRDA:1836,144,0,0
BRDA:1836,144,1,0
BRDA:1855,145,0,0
BRDA:1855,145,1,0
BRDA:1862,146,0,0
BRDA:1862,146,1,0
BRDA:1893,147,0,0
BRDA:1893,147,1,0
BRDA:1913,148,0,0
BRDA:1913,148,1,0
BRDA:1923,149,0,0
BRDA:1923,149,1,0
BRDA:1944,150,0,0
BRDA:1947,151,0,0
BRDA:1947,151,1,0
BRDA:1948,152,0,0
BRDA:1948,152,1,0
BRDA:1949,153,0,0
BRDA:1949,153,1,0
BRDA:1949,154,0,0
BRDA:1949,154,1,0
BRDA:1951,155,0,0
BRDA:1951,155,1,0
BRDA:1952,156,0,0
BRDA:1952,156,1,0
BRDA:1974,157,0,0
BRDA:1974,157,1,0
BRDA:2019,158,0,0
BRDA:2019,158,1,0
BRDA:2033,159,0,0
BRDA:2033,159,1,0
BRDA:2062,160,0,0
BRDA:2062,160,1,0
BRDA:2094,161,0,0
BRDA:2094,161,1,0
BRDA:2103,162,0,0
BRDA:2103,162,1,0
BRDA:2106,163,0,0
BRDA:2106,163,1,0
BRDA:2113,164,0,0
BRDA:2113,164,1,0
BRDA:2114,165,0,0
BRDA:2114,165,1,0
BRDA:2115,166,0,0
BRDA:2115,166,1,0
BRDA:2116,167,0,0
BRDA:2116,167,1,0
BRDA:2117,168,0,0
BRDA:2117,168,1,0
BRDA:2118,169,0,0
BRDA:2118,169,1,0
BRDA:2119,170,0,0
BRDA:2119,170,1,0
BRDA:2120,171,0,0
BRDA:2120,171,1,0
BRDA:2143,172,0,0
BRDA:2143,172,1,0
BRDA:2151,173,0,0
BRDA:2151,173,1,0
BRDA:2158,174,0,0
BRDA:2158,174,1,0
BRDA:2159,175,0,0
BRDA:2159,175,1,0
BRDA:2160,176,0,0
BRDA:2160,176,1,0
BRDA:2161,177,0,0
BRDA:2161,177,1,0
BRDA:2161,177,2,0
BRDA:2162,178,0,0
BRDA:2162,178,1,0
BRDA:2186,179,0,0
BRDA:2186,179,1,0
BRDA:2196,180,0,0
BRDA:2196,180,1,0
BRDA:2218,181,0,0
BRDA:2218,181,1,0
BRDA:2237,182,0,0
BRDA:2237,182,1,0
BRDA:2237,183,0,0
BRDA:2237,183,1,0
BRDA:2265,184,0,0
BRDA:2265,184,1,0
BRDA:2284,185,0,0
BRDA:2284,185,1,0
BRDA:2284,186,0,0
BRDA:2284,186,1,0
BRDA:2312,187,0,0
BRDA:2312,187,1,0
BRDA:2331,188,0,0
BRDA:2331,188,1,0
BRDA:2331,189,0,0
BRDA:2331,189,1,0
BRDA:2344,190,0,0
BRDA:2344,190,1,0
BRDA:2363,191,0,0
BRDA:2363,191,1,0
BRDA:2363,192,0,0
BRDA:2363,192,1,0
BRDA:2367,193,0,0
BRDA:2367,193,1,0
BRDA:2395,194,0,0
BRDA:2395,194,1,0
BRDA:2417,195,0,0
BRDA:2417,195,1,0
BRDA:2435,196,0,0
BRDA:2435,196,1,0
BRDA:2453,197,0,0
BRDA:2453,197,1,0
BRDA:2468,198,0,0
BRDA:2468,198,1,0
BRDA:2485,199,0,0
BRDA:2485,199,1,0
BRDA:2485,200,0,0
BRDA:2485,200,1,0
BRDA:2494,201,0,0
BRDA:2494,201,1,0
BRDA:2497,202,0,0
BRDA:2497,202,1,0
BRDA:2509,203,0,0
BRDA:2509,203,1,0
BRDA:2551,204,0,0
BRDA:2551,204,1,0
BRDA:2564,205,0,0
BRDA:2564,205,1,0
BRF:417
BRH:0
end_of_record
TN:
SF:server/config/database.js
FN:9,(anonymous_0)
FN:28,(anonymous_1)
FNF:2
FNH:0
FNDA:0,(anonymous_0)
FNDA:0,(anonymous_1)
DA:6,0
DA:7,0
DA:9,0
DA:10,0
DA:11,0
DA:13,0
DA:20,0
DA:21,0
DA:23,0
DA:24,0
DA:28,0
DA:29,0
DA:30,0
DA:31,0
DA:33,0
DA:34,0
DA:38,0
LF:17
LH:0
BRDA:11,0,0,0
BRDA:11,0,1,0
BRF:2
BRH:0
end_of_record
TN:
SF:server/middleware/activityLogger.js
FN:11,(anonymous_0)
FN:22,(anonymous_1)
FN:23,(anonymous_2)
FN:28,(anonymous_3)
FN:31,(anonymous_4)
FN:82,(anonymous_5)
FNF:6
FNH:0
FNDA:0,(anonymous_0)
FNDA:0,(anonymous_1)
FNDA:0,(anonymous_2)
FNDA:0,(anonymous_3)
FNDA:0,(anonymous_4)
FNDA:0,(anonymous_5)
DA:6,0
DA:11,0
DA:12,0
DA:22,0
DA:23,0
DA:25,0
DA:28,0
DA:30,0
DA:31,0
DA:32,0
DA:33,0
DA:42,0
DA:43,0
DA:44,0
DA:45,0
DA:46,0
DA:47,0
DA:49,0
DA:53,0
DA:54,0
DA:58,0
DA:64,0
DA:66,0
DA:72,0
DA:75,0
DA:82,0
DA:83,0
DA:84,0
DA:86,0
DA:87,0
DA:91,0
LF:31
LH:0
BRDA:12,0,0,0
BRDA:12,0,1,0
BRDA:12,0,2,0
BRDA:12,0,3,0
BRDA:12,0,4,0
BRDA:30,1,0,0
BRDA:30,1,1,0
BRDA:30,2,0,0
BRDA:30,2,1,0
BRDA:35,3,0,0
BRDA:35,3,1,0
BRDA:42,4,0,0
BRDA:42,4,1,0
BRDA:43,5,0,0
BRDA:43,5,1,0
BRDA:45,6,0,0
BRDA:45,6,1,0
BRDA:46,7,0,0
BRDA:46,7,1,0
BRDA:53,8,0,0
BRDA:53,8,1,0
BRDA:53,9,0,0
BRDA:53,9,1,0
BRDA:54,10,0,0
BRDA:54,10,1,0
BRDA:61,11,0,0
BRDA:61,11,1,0
BRF:27
BRH:0
end_of_record
TN:
SF:server/middleware/securityMiddleware.js
FN:8,(anonymous_0)
FN:61,(anonymous_1)
FN:71,(anonymous_2)
FN:82,(anonymous_3)
FN:96,(anonymous_4)
FN:97,(anonymous_5)
FN:100,(anonymous_6)
FN:113,(anonymous_7)
FN:125,(anonymous_8)
FN:126,(anonymous_9)
FN:177,(anonymous_10)
FN:178,(anonymous_11)
FN:203,(anonymous_12)
FN:204,(anonymous_13)
FN:222,(anonymous_14)
FN:223,(anonymous_15)
FN:236,(anonymous_16)
FN:251,(anonymous_17)
FN:252,(anonymous_18)
FN:277,(anonymous_19)
FN:278,(anonymous_20)
FNF:21
FNH:0
FNDA:0,(anonymous_0)
FNDA:0,(anonymous_1)
FNDA:0,(anonymous_2)
FNDA:0,(anonymous_3)
FNDA:0,(anonymous_4)
FNDA:0,(anonymous_5)
FNDA:0,(anonymous_6)
FNDA:0,(anonymous_7)
FNDA:0,(anonymous_8)
FNDA:0,(anonymous_9)
FNDA:0,(anonymous_10)
FNDA:0,(anonymous_11)
FNDA:0,(anonymous_12)
FNDA:0,(anonymous_13)
FNDA:0,(anonymous_14)
FNDA:0,(anonymous_15)
FNDA:0,(anonymous_16)
FNDA:0,(anonymous_17)
FNDA:0,(anonymous_18)
FNDA:0,(anonymous_19)
FNDA:0,(anonymous_20)
DA:1,0
DA:2,0
DA:3,0
DA:9,0
DA:11,0
DA:13,0
DA:36,0
DA:62,0
DA:72,0
DA:73,0
DA:83,0
DA:97,0
DA:99,0
DA:100,0
DA:101,0
DA:103,0
DA:106,0
DA:112,0
DA:113,0
DA:114,0
DA:115,0
DA:120,0
DA:126,0
DA:127,0
DA:128,0
DA:131,0
DA:132,0
DA:136,0
DA:137,0
DA:141,0
DA:142,0
DA:146,0
DA:147,0
DA:151,0
DA:152,0
DA:155,0
DA:161,0
DA:164,0
DA:165,0
DA:172,0
DA:178,0
DA:179,0
DA:180,0
DA:182,0
DA:183,0
DA:186,0
DA:187,0
DA:190,0
DA:191,0
DA:198,0
DA:204,0
DA:206,0
DA:217,0
DA:223,0
DA:225,0
DA:234,0
DA:236,0
DA:237,0
DA:238,0
DA:239,0
DA:240,0
DA:241,0
DA:242,0
DA:246,0
DA:252,0
DA:254,0
DA:255,0
DA:262,0
DA:263,0
DA:265,0
DA:266,0
DA:272,0
DA:278,0
DA:279,0
DA:281,0
DA:282,0
DA:288,0
DA:293,0
LF:78
LH:0
BRDA:9,0,0,0
BRDA:9,0,1,0
BRDA:11,1,0,0
BRDA:11,1,1,0
BRDA:99,2,0,0
BRDA:99,2,1,0
BRDA:101,3,0,0
BRDA:101,3,1,0
BRDA:112,4,0,0
BRDA:112,4,1,0
BRDA:114,5,0,0
BRDA:114,5,1,0
BRDA:131,6,0,0
BRDA:131,6,1,0
BRDA:131,7,0,0
BRDA:131,7,1,0
BRDA:136,8,0,0
BRDA:136,8,1,0
BRDA:136,9,0,0
BRDA:136,9,1,0
BRDA:141,10,0,0
BRDA:141,10,1,0
BRDA:141,11,0,0
BRDA:141,11,1,0
BRDA:146,12,0,0
BRDA:146,12,1,0
BRDA:146,13,0,0
BRDA:146,13,1,0
BRDA:151,14,0,0
BRDA:151,14,1,0
BRDA:151,15,0,0
BRDA:151,15,1,0
BRDA:155,16,0,0
BRDA:155,16,1,0
BRDA:155,17,0,0
BRDA:155,17,1,0
BRDA:164,18,0,0
BRDA:164,18,1,0
BRDA:182,19,0,0
BRDA:182,19,1,0
BRDA:182,20,0,0
BRDA:182,20,1,0
BRDA:186,21,0,0
BRDA:186,21,1,0
BRDA:186,22,0,0
BRDA:186,22,1,0
BRDA:190,23,0,0
BRDA:190,23,1,0
BRDA:237,24,0,0
BRDA:237,24,1,0
BRDA:254,25,0,0
BRDA:254,25,1,0
BRDA:254,26,0,0
BRDA:254,26,1,0
BRDA:263,27,0,0
BRDA:263,27,1,0
BRDA:265,28,0,0
BRDA:265,28,1,0
BRDA:281,29,0,0
BRDA:281,29,1,0
BRF:60
BRH:0
end_of_record
TN:
SF:server/models/ActivityLog.js
FN:86,(anonymous_0)
FN:99,(anonymous_1)
FN:108,(anonymous_2)
FN:117,(anonymous_3)
FNF:4
FNH:0
FNDA:0,(anonymous_0)
FNDA:0,(anonymous_1)
FNDA:0,(anonymous_2)
FNDA:0,(anonymous_3)
DA:6,0
DA:8,0
DA:80,0
DA:81,0
DA:82,0
DA:83,0
DA:86,0
DA:87,0
DA:88,0
DA:89,0
DA:90,0
DA:91,0
DA:93,0
DA:94,0
DA:99,0
DA:100,0
DA:108,0
DA:109,0
DA:117,0
DA:118,0
DA:127,0
LF:21
LH:0
BRDA:99,0,0,0
BRDA:108,1,0,0
BRDA:117,2,0,0
BRF:3
BRH:0
end_of_record
TN:
SF:server/models/Admin.js
FN:85,(anonymous_0)
FN:98,(anonymous_1)
FN:103,(anonymous_2)
FN:108,(anonymous_3)
FN:143,(anonymous_4)
FNF:5
FNH:0
FNDA:0,(anonymous_0)
FNDA:0,(anonymous_1)
FNDA:0,(anonymous_2)
FNDA:0,(anonymous_3)
FNDA:0,(anonymous_4)
DA:6,0
DA:7,0
DA:9,0
DA:85,0
DA:86,0
DA:88,0
DA:89,0
DA:90,0
DA:91,0
DA:93,0
DA:98,0
DA:99,0
DA:103,0
DA:104,0
DA:108,0
DA:109,0
DA:111,0
DA:138,0
DA:139,0
DA:143,0
DA:144,0
DA:145,0
DA:146,0
DA:147,0
DA:148,0
DA:151,0
LF:26
LH:0
BRDA:86,0,0,0
BRDA:86,0,1,0
BRDA:109,1,0,0
BRDA:109,1,1,0
BRDA:138,2,0,0
BRDA:138,2,1,0
BRF:6
BRH:0
end_of_record
TN:
SF:server/models/Notification.js
FN:77,(anonymous_0)
FN:90,(anonymous_1)
FN:95,(anonymous_2)
FN:104,(anonymous_3)
FN:112,(anonymous_4)
FNF:5
FNH:0
FNDA:0,(anonymous_0)
FNDA:0,(anonymous_1)
FNDA:0,(anonymous_2)
FNDA:0,(anonymous_3)
FNDA:0,(anonymous_4)
DA:6,0
DA:8,0
DA:73,0
DA:74,0
DA:77,0
DA:78,0
DA:79,0
DA:80,0
DA:81,0
DA:82,0
DA:84,0
DA:85,0
DA:90,0
DA:91,0
DA:95,0
DA:96,0
DA:104,0
DA:105,0
DA:112,0
DA:113,0
DA:120,0
DA:122,0
LF:22
LH:0
BRDA:112,0,0,0
BRF:1
BRH:0
end_of_record
TN:
SF:server/models/Procedure.js
FNF:0
FNH:0
DA:6,0
DA:8,0
DA:49,0
LF:3
LH:0
BRF:0
BRH:0
end_of_record
TN:
SF:server/models/User.js
FN:161,(anonymous_0)
FN:174,(anonymous_1)
FN:179,(anonymous_2)
FNF:3
FNH:0
FNDA:0,(anonymous_0)
FNDA:0,(anonymous_1)
FNDA:0,(anonymous_2)
DA:6,0
DA:7,0
DA:9,0
DA:161,0
DA:162,0
DA:164,0
DA:165,0
DA:166,0
DA:167,0
DA:169,0
DA:174,0
DA:175,0
DA:179,0
DA:180,0
DA:181,0
DA:182,0
DA:183,0
DA:184,0
DA:185,0
DA:188,0
LF:20
LH:0
BRDA:162,0,0,0
BRDA:162,0,1,0
BRF:2
BRH:0
end_of_record
TN:
SF:server/services/emailService.js
FN:5,(anonymous_0)
FN:11,(anonymous_1)
FN:46,(anonymous_2)
FN:53,(anonymous_3)
FN:60,(anonymous_4)
FN:67,(anonymous_5)
FN:102,(anonymous_6)
FN:143,(anonymous_7)
FN:184,(anonymous_8)
FNF:9
FNH:0
FNDA:0,(anonymous_0)
FNDA:0,(anonymous_1)
FNDA:0,(anonymous_2)
FNDA:0,(anonymous_3)
FNDA:0,(anonymous_4)
FNDA:0,(anonymous_5)
FNDA:0,(anonymous_6)
FNDA:0,(anonymous_7)
FNDA:0,(anonymous_8)
DA:1,0
DA:2,0
DA:6,0
DA:7,0
DA:8,0
DA:12,0
DA:13,0
DA:14,0
DA:17,0
DA:19,0
DA:33,0
DA:34,0
DA:35,0
DA:37,0
DA:40,0
DA:41,0
DA:42,0
DA:47,0
DA:48,0
DA:50,0
DA:54,0
DA:55,0
DA:57,0
DA:61,0
DA:62,0
DA:64,0
DA:69,0
DA:70,0
DA:71,0
DA:72,0
DA:73,0
DA:74,0
DA:75,0
DA:78,0
DA:79,0
DA:86,0
DA:87,0
DA:89,0
DA:92,0
DA:93,0
DA:94,0
DA:95,0
DA:96,0
DA:98,0
DA:103,0
DA:144,0
DA:185,0
DA:226,0
LF:48
LH:0
BRDA:12,0,0,0
BRDA:12,0,1,0
BRDA:20,1,0,0
BRDA:20,1,1,0
BRDA:21,2,0,0
BRDA:21,2,1,0
BRDA:33,3,0,0
BRDA:33,3,1,0
BRDA:33,4,0,0
BRDA:33,4,1,0
BRDA:69,5,0,0
BRDA:69,5,1,0
BRDA:69,6,0,0
BRDA:69,6,1,0
BRDA:69,6,2,0
BRDA:80,7,0,0
BRDA:80,7,1,0
BRF:17
BRH:0
end_of_record
TN:
SF:server/services/fileUploadService.js
FN:7,(anonymous_0)
FN:17,(anonymous_1)
FN:22,(anonymous_2)
FN:29,(anonymous_3)
FN:70,(anonymous_4)
FN:73,(anonymous_5)
FN:82,(anonymous_6)
FN:87,(anonymous_7)
FN:92,(anonymous_8)
FN:116,(anonymous_9)
FN:121,(anonymous_10)
FN:138,(anonymous_11)
FN:158,(anonymous_12)
FN:178,(anonymous_13)
FN:215,(anonymous_14)
FN:226,(anonymous_15)
FN:231,(anonymous_16)
FNF:17
FNH:0
FNDA:0,(anonymous_0)
FNDA:0,(anonymous_1)
FNDA:0,(anonymous_2)
FNDA:0,(anonymous_3)
FNDA:0,(anonymous_4)
FNDA:0,(anonymous_5)
FNDA:0,(anonymous_6)
FNDA:0,(anonymous_7)
FNDA:0,(anonymous_8)
FNDA:0,(anonymous_9)
FNDA:0,(anonymous_10)
FNDA:0,(anonymous_11)
FNDA:0,(anonymous_12)
FNDA:0,(anonymous_13)
FNDA:0,(anonymous_14)
FNDA:0,(anonymous_15)
FNDA:0,(anonymous_16)
DA:1,0
DA:2,0
DA:3,0
DA:4,0
DA:8,0
DA:9,0
DA:10,0
DA:13,0
DA:16,0
DA:18,0
DA:19,0
DA:20,0
DA:23,0
DA:24,0
DA:29,0
DA:30,0
DA:32,0
DA:34,0
DA:35,0
DA:37,0
DA:41,0
DA:51,0
DA:52,0
DA:54,0
DA:60,0
DA:71,0
DA:73,0
DA:74,0
DA:75,0
DA:76,0
DA:83,0
DA:88,0
DA:93,0
DA:94,0
DA:97,0
DA:109,0
DA:111,0
DA:112,0
DA:117,0
DA:118,0
DA:121,0
DA:133,0
DA:134,0
DA:139,0
DA:140,0
DA:141,0
DA:143,0
DA:144,0
DA:145,0
DA:146,0
DA:148,0
DA:149,0
DA:152,0
DA:153,0
DA:159,0
DA:160,0
DA:162,0
DA:163,0
DA:164,0
DA:174,0
DA:179,0
DA:180,0
DA:182,0
DA:187,0
DA:189,0
DA:190,0
DA:191,0
DA:193,0
DA:194,0
DA:195,0
DA:197,0
DA:198,0
DA:199,0
DA:200,0
DA:201,0
DA:203,0
DA:210,0
DA:211,0
DA:216,0
DA:221,0
DA:226,0
DA:227,0
DA:228,0
DA:229,0
DA:231,0
DA:232,0
DA:233,0
DA:234,0
DA:239,0
DA:243,0
LF:90
LH:0
BRDA:18,0,0,0
BRDA:18,0,1,0
BRDA:19,1,0,0
BRDA:19,1,1,0
BRDA:30,2,0,0
BRDA:30,2,1,0
BRDA:32,3,0,0
BRDA:32,3,1,0
BRDA:34,4,0,0
BRDA:34,4,1,0
BRDA:51,5,0,0
BRDA:51,5,1,0
BRDA:74,6,0,0
BRDA:74,6,1,0
BRDA:87,7,0,0
BRDA:93,8,0,0
BRDA:93,8,1,0
BRDA:117,9,0,0
BRDA:117,9,1,0
BRDA:117,10,0,0
BRDA:117,10,1,0
BRDA:138,11,0,0
BRDA:140,12,0,0
BRDA:140,12,1,0
BRDA:143,13,0,0
BRDA:143,13,1,0
BRDA:158,14,0,0
BRDA:159,15,0,0
BRDA:159,15,1,0
BRDA:162,16,0,0
BRDA:162,16,1,0
BRDA:170,17,0,0
BRDA:170,17,1,0
BRDA:178,18,0,0
BRDA:190,19,0,0
BRDA:190,19,1,0
BRDA:197,20,0,0
BRDA:197,20,1,0
BRDA:227,21,0,0
BRDA:227,21,1,0
BRF:40
BRH:0
end_of_record
TN:
SF:server/services/smsService.js
FN:4,(anonymous_0)
FN:11,(anonymous_1)
FN:37,(anonymous_2)
FN:43,(anonymous_3)
FN:49,(anonymous_4)
FN:55,(anonymous_5)
FN:87,(anonymous_6)
FN:104,(anonymous_7)
FNF:8
FNH:0
FNDA:0,(anonymous_0)
FNDA:0,(anonymous_1)
FNDA:0,(anonymous_2)
FNDA:0,(anonymous_3)
FNDA:0,(anonymous_4)
FNDA:0,(anonymous_5)
FNDA:0,(anonymous_6)
FNDA:0,(anonymous_7)
DA:1,0
DA:5,0
DA:6,0
DA:7,0
DA:8,0
DA:12,0
DA:13,0
DA:14,0
DA:17,0
DA:18,0
DA:20,0
DA:21,0
DA:22,0
DA:25,0
DA:27,0
DA:28,0
DA:29,0
DA:31,0
DA:32,0
DA:33,0
DA:38,0
DA:40,0
DA:44,0
DA:46,0
DA:50,0
DA:52,0
DA:57,0
DA:58,0
DA:59,0
DA:60,0
DA:61,0
DA:62,0
DA:65,0
DA:66,0
DA:72,0
DA:73,0
DA:75,0
DA:78,0
DA:79,0
DA:80,0
DA:81,0
DA:83,0
DA:89,0
DA:92,0
DA:93,0
DA:97,0
DA:98,0
DA:101,0
DA:105,0
DA:106,0
DA:110,0
LF:51
LH:0
BRDA:12,0,0,0
BRDA:12,0,1,0
BRDA:20,1,0,0
BRDA:20,1,1,0
BRDA:20,2,0,0
BRDA:20,2,1,0
BRDA:20,2,2,0
BRDA:57,3,0,0
BRDA:57,3,1,0
BRDA:57,4,0,0
BRDA:57,4,1,0
BRDA:57,4,2,0
BRDA:92,5,0,0
BRDA:92,5,1,0
BRDA:97,6,0,0
BRDA:97,6,1,0
BRDA:106,7,0,0
BRDA:106,7,1,0
BRF:18
BRH:0
end_of_record
